{"/home/daisycutter/github/nlesc/spot/src/colors.js":{"path":"/home/daisycutter/github/nlesc/spot/src/colors.js","s":{"1":1,"2":1,"3":1,"4":1,"5":2001,"6":2001,"7":1988,"8":13,"9":0},"b":{"1":[1988,13],"2":[2001,2001]},"f":{"1":2001,"2":0},"fnMap":{"1":{"name":"getColor","line":21,"loc":{"start":{"line":21,"column":12},"end":{"line":21,"column":34}}},"2":{"name":"(anonymous_2)","line":35,"loc":{"start":{"line":35,"column":17},"end":{"line":35,"column":30}}}},"statementMap":{"1":{"start":{"line":8,"column":0},"end":{"line":8,"column":34}},"2":{"start":{"line":10,"column":0},"end":{"line":10,"column":146}},"3":{"start":{"line":13,"column":0},"end":{"line":13,"column":37}},"4":{"start":{"line":15,"column":0},"end":{"line":43,"column":2}},"5":{"start":{"line":22,"column":4},"end":{"line":22,"column":20}},"6":{"start":{"line":23,"column":4},"end":{"line":28,"column":5}},"7":{"start":{"line":25,"column":6},"end":{"line":25,"column":60}},"8":{"start":{"line":27,"column":6},"end":{"line":27,"column":31}},"9":{"start":{"line":36,"column":4},"end":{"line":36,"column":20}}},"branchMap":{"1":{"line":23,"type":"if","locations":[{"start":{"line":23,"column":4},"end":{"line":23,"column":4}},{"start":{"line":23,"column":4},"end":{"line":23,"column":4}}]},"2":{"line":23,"type":"binary-expr","locations":[{"start":{"line":23,"column":8},"end":{"line":23,"column":13}},{"start":{"line":23,"column":17},"end":{"line":23,"column":35}}]}}},"/home/daisycutter/github/nlesc/spot/src/widgets/widget-factory.js":{"path":"/home/daisycutter/github/nlesc/spot/src/widgets/widget-factory.js","s":{"1":1,"2":1,"3":1,"4":1,"5":1,"6":1,"7":1,"8":1,"9":1,"10":1,"11":1,"12":1},"b":{},"f":{"1":1},"fnMap":{"1":{"name":"newModel","line":62,"loc":{"start":{"line":62,"column":26},"end":{"line":62,"column":61}}}},"statementMap":{"1":{"start":{"line":1,"column":0},"end":{"line":1,"column":49}},"2":{"start":{"line":2,"column":0},"end":{"line":2,"column":48}},"3":{"start":{"line":4,"column":0},"end":{"line":9,"column":3}},"4":{"start":{"line":11,"column":0},"end":{"line":14,"column":3}},"5":{"start":{"line":20,"column":0},"end":{"line":54,"column":3}},"6":{"start":{"line":62,"column":0},"end":{"line":70,"column":2}},"7":{"start":{"line":63,"column":2},"end":{"line":63,"column":12}},"8":{"start":{"line":64,"column":2},"end":{"line":64,"column":58}},"9":{"start":{"line":65,"column":2},"end":{"line":65,"column":35}},"10":{"start":{"line":66,"column":2},"end":{"line":66,"column":42}},"11":{"start":{"line":67,"column":2},"end":{"line":67,"column":36}},"12":{"start":{"line":69,"column":2},"end":{"line":69,"column":15}}},"branchMap":{}},"/home/daisycutter/github/nlesc/spot/src/widgets/models/piechart.js":{"path":"/home/daisycutter/github/nlesc/spot/src/widgets/models/piechart.js","s":{"1":1,"2":1,"3":0,"4":0},"b":{},"f":{"1":0,"2":0},"fnMap":{"1":{"name":"(anonymous_1)","line":10,"loc":{"start":{"line":10,"column":14},"end":{"line":10,"column":26}}},"2":{"name":"(anonymous_2)","line":28,"loc":{"start":{"line":28,"column":17},"end":{"line":28,"column":29}}}},"statementMap":{"1":{"start":{"line":7,"column":0},"end":{"line":7,"column":40}},"2":{"start":{"line":9,"column":0},"end":{"line":45,"column":3}},"3":{"start":{"line":11,"column":4},"end":{"line":26,"column":7}},"4":{"start":{"line":29,"column":4},"end":{"line":43,"column":6}}},"branchMap":{}},"/home/daisycutter/github/nlesc/spot/src/widgets/models/base-chart.js":{"path":"/home/daisycutter/github/nlesc/spot/src/widgets/models/base-chart.js","s":{"1":1,"2":1,"3":1,"4":0,"5":0,"6":0,"7":0,"8":0,"9":0,"10":0,"11":0,"12":0,"13":0,"14":0,"15":1,"16":0,"17":0,"18":0,"19":0,"20":0,"21":0,"22":0,"23":0,"24":0,"25":0,"26":0,"27":0,"28":0,"29":0,"30":0},"b":{"1":[0,0],"2":[0,0],"3":[0,0],"4":[0,0],"5":[0,0],"6":[0,0],"7":[0,0]},"f":{"1":0,"2":0,"3":0,"4":0,"5":0,"6":0},"fnMap":{"1":{"name":"titleForChart","line":8,"loc":{"start":{"line":8,"column":0},"end":{"line":8,"column":31}}},"2":{"name":"(anonymous_2)","line":15,"loc":{"start":{"line":15,"column":23},"end":{"line":15,"column":44}}},"3":{"name":"(anonymous_3)","line":23,"loc":{"start":{"line":23,"column":21},"end":{"line":23,"column":42}}},"4":{"name":"(anonymous_4)","line":45,"loc":{"start":{"line":45,"column":12},"end":{"line":45,"column":24}}},"5":{"name":"(anonymous_5)","line":48,"loc":{"start":{"line":48,"column":23},"end":{"line":48,"column":35}}},"6":{"name":"(anonymous_6)","line":57,"loc":{"start":{"line":57,"column":23},"end":{"line":57,"column":39}}}},"statementMap":{"1":{"start":{"line":5,"column":0},"end":{"line":5,"column":48}},"2":{"start":{"line":6,"column":0},"end":{"line":6,"column":31}},"3":{"start":{"line":8,"column":0},"end":{"line":27,"column":1}},"4":{"start":{"line":9,"column":2},"end":{"line":9,"column":17}},"5":{"start":{"line":11,"column":2},"end":{"line":11,"column":43}},"6":{"start":{"line":12,"column":2},"end":{"line":18,"column":3}},"7":{"start":{"line":13,"column":4},"end":{"line":13,"column":20}},"8":{"start":{"line":15,"column":4},"end":{"line":17,"column":7}},"9":{"start":{"line":16,"column":6},"end":{"line":16,"column":62}},"10":{"start":{"line":20,"column":2},"end":{"line":20,"column":17}},"11":{"start":{"line":22,"column":2},"end":{"line":22,"column":43}},"12":{"start":{"line":23,"column":2},"end":{"line":25,"column":5}},"13":{"start":{"line":24,"column":4},"end":{"line":24,"column":39}},"14":{"start":{"line":26,"column":2},"end":{"line":26,"column":15}},"15":{"start":{"line":29,"column":0},"end":{"line":76,"column":3}},"16":{"start":{"line":46,"column":4},"end":{"line":46,"column":31}},"17":{"start":{"line":50,"column":4},"end":{"line":52,"column":5}},"18":{"start":{"line":51,"column":6},"end":{"line":51,"column":32}},"19":{"start":{"line":54,"column":4},"end":{"line":54,"column":26}},"20":{"start":{"line":57,"column":4},"end":{"line":72,"column":13}},"21":{"start":{"line":58,"column":6},"end":{"line":71,"column":7}},"22":{"start":{"line":59,"column":8},"end":{"line":70,"column":9}},"23":{"start":{"line":60,"column":10},"end":{"line":62,"column":11}},"24":{"start":{"line":61,"column":12},"end":{"line":61,"column":31}},"25":{"start":{"line":63,"column":15},"end":{"line":70,"column":9}},"26":{"start":{"line":64,"column":10},"end":{"line":66,"column":11}},"27":{"start":{"line":65,"column":12},"end":{"line":65,"column":31}},"28":{"start":{"line":68,"column":10},"end":{"line":68,"column":40}},"29":{"start":{"line":69,"column":10},"end":{"line":69,"column":29}},"30":{"start":{"line":74,"column":4},"end":{"line":74,"column":35}}},"branchMap":{"1":{"line":12,"type":"if","locations":[{"start":{"line":12,"column":2},"end":{"line":12,"column":2}},{"start":{"line":12,"column":2},"end":{"line":12,"column":2}}]},"2":{"line":50,"type":"if","locations":[{"start":{"line":50,"column":4},"end":{"line":50,"column":4}},{"start":{"line":50,"column":4},"end":{"line":50,"column":4}}]},"3":{"line":58,"type":"if","locations":[{"start":{"line":58,"column":6},"end":{"line":58,"column":6}},{"start":{"line":58,"column":6},"end":{"line":58,"column":6}}]},"4":{"line":59,"type":"if","locations":[{"start":{"line":59,"column":8},"end":{"line":59,"column":8}},{"start":{"line":59,"column":8},"end":{"line":59,"column":8}}]},"5":{"line":60,"type":"if","locations":[{"start":{"line":60,"column":10},"end":{"line":60,"column":10}},{"start":{"line":60,"column":10},"end":{"line":60,"column":10}}]},"6":{"line":63,"type":"if","locations":[{"start":{"line":63,"column":15},"end":{"line":63,"column":15}},{"start":{"line":63,"column":15},"end":{"line":63,"column":15}}]},"7":{"line":64,"type":"if","locations":[{"start":{"line":64,"column":10},"end":{"line":64,"column":10}},{"start":{"line":64,"column":10},"end":{"line":64,"column":10}}]}}},"/home/daisycutter/github/nlesc/spot/src/widgets/models/slots.js":{"path":"/home/daisycutter/github/nlesc/spot/src/widgets/models/slots.js","s":{"1":1,"2":1,"3":1},"b":{},"f":{},"fnMap":{},"statementMap":{"1":{"start":{"line":1,"column":0},"end":{"line":1,"column":49}},"2":{"start":{"line":2,"column":0},"end":{"line":2,"column":29}},"3":{"start":{"line":4,"column":0},"end":{"line":6,"column":3}}},"branchMap":{}},"/home/daisycutter/github/nlesc/spot/src/widgets/models/slot.js":{"path":"/home/daisycutter/github/nlesc/spot/src/widgets/models/slot.js","s":{"1":1,"2":1,"3":0},"b":{},"f":{"1":0},"fnMap":{"1":{"name":"(anonymous_1)","line":34,"loc":{"start":{"line":34,"column":15},"end":{"line":34,"column":27}}}},"statementMap":{"1":{"start":{"line":6,"column":0},"end":{"line":6,"column":48}},"2":{"start":{"line":8,"column":0},"end":{"line":41,"column":3}},"3":{"start":{"line":35,"column":8},"end":{"line":35,"column":18}}},"branchMap":{}},"/home/daisycutter/github/nlesc/spot/src/widgets/models/horizontalbarchart.js":{"path":"/home/daisycutter/github/nlesc/spot/src/widgets/models/horizontalbarchart.js","s":{"1":1,"2":1,"3":1,"4":0,"5":0,"6":0,"7":0},"b":{},"f":{"1":0,"2":0,"3":0,"4":0},"fnMap":{"1":{"name":"(anonymous_1)","line":11,"loc":{"start":{"line":11,"column":14},"end":{"line":11,"column":26}}},"2":{"name":"(anonymous_2)","line":43,"loc":{"start":{"line":43,"column":17},"end":{"line":43,"column":29}}},"3":{"name":"(anonymous_3)","line":66,"loc":{"start":{"line":66,"column":22},"end":{"line":66,"column":39}}},"4":{"name":"(anonymous_4)","line":83,"loc":{"start":{"line":83,"column":22},"end":{"line":83,"column":39}}}},"statementMap":{"1":{"start":{"line":7,"column":0},"end":{"line":7,"column":40}},"2":{"start":{"line":8,"column":0},"end":{"line":8,"column":40}},"3":{"start":{"line":10,"column":0},"end":{"line":94,"column":3}},"4":{"start":{"line":12,"column":4},"end":{"line":41,"column":7}},"5":{"start":{"line":44,"column":4},"end":{"line":92,"column":6}},"6":{"start":{"line":67,"column":16},"end":{"line":67,"column":54}},"7":{"start":{"line":84,"column":16},"end":{"line":84,"column":54}}},"branchMap":{}},"/home/daisycutter/github/nlesc/spot/src/widgets/models/barchart.js":{"path":"/home/daisycutter/github/nlesc/spot/src/widgets/models/barchart.js","s":{"1":1,"2":1,"3":1,"4":1,"5":0,"6":0,"7":0},"b":{},"f":{"1":1,"2":0,"3":0,"4":0},"fnMap":{"1":{"name":"(anonymous_1)","line":11,"loc":{"start":{"line":11,"column":14},"end":{"line":11,"column":26}}},"2":{"name":"(anonymous_2)","line":43,"loc":{"start":{"line":43,"column":17},"end":{"line":43,"column":29}}},"3":{"name":"(anonymous_3)","line":64,"loc":{"start":{"line":64,"column":22},"end":{"line":64,"column":39}}},"4":{"name":"(anonymous_4)","line":77,"loc":{"start":{"line":77,"column":22},"end":{"line":77,"column":39}}}},"statementMap":{"1":{"start":{"line":7,"column":0},"end":{"line":7,"column":40}},"2":{"start":{"line":8,"column":0},"end":{"line":8,"column":40}},"3":{"start":{"line":10,"column":0},"end":{"line":89,"column":3}},"4":{"start":{"line":12,"column":4},"end":{"line":41,"column":7}},"5":{"start":{"line":44,"column":4},"end":{"line":87,"column":6}},"6":{"start":{"line":65,"column":16},"end":{"line":65,"column":54}},"7":{"start":{"line":78,"column":16},"end":{"line":78,"column":54}}},"branchMap":{}},"/home/daisycutter/github/nlesc/spot/src/widgets/models/linechart.js":{"path":"/home/daisycutter/github/nlesc/spot/src/widgets/models/linechart.js","s":{"1":1,"2":1,"3":1,"4":0,"5":0,"6":0},"b":{},"f":{"1":0,"2":0,"3":0},"fnMap":{"1":{"name":"(anonymous_1)","line":10,"loc":{"start":{"line":10,"column":14},"end":{"line":10,"column":26}}},"2":{"name":"(anonymous_2)","line":56,"loc":{"start":{"line":56,"column":17},"end":{"line":56,"column":29}}},"3":{"name":"(anonymous_3)","line":76,"loc":{"start":{"line":76,"column":22},"end":{"line":76,"column":39}}}},"statementMap":{"1":{"start":{"line":6,"column":0},"end":{"line":6,"column":40}},"2":{"start":{"line":7,"column":0},"end":{"line":7,"column":40}},"3":{"start":{"line":9,"column":0},"end":{"line":103,"column":3}},"4":{"start":{"line":11,"column":4},"end":{"line":54,"column":7}},"5":{"start":{"line":57,"column":4},"end":{"line":101,"column":6}},"6":{"start":{"line":77,"column":16},"end":{"line":77,"column":54}}},"branchMap":{}},"/home/daisycutter/github/nlesc/spot/src/widgets/models/radarchart.js":{"path":"/home/daisycutter/github/nlesc/spot/src/widgets/models/radarchart.js","s":{"1":1,"2":1,"3":0,"4":0},"b":{},"f":{"1":0,"2":0},"fnMap":{"1":{"name":"(anonymous_1)","line":10,"loc":{"start":{"line":10,"column":14},"end":{"line":10,"column":26}}},"2":{"name":"(anonymous_2)","line":21,"loc":{"start":{"line":21,"column":17},"end":{"line":21,"column":29}}}},"statementMap":{"1":{"start":{"line":7,"column":0},"end":{"line":7,"column":40}},"2":{"start":{"line":9,"column":0},"end":{"line":38,"column":3}},"3":{"start":{"line":11,"column":4},"end":{"line":19,"column":7}},"4":{"start":{"line":22,"column":4},"end":{"line":36,"column":6}}},"branchMap":{}},"/home/daisycutter/github/nlesc/spot/src/widgets/models/bubbleplot.js":{"path":"/home/daisycutter/github/nlesc/spot/src/widgets/models/bubbleplot.js","s":{"1":1,"2":1,"3":1,"4":0,"5":0,"6":0,"7":0,"8":0,"9":0,"10":0,"11":0,"12":0,"13":1,"14":0,"15":0,"16":0,"17":0},"b":{"1":[0,0],"2":[0,0]},"f":{"1":0,"2":0,"3":0,"4":0,"5":0},"fnMap":{"1":{"name":"ttLabel","line":10,"loc":{"start":{"line":10,"column":0},"end":{"line":10,"column":33}}},"2":{"name":"(anonymous_2)","line":29,"loc":{"start":{"line":29,"column":14},"end":{"line":29,"column":26}}},"3":{"name":"(anonymous_3)","line":75,"loc":{"start":{"line":75,"column":17},"end":{"line":75,"column":29}}},"4":{"name":"(anonymous_4)","line":101,"loc":{"start":{"line":101,"column":22},"end":{"line":101,"column":39}}},"5":{"name":"(anonymous_5)","line":116,"loc":{"start":{"line":116,"column":22},"end":{"line":116,"column":39}}}},"statementMap":{"1":{"start":{"line":7,"column":0},"end":{"line":7,"column":40}},"2":{"start":{"line":8,"column":0},"end":{"line":8,"column":40}},"3":{"start":{"line":10,"column":0},"end":{"line":26,"column":1}},"4":{"start":{"line":11,"column":2},"end":{"line":11,"column":70}},"5":{"start":{"line":12,"column":2},"end":{"line":12,"column":39}},"6":{"start":{"line":14,"column":2},"end":{"line":17,"column":4}},"7":{"start":{"line":18,"column":2},"end":{"line":20,"column":3}},"8":{"start":{"line":19,"column":4},"end":{"line":19,"column":54}},"9":{"start":{"line":21,"column":2},"end":{"line":23,"column":3}},"10":{"start":{"line":22,"column":4},"end":{"line":22,"column":54}},"11":{"start":{"line":24,"column":2},"end":{"line":24,"column":55}},"12":{"start":{"line":25,"column":2},"end":{"line":25,"column":15}},"13":{"start":{"line":28,"column":0},"end":{"line":132,"column":3}},"14":{"start":{"line":30,"column":4},"end":{"line":73,"column":7}},"15":{"start":{"line":76,"column":4},"end":{"line":130,"column":6}},"16":{"start":{"line":102,"column":16},"end":{"line":102,"column":54}},"17":{"start":{"line":117,"column":16},"end":{"line":117,"column":54}}},"branchMap":{"1":{"line":18,"type":"if","locations":[{"start":{"line":18,"column":2},"end":{"line":18,"column":2}},{"start":{"line":18,"column":2},"end":{"line":18,"column":2}}]},"2":{"line":21,"type":"if","locations":[{"start":{"line":21,"column":2},"end":{"line":21,"column":2}},{"start":{"line":21,"column":2},"end":{"line":21,"column":2}}]}}},"/home/daisycutter/github/nlesc/spot/src/widgets/models/scatter.js":{"path":"/home/daisycutter/github/nlesc/spot/src/widgets/models/scatter.js","s":{"1":1,"2":1,"3":0,"4":0},"b":{},"f":{"1":0,"2":0},"fnMap":{"1":{"name":"(anonymous_1)","line":10,"loc":{"start":{"line":10,"column":14},"end":{"line":10,"column":26}}},"2":{"name":"(anonymous_2)","line":42,"loc":{"start":{"line":42,"column":17},"end":{"line":42,"column":29}}}},"statementMap":{"1":{"start":{"line":7,"column":0},"end":{"line":7,"column":40}},"2":{"start":{"line":9,"column":0},"end":{"line":62,"column":3}},"3":{"start":{"line":11,"column":4},"end":{"line":40,"column":7}},"4":{"start":{"line":43,"column":4},"end":{"line":60,"column":6}}},"branchMap":{}},"/home/daisycutter/github/nlesc/spot/src/widgets/models/sigma.js":{"path":"/home/daisycutter/github/nlesc/spot/src/widgets/models/sigma.js","s":{"1":1,"2":1,"3":0,"4":0},"b":{},"f":{"1":0,"2":0},"fnMap":{"1":{"name":"(anonymous_1)","line":10,"loc":{"start":{"line":10,"column":14},"end":{"line":10,"column":26}}},"2":{"name":"(anonymous_2)","line":35,"loc":{"start":{"line":35,"column":15},"end":{"line":35,"column":27}}}},"statementMap":{"1":{"start":{"line":7,"column":0},"end":{"line":7,"column":40}},"2":{"start":{"line":9,"column":0},"end":{"line":41,"column":3}},"3":{"start":{"line":11,"column":4},"end":{"line":33,"column":7}},"4":{"start":{"line":36,"column":4},"end":{"line":39,"column":6}}},"branchMap":{}},"/home/daisycutter/github/nlesc/spot/src/app.js":{"path":"/home/daisycutter/github/nlesc/spot/src/app.js","s":{"1":0,"2":0,"3":0,"4":0,"5":0,"6":0,"7":0,"8":0,"9":0,"10":0,"11":0,"12":0,"13":0,"14":0,"15":0,"16":0,"17":0,"18":0,"19":0,"20":0,"21":0,"22":0,"23":0,"24":0,"25":0,"26":0,"27":0,"28":0,"29":0,"30":0,"31":0,"32":0,"33":0,"34":0,"35":0,"36":0,"37":0,"38":0,"39":0,"40":0,"41":0,"42":0,"43":0,"44":0,"45":0,"46":0,"47":0,"48":0,"49":0,"50":0,"51":0,"52":0,"53":0,"54":0,"55":0,"56":0,"57":0,"58":0,"59":0,"60":0,"61":0,"62":0,"63":0,"64":0,"65":0,"66":0,"67":0,"68":0,"69":0,"70":0,"71":0,"72":0,"73":0,"74":0,"75":0,"76":0,"77":0,"78":0,"79":0,"80":0,"81":0,"82":0,"83":0,"84":0,"85":0,"86":0,"87":0,"88":0,"89":0,"90":0,"91":0,"92":0,"93":0,"94":0,"95":0,"96":0},"b":{"1":[0,0],"2":[0,0],"3":[0,0],"4":[0,0],"5":[0,0],"6":[0,0],"7":[0,0],"8":[0,0],"9":[0,0],"10":[0,0],"11":[0,0],"12":[0,0],"13":[0,0,0,0,0,0,0]},"f":{"1":0,"2":0,"3":0,"4":0,"5":0,"6":0,"7":0,"8":0,"9":0,"10":0,"11":0,"12":0,"13":0,"14":0,"15":0,"16":0,"17":0,"18":0,"19":0},"fnMap":{"1":{"name":"(anonymous_1)","line":82,"loc":{"start":{"line":82,"column":8},"end":{"line":82,"column":20}}},"2":{"name":"(anonymous_2)","line":104,"loc":{"start":{"line":104,"column":12},"end":{"line":104,"column":28}}},"3":{"name":"(anonymous_3)","line":114,"loc":{"start":{"line":114,"column":12},"end":{"line":114,"column":34}}},"4":{"name":"(anonymous_4)","line":124,"loc":{"start":{"line":124,"column":11},"end":{"line":124,"column":30}}},"5":{"name":"(anonymous_5)","line":149,"loc":{"start":{"line":149,"column":25},"end":{"line":149,"column":47}}},"6":{"name":"updateProgress","line":161,"loc":{"start":{"line":161,"column":4},"end":{"line":161,"column":34}}},"7":{"name":"transferComplete","line":172,"loc":{"start":{"line":172,"column":4},"end":{"line":172,"column":36}}},"8":{"name":"transferFailed","line":181,"loc":{"start":{"line":181,"column":4},"end":{"line":181,"column":34}}},"9":{"name":"transferCanceled","line":189,"loc":{"start":{"line":189,"column":4},"end":{"line":189,"column":36}}},"10":{"name":"(anonymous_10)","line":199,"loc":{"start":{"line":199,"column":19},"end":{"line":199,"column":35}}},"11":{"name":"(anonymous_11)","line":207,"loc":{"start":{"line":207,"column":28},"end":{"line":207,"column":44}}},"12":{"name":"(anonymous_12)","line":213,"loc":{"start":{"line":213,"column":28},"end":{"line":213,"column":44}}},"13":{"name":"(anonymous_13)","line":225,"loc":{"start":{"line":225,"column":13},"end":{"line":225,"column":25}}},"14":{"name":"(anonymous_14)","line":251,"loc":{"start":{"line":251,"column":16},"end":{"line":251,"column":28}}},"15":{"name":"(anonymous_15)","line":274,"loc":{"start":{"line":274,"column":21},"end":{"line":274,"column":46}}},"16":{"name":"(anonymous_16)","line":280,"loc":{"start":{"line":280,"column":23},"end":{"line":280,"column":35}}},"17":{"name":"(anonymous_17)","line":290,"loc":{"start":{"line":290,"column":19},"end":{"line":290,"column":31}}},"18":{"name":"(anonymous_18)","line":306,"loc":{"start":{"line":306,"column":16},"end":{"line":306,"column":28}}},"19":{"name":"(anonymous_19)","line":329,"loc":{"start":{"line":329,"column":9},"end":{"line":329,"column":21}}}},"statementMap":{"1":{"start":{"line":1,"column":0},"end":{"line":1,"column":37}},"2":{"start":{"line":2,"column":0},"end":{"line":2,"column":35}},"3":{"start":{"line":3,"column":0},"end":{"line":3,"column":33}},"4":{"start":{"line":4,"column":0},"end":{"line":4,"column":39}},"5":{"start":{"line":5,"column":0},"end":{"line":5,"column":35}},"6":{"start":{"line":6,"column":0},"end":{"line":6,"column":56}},"7":{"start":{"line":7,"column":0},"end":{"line":7,"column":52}},"8":{"start":{"line":9,"column":0},"end":{"line":9,"column":31}},"9":{"start":{"line":10,"column":0},"end":{"line":10,"column":39}},"10":{"start":{"line":11,"column":0},"end":{"line":11,"column":26}},"11":{"start":{"line":15,"column":0},"end":{"line":15,"column":15}},"12":{"start":{"line":19,"column":0},"end":{"line":19,"column":17}},"13":{"start":{"line":22,"column":0},"end":{"line":324,"column":3}},"14":{"start":{"line":84,"column":4},"end":{"line":87,"column":7}},"15":{"start":{"line":92,"column":4},"end":{"line":95,"column":7}},"16":{"start":{"line":105,"column":4},"end":{"line":105,"column":62}},"17":{"start":{"line":106,"column":4},"end":{"line":108,"column":7}},"18":{"start":{"line":115,"column":4},"end":{"line":115,"column":62}},"19":{"start":{"line":116,"column":4},"end":{"line":116,"column":57}},"20":{"start":{"line":118,"column":4},"end":{"line":118,"column":42}},"21":{"start":{"line":125,"column":4},"end":{"line":125,"column":65}},"22":{"start":{"line":126,"column":4},"end":{"line":126,"column":46}},"23":{"start":{"line":129,"column":4},"end":{"line":131,"column":5}},"24":{"start":{"line":130,"column":6},"end":{"line":130,"column":13}},"25":{"start":{"line":133,"column":4},"end":{"line":133,"column":62}},"26":{"start":{"line":134,"column":4},"end":{"line":134,"column":39}},"27":{"start":{"line":136,"column":4},"end":{"line":142,"column":5}},"28":{"start":{"line":137,"column":6},"end":{"line":137,"column":48}},"29":{"start":{"line":138,"column":6},"end":{"line":138,"column":32}},"30":{"start":{"line":140,"column":6},"end":{"line":140,"column":32}},"31":{"start":{"line":141,"column":6},"end":{"line":141,"column":31}},"32":{"start":{"line":143,"column":4},"end":{"line":143,"column":63}},"33":{"start":{"line":150,"column":4},"end":{"line":150,"column":55}},"34":{"start":{"line":151,"column":4},"end":{"line":151,"column":46}},"35":{"start":{"line":153,"column":4},"end":{"line":153,"column":57}},"36":{"start":{"line":154,"column":4},"end":{"line":154,"column":55}},"37":{"start":{"line":155,"column":4},"end":{"line":155,"column":54}},"38":{"start":{"line":156,"column":4},"end":{"line":156,"column":56}},"39":{"start":{"line":158,"column":4},"end":{"line":158,"column":42}},"40":{"start":{"line":159,"column":4},"end":{"line":159,"column":34}},"41":{"start":{"line":161,"column":4},"end":{"line":170,"column":5}},"42":{"start":{"line":162,"column":6},"end":{"line":169,"column":7}},"43":{"start":{"line":163,"column":8},"end":{"line":163,"column":53}},"44":{"start":{"line":164,"column":8},"end":{"line":164,"column":50}},"45":{"start":{"line":165,"column":8},"end":{"line":168,"column":11}},"46":{"start":{"line":172,"column":4},"end":{"line":179,"column":5}},"47":{"start":{"line":173,"column":6},"end":{"line":173,"column":47}},"48":{"start":{"line":174,"column":6},"end":{"line":177,"column":9}},"49":{"start":{"line":178,"column":6},"end":{"line":178,"column":44}},"50":{"start":{"line":181,"column":4},"end":{"line":187,"column":5}},"51":{"start":{"line":182,"column":6},"end":{"line":182,"column":68}},"52":{"start":{"line":183,"column":6},"end":{"line":186,"column":9}},"53":{"start":{"line":189,"column":4},"end":{"line":191,"column":5}},"54":{"start":{"line":190,"column":6},"end":{"line":190,"column":65}},"55":{"start":{"line":193,"column":4},"end":{"line":193,"column":19}},"56":{"start":{"line":200,"column":4},"end":{"line":200,"column":40}},"57":{"start":{"line":201,"column":4},"end":{"line":201,"column":28}},"58":{"start":{"line":203,"column":4},"end":{"line":218,"column":5}},"59":{"start":{"line":204,"column":6},"end":{"line":204,"column":43}},"60":{"start":{"line":205,"column":11},"end":{"line":218,"column":5}},"61":{"start":{"line":207,"column":6},"end":{"line":210,"column":9}},"62":{"start":{"line":208,"column":8},"end":{"line":208,"column":58}},"63":{"start":{"line":209,"column":8},"end":{"line":209,"column":51}},"64":{"start":{"line":213,"column":6},"end":{"line":217,"column":9}},"65":{"start":{"line":214,"column":8},"end":{"line":216,"column":9}},"66":{"start":{"line":215,"column":10},"end":{"line":215,"column":58}},"67":{"start":{"line":220,"column":4},"end":{"line":220,"column":29}},"68":{"start":{"line":226,"column":4},"end":{"line":226,"column":32}},"69":{"start":{"line":227,"column":4},"end":{"line":234,"column":7}},"70":{"start":{"line":236,"column":4},"end":{"line":244,"column":5}},"71":{"start":{"line":237,"column":6},"end":{"line":243,"column":9}},"72":{"start":{"line":246,"column":4},"end":{"line":246,"column":19}},"73":{"start":{"line":252,"column":4},"end":{"line":252,"column":33}},"74":{"start":{"line":253,"column":4},"end":{"line":253,"column":56}},"75":{"start":{"line":254,"column":4},"end":{"line":272,"column":7}},"76":{"start":{"line":274,"column":4},"end":{"line":278,"column":7}},"77":{"start":{"line":275,"column":6},"end":{"line":277,"column":7}},"78":{"start":{"line":276,"column":8},"end":{"line":276,"column":55}},"79":{"start":{"line":280,"column":4},"end":{"line":287,"column":7}},"80":{"start":{"line":281,"column":6},"end":{"line":281,"column":57}},"81":{"start":{"line":282,"column":6},"end":{"line":285,"column":9}},"82":{"start":{"line":286,"column":6},"end":{"line":286,"column":102}},"83":{"start":{"line":290,"column":4},"end":{"line":292,"column":7}},"84":{"start":{"line":291,"column":6},"end":{"line":291,"column":57}},"85":{"start":{"line":294,"column":4},"end":{"line":294,"column":76}},"86":{"start":{"line":295,"column":4},"end":{"line":300,"column":5}},"87":{"start":{"line":298,"column":6},"end":{"line":298,"column":50}},"88":{"start":{"line":299,"column":6},"end":{"line":299,"column":22}},"89":{"start":{"line":307,"column":4},"end":{"line":307,"column":22}},"90":{"start":{"line":308,"column":4},"end":{"line":319,"column":5}},"91":{"start":{"line":316,"column":6},"end":{"line":316,"column":19}},"92":{"start":{"line":318,"column":6},"end":{"line":318,"column":20}},"93":{"start":{"line":320,"column":4},"end":{"line":320,"column":30}},"94":{"start":{"line":321,"column":4},"end":{"line":321,"column":17}},"95":{"start":{"line":329,"column":0},"end":{"line":336,"column":3}},"96":{"start":{"line":330,"column":2},"end":{"line":330,"column":13}}},"branchMap":{"1":{"line":105,"type":"cond-expr","locations":[{"start":{"line":105,"column":41},"end":{"line":105,"column":54}},{"start":{"line":105,"column":57},"end":{"line":105,"column":61}}]},"2":{"line":129,"type":"if","locations":[{"start":{"line":129,"column":4},"end":{"line":129,"column":4}},{"start":{"line":129,"column":4},"end":{"line":129,"column":4}}]},"3":{"line":136,"type":"if","locations":[{"start":{"line":136,"column":4},"end":{"line":136,"column":4}},{"start":{"line":136,"column":4},"end":{"line":136,"column":4}}]},"4":{"line":162,"type":"if","locations":[{"start":{"line":162,"column":6},"end":{"line":162,"column":6}},{"start":{"line":162,"column":6},"end":{"line":162,"column":6}}]},"5":{"line":203,"type":"if","locations":[{"start":{"line":203,"column":4},"end":{"line":203,"column":4}},{"start":{"line":203,"column":4},"end":{"line":203,"column":4}}]},"6":{"line":205,"type":"if","locations":[{"start":{"line":205,"column":11},"end":{"line":205,"column":11}},{"start":{"line":205,"column":11},"end":{"line":205,"column":11}}]},"7":{"line":214,"type":"if","locations":[{"start":{"line":214,"column":8},"end":{"line":214,"column":8}},{"start":{"line":214,"column":8},"end":{"line":214,"column":8}}]},"8":{"line":236,"type":"if","locations":[{"start":{"line":236,"column":4},"end":{"line":236,"column":4}},{"start":{"line":236,"column":4},"end":{"line":236,"column":4}}]},"9":{"line":236,"type":"binary-expr","locations":[{"start":{"line":236,"column":8},"end":{"line":236,"column":36}},{"start":{"line":236,"column":40},"end":{"line":236,"column":75}}]},"10":{"line":275,"type":"if","locations":[{"start":{"line":275,"column":6},"end":{"line":275,"column":6}},{"start":{"line":275,"column":6},"end":{"line":275,"column":6}}]},"11":{"line":295,"type":"if","locations":[{"start":{"line":295,"column":4},"end":{"line":295,"column":4}},{"start":{"line":295,"column":4},"end":{"line":295,"column":4}}]},"12":{"line":308,"type":"if","locations":[{"start":{"line":308,"column":4},"end":{"line":308,"column":4}},{"start":{"line":308,"column":4},"end":{"line":308,"column":4}}]},"13":{"line":308,"type":"binary-expr","locations":[{"start":{"line":308,"column":8},"end":{"line":308,"column":45}},{"start":{"line":309,"column":4},"end":{"line":309,"column":39}},{"start":{"line":310,"column":4},"end":{"line":310,"column":40}},{"start":{"line":311,"column":4},"end":{"line":311,"column":38}},{"start":{"line":312,"column":4},"end":{"line":312,"column":38}},{"start":{"line":313,"column":4},"end":{"line":313,"column":44}},{"start":{"line":314,"column":4},"end":{"line":314,"column":47}}]}}},"/home/daisycutter/github/nlesc/spot/src/pages/analyze.js":{"path":"/home/daisycutter/github/nlesc/spot/src/pages/analyze.js","s":{"1":0,"2":0,"3":0,"4":0,"5":0,"6":0,"7":0,"8":0,"9":0,"10":0,"11":0,"12":0,"13":0,"14":0,"15":0,"16":0,"17":0,"18":0,"19":0,"20":0,"21":0,"22":0,"23":0,"24":0,"25":0,"26":0,"27":0,"28":0,"29":0,"30":0,"31":0,"32":0,"33":0,"34":0,"35":0,"36":0,"37":0,"38":0,"39":0,"40":0,"41":0,"42":0,"43":0,"44":0,"45":0,"46":0,"47":0,"48":0,"49":0,"50":0,"51":0,"52":0,"53":0,"54":0,"55":0,"56":0,"57":0,"58":0,"59":0,"60":0,"61":0,"62":0,"63":0,"64":0,"65":0,"66":0,"67":0,"68":0,"69":0,"70":0,"71":0,"72":0,"73":0,"74":0,"75":0,"76":0,"77":0,"78":0,"79":0,"80":0,"81":0,"82":0,"83":0,"84":0,"85":0,"86":0,"87":0,"88":0,"89":0,"90":0,"91":0,"92":0,"93":0,"94":0,"95":0,"96":0,"97":0,"98":0,"99":0,"100":0,"101":0,"102":0,"103":0,"104":0,"105":0,"106":0,"107":0,"108":0,"109":0,"110":0,"111":0,"112":0,"113":0,"114":0,"115":0,"116":0,"117":0,"118":0,"119":0,"120":0,"121":0,"122":0,"123":0,"124":0,"125":0,"126":0,"127":0,"128":0,"129":0,"130":0,"131":0,"132":0,"133":0,"134":0,"135":0,"136":0,"137":0,"138":0,"139":0,"140":0,"141":0,"142":0,"143":0,"144":0,"145":0,"146":0,"147":0,"148":0,"149":0,"150":0,"151":0,"152":0,"153":0,"154":0,"155":0,"156":0},"b":{"1":[0,0],"2":[0,0],"3":[0,0],"4":[0,0],"5":[0,0],"6":[0,0],"7":[0,0],"8":[0,0],"9":[0,0],"10":[0,0],"11":[0,0],"12":[0,0],"13":[0,0],"14":[0,0],"15":[0,0],"16":[0,0],"17":[0,0],"18":[0,0],"19":[0,0],"20":[0,0],"21":[0,0],"22":[0,0],"23":[0,0],"24":[0,0],"25":[0,0],"26":[0,0],"27":[0,0],"28":[0,0]},"f":{"1":0,"2":0,"3":0,"4":0,"5":0,"6":0,"7":0,"8":0,"9":0,"10":0,"11":0,"12":0,"13":0,"14":0,"15":0,"16":0,"17":0,"18":0,"19":0,"20":0,"21":0,"22":0,"23":0,"24":0,"25":0,"26":0,"27":0,"28":0,"29":0,"30":0},"fnMap":{"1":{"name":"initializeCharts","line":13,"loc":{"start":{"line":13,"column":0},"end":{"line":13,"column":33}}},"2":{"name":"deinitializeCharts","line":49,"loc":{"start":{"line":49,"column":0},"end":{"line":49,"column":35}}},"3":{"name":"updateCharts","line":64,"loc":{"start":{"line":64,"column":0},"end":{"line":64,"column":29}}},"4":{"name":"addWidgetForFilter","line":76,"loc":{"start":{"line":76,"column":0},"end":{"line":76,"column":53}}},"5":{"name":"(anonymous_5)","line":112,"loc":{"start":{"line":112,"column":23},"end":{"line":112,"column":35}}},"6":{"name":"(anonymous_6)","line":122,"loc":{"start":{"line":122,"column":14},"end":{"line":122,"column":26}}},"7":{"name":"(anonymous_7)","line":126,"loc":{"start":{"line":126,"column":22},"end":{"line":126,"column":34}}},"8":{"name":"(anonymous_8)","line":131,"loc":{"start":{"line":131,"column":24},"end":{"line":131,"column":36}}},"9":{"name":"(anonymous_9)","line":136,"loc":{"start":{"line":136,"column":38},"end":{"line":136,"column":56}}},"10":{"name":"(anonymous_10)","line":151,"loc":{"start":{"line":151,"column":10},"end":{"line":151,"column":22}}},"11":{"name":"(anonymous_11)","line":183,"loc":{"start":{"line":183,"column":12},"end":{"line":183,"column":26}}},"12":{"name":"(anonymous_12)","line":191,"loc":{"start":{"line":191,"column":20},"end":{"line":191,"column":32}}},"13":{"name":"(anonymous_13)","line":195,"loc":{"start":{"line":195,"column":16},"end":{"line":195,"column":28}}},"14":{"name":"(anonymous_14)","line":197,"loc":{"start":{"line":197,"column":36},"end":{"line":197,"column":54}}},"15":{"name":"(anonymous_15)","line":212,"loc":{"start":{"line":212,"column":11},"end":{"line":212,"column":23}}},"16":{"name":"(anonymous_16)","line":213,"loc":{"start":{"line":213,"column":27},"end":{"line":213,"column":40}}},"17":{"name":"(anonymous_17)","line":219,"loc":{"start":{"line":219,"column":10},"end":{"line":219,"column":26}}},"18":{"name":"(anonymous_18)","line":223,"loc":{"start":{"line":223,"column":14},"end":{"line":223,"column":27}}},"19":{"name":"(anonymous_19)","line":230,"loc":{"start":{"line":230,"column":17},"end":{"line":230,"column":29}}},"20":{"name":"(anonymous_20)","line":243,"loc":{"start":{"line":243,"column":15},"end":{"line":243,"column":30}}},"21":{"name":"(anonymous_21)","line":249,"loc":{"start":{"line":249,"column":13},"end":{"line":249,"column":28}}},"22":{"name":"(anonymous_22)","line":252,"loc":{"start":{"line":252,"column":13},"end":{"line":252,"column":28}}},"23":{"name":"(anonymous_23)","line":266,"loc":{"start":{"line":266,"column":14},"end":{"line":266,"column":26}}},"24":{"name":"(anonymous_24)","line":284,"loc":{"start":{"line":284,"column":15},"end":{"line":284,"column":40}}},"25":{"name":"(anonymous_25)","line":288,"loc":{"start":{"line":288,"column":14},"end":{"line":288,"column":39}}},"26":{"name":"(anonymous_26)","line":311,"loc":{"start":{"line":311,"column":22},"end":{"line":311,"column":34}}},"27":{"name":"(anonymous_27)","line":320,"loc":{"start":{"line":320,"column":31},"end":{"line":320,"column":49}}},"28":{"name":"(anonymous_28)","line":338,"loc":{"start":{"line":338,"column":20},"end":{"line":338,"column":32}}},"29":{"name":"(anonymous_29)","line":341,"loc":{"start":{"line":341,"column":22},"end":{"line":341,"column":34}}},"30":{"name":"(anonymous_30)","line":344,"loc":{"start":{"line":344,"column":16},"end":{"line":344,"column":28}}}},"statementMap":{"1":{"start":{"line":1,"column":0},"end":{"line":1,"column":35}},"2":{"start":{"line":2,"column":0},"end":{"line":2,"column":26}},"3":{"start":{"line":3,"column":0},"end":{"line":3,"column":33}},"4":{"start":{"line":4,"column":0},"end":{"line":4,"column":40}},"5":{"start":{"line":5,"column":0},"end":{"line":5,"column":56}},"6":{"start":{"line":6,"column":0},"end":{"line":6,"column":58}},"7":{"start":{"line":7,"column":0},"end":{"line":7,"column":39}},"8":{"start":{"line":11,"column":0},"end":{"line":11,"column":20}},"9":{"start":{"line":13,"column":0},"end":{"line":47,"column":1}},"10":{"start":{"line":14,"column":2},"end":{"line":14,"column":39}},"11":{"start":{"line":17,"column":2},"end":{"line":19,"column":3}},"12":{"start":{"line":18,"column":4},"end":{"line":18,"column":11}},"13":{"start":{"line":21,"column":2},"end":{"line":21,"column":8}},"14":{"start":{"line":22,"column":2},"end":{"line":46,"column":3}},"15":{"start":{"line":23,"column":4},"end":{"line":23,"column":85}},"16":{"start":{"line":24,"column":4},"end":{"line":24,"column":42}},"17":{"start":{"line":26,"column":4},"end":{"line":45,"column":5}},"18":{"start":{"line":27,"column":6},"end":{"line":32,"column":7}},"19":{"start":{"line":28,"column":8},"end":{"line":30,"column":9}},"20":{"start":{"line":29,"column":10},"end":{"line":29,"column":34}},"21":{"start":{"line":31,"column":8},"end":{"line":31,"column":48}},"22":{"start":{"line":33,"column":6},"end":{"line":37,"column":7}},"23":{"start":{"line":36,"column":8},"end":{"line":36,"column":30}},"24":{"start":{"line":39,"column":6},"end":{"line":41,"column":7}},"25":{"start":{"line":40,"column":8},"end":{"line":40,"column":32}},"26":{"start":{"line":42,"column":6},"end":{"line":44,"column":7}},"27":{"start":{"line":43,"column":8},"end":{"line":43,"column":51}},"28":{"start":{"line":49,"column":0},"end":{"line":62,"column":1}},"29":{"start":{"line":50,"column":2},"end":{"line":50,"column":39}},"30":{"start":{"line":52,"column":2},"end":{"line":52,"column":8}},"31":{"start":{"line":53,"column":2},"end":{"line":61,"column":3}},"32":{"start":{"line":54,"column":4},"end":{"line":54,"column":85}},"33":{"start":{"line":55,"column":4},"end":{"line":57,"column":5}},"34":{"start":{"line":56,"column":6},"end":{"line":56,"column":30}},"35":{"start":{"line":58,"column":4},"end":{"line":60,"column":5}},"36":{"start":{"line":59,"column":6},"end":{"line":59,"column":49}},"37":{"start":{"line":64,"column":0},"end":{"line":74,"column":1}},"38":{"start":{"line":65,"column":2},"end":{"line":65,"column":39}},"39":{"start":{"line":67,"column":2},"end":{"line":67,"column":8}},"40":{"start":{"line":68,"column":2},"end":{"line":73,"column":3}},"41":{"start":{"line":69,"column":4},"end":{"line":69,"column":85}},"42":{"start":{"line":70,"column":4},"end":{"line":72,"column":5}},"43":{"start":{"line":71,"column":6},"end":{"line":71,"column":25}},"44":{"start":{"line":76,"column":0},"end":{"line":115,"column":1}},"45":{"start":{"line":77,"column":2},"end":{"line":77,"column":39}},"46":{"start":{"line":78,"column":2},"end":{"line":78,"column":28}},"47":{"start":{"line":79,"column":2},"end":{"line":79,"column":28}},"48":{"start":{"line":80,"column":2},"end":{"line":80,"column":33}},"49":{"start":{"line":81,"column":2},"end":{"line":81,"column":33}},"50":{"start":{"line":83,"column":2},"end":{"line":83,"column":95}},"51":{"start":{"line":84,"column":2},"end":{"line":86,"column":5}},"52":{"start":{"line":89,"column":2},"end":{"line":89,"column":39}},"53":{"start":{"line":90,"column":2},"end":{"line":90,"column":28}},"54":{"start":{"line":91,"column":2},"end":{"line":91,"column":32}},"55":{"start":{"line":96,"column":2},"end":{"line":96,"column":33}},"56":{"start":{"line":97,"column":2},"end":{"line":97,"column":50}},"57":{"start":{"line":100,"column":2},"end":{"line":100,"column":35}},"58":{"start":{"line":101,"column":2},"end":{"line":101,"column":40}},"59":{"start":{"line":102,"column":2},"end":{"line":110,"column":3}},"60":{"start":{"line":103,"column":4},"end":{"line":105,"column":5}},"61":{"start":{"line":104,"column":6},"end":{"line":104,"column":30}},"62":{"start":{"line":106,"column":4},"end":{"line":108,"column":5}},"63":{"start":{"line":107,"column":6},"end":{"line":107,"column":28}},"64":{"start":{"line":109,"column":4},"end":{"line":109,"column":23}},"65":{"start":{"line":112,"column":2},"end":{"line":114,"column":5}},"66":{"start":{"line":113,"column":4},"end":{"line":113,"column":23}},"67":{"start":{"line":117,"column":0},"end":{"line":347,"column":3}},"68":{"start":{"line":123,"column":4},"end":{"line":123,"column":30}},"69":{"start":{"line":124,"column":4},"end":{"line":124,"column":45}},"70":{"start":{"line":126,"column":4},"end":{"line":129,"column":13}},"71":{"start":{"line":127,"column":6},"end":{"line":127,"column":29}},"72":{"start":{"line":128,"column":6},"end":{"line":128,"column":32}},"73":{"start":{"line":131,"column":4},"end":{"line":139,"column":7}},"74":{"start":{"line":133,"column":6},"end":{"line":133,"column":25}},"75":{"start":{"line":136,"column":6},"end":{"line":138,"column":9}},"76":{"start":{"line":137,"column":8},"end":{"line":137,"column":30}},"77":{"start":{"line":141,"column":4},"end":{"line":146,"column":5}},"78":{"start":{"line":142,"column":6},"end":{"line":145,"column":9}},"79":{"start":{"line":152,"column":8},"end":{"line":152,"column":23}},"80":{"start":{"line":153,"column":8},"end":{"line":157,"column":9}},"81":{"start":{"line":154,"column":10},"end":{"line":154,"column":78}},"82":{"start":{"line":156,"column":10},"end":{"line":156,"column":25}},"83":{"start":{"line":158,"column":8},"end":{"line":163,"column":15}},"84":{"start":{"line":185,"column":4},"end":{"line":185,"column":44}},"85":{"start":{"line":186,"column":4},"end":{"line":186,"column":23}},"86":{"start":{"line":188,"column":4},"end":{"line":188,"column":59}},"87":{"start":{"line":189,"column":4},"end":{"line":189,"column":43}},"88":{"start":{"line":192,"column":4},"end":{"line":192,"column":45}},"89":{"start":{"line":193,"column":4},"end":{"line":193,"column":45}},"90":{"start":{"line":196,"column":4},"end":{"line":196,"column":28}},"91":{"start":{"line":197,"column":4},"end":{"line":204,"column":7}},"92":{"start":{"line":199,"column":6},"end":{"line":201,"column":7}},"93":{"start":{"line":200,"column":8},"end":{"line":200,"column":25}},"94":{"start":{"line":203,"column":6},"end":{"line":203,"column":23}},"95":{"start":{"line":205,"column":4},"end":{"line":205,"column":27}},"96":{"start":{"line":206,"column":4},"end":{"line":206,"column":30}},"97":{"start":{"line":207,"column":4},"end":{"line":210,"column":7}},"98":{"start":{"line":213,"column":4},"end":{"line":217,"column":7}},"99":{"start":{"line":214,"column":6},"end":{"line":216,"column":7}},"100":{"start":{"line":215,"column":8},"end":{"line":215,"column":27}},"101":{"start":{"line":220,"column":4},"end":{"line":220,"column":34}},"102":{"start":{"line":222,"column":4},"end":{"line":226,"column":7}},"103":{"start":{"line":224,"column":8},"end":{"line":224,"column":26}},"104":{"start":{"line":228,"column":4},"end":{"line":228,"column":16}},"105":{"start":{"line":231,"column":4},"end":{"line":231,"column":32}},"106":{"start":{"line":233,"column":4},"end":{"line":233,"column":49}},"107":{"start":{"line":234,"column":4},"end":{"line":256,"column":7}},"108":{"start":{"line":244,"column":8},"end":{"line":244,"column":28}},"109":{"start":{"line":245,"column":8},"end":{"line":245,"column":51}},"110":{"start":{"line":246,"column":8},"end":{"line":246,"column":56}},"111":{"start":{"line":247,"column":8},"end":{"line":247,"column":45}},"112":{"start":{"line":250,"column":8},"end":{"line":250,"column":31}},"113":{"start":{"line":253,"column":8},"end":{"line":253,"column":28}},"114":{"start":{"line":254,"column":8},"end":{"line":254,"column":22}},"115":{"start":{"line":257,"column":4},"end":{"line":309,"column":24}},"116":{"start":{"line":267,"column":10},"end":{"line":267,"column":38}},"117":{"start":{"line":268,"column":10},"end":{"line":268,"column":20}},"118":{"start":{"line":269,"column":10},"end":{"line":279,"column":11}},"119":{"start":{"line":270,"column":12},"end":{"line":270,"column":36}},"120":{"start":{"line":271,"column":12},"end":{"line":271,"column":40}},"121":{"start":{"line":272,"column":12},"end":{"line":272,"column":66}},"122":{"start":{"line":273,"column":12},"end":{"line":273,"column":43}},"123":{"start":{"line":275,"column":12},"end":{"line":275,"column":34}},"124":{"start":{"line":276,"column":12},"end":{"line":276,"column":34}},"125":{"start":{"line":277,"column":12},"end":{"line":277,"column":40}},"126":{"start":{"line":278,"column":12},"end":{"line":278,"column":40}},"127":{"start":{"line":285,"column":10},"end":{"line":285,"column":69}},"128":{"start":{"line":286,"column":10},"end":{"line":286,"column":29}},"129":{"start":{"line":289,"column":10},"end":{"line":289,"column":69}},"130":{"start":{"line":290,"column":10},"end":{"line":290,"column":41}},"131":{"start":{"line":291,"column":10},"end":{"line":293,"column":11}},"132":{"start":{"line":292,"column":12},"end":{"line":292,"column":26}},"133":{"start":{"line":296,"column":10},"end":{"line":296,"column":48}},"134":{"start":{"line":297,"column":10},"end":{"line":297,"column":32}},"135":{"start":{"line":298,"column":10},"end":{"line":298,"column":32}},"136":{"start":{"line":299,"column":10},"end":{"line":299,"column":38}},"137":{"start":{"line":300,"column":10},"end":{"line":300,"column":38}},"138":{"start":{"line":301,"column":10},"end":{"line":303,"column":11}},"139":{"start":{"line":302,"column":12},"end":{"line":302,"column":29}},"140":{"start":{"line":304,"column":10},"end":{"line":306,"column":11}},"141":{"start":{"line":305,"column":12},"end":{"line":305,"column":26}},"142":{"start":{"line":311,"column":4},"end":{"line":314,"column":7}},"143":{"start":{"line":312,"column":6},"end":{"line":312,"column":37}},"144":{"start":{"line":313,"column":6},"end":{"line":313,"column":38}},"145":{"start":{"line":317,"column":4},"end":{"line":317,"column":23}},"146":{"start":{"line":320,"column":4},"end":{"line":326,"column":13}},"147":{"start":{"line":321,"column":6},"end":{"line":321,"column":46}},"148":{"start":{"line":323,"column":6},"end":{"line":325,"column":7}},"149":{"start":{"line":324,"column":8},"end":{"line":324,"column":31}},"150":{"start":{"line":329,"column":4},"end":{"line":329,"column":22}},"151":{"start":{"line":331,"column":4},"end":{"line":333,"column":5}},"152":{"start":{"line":332,"column":6},"end":{"line":332,"column":32}},"153":{"start":{"line":336,"column":4},"end":{"line":336,"column":23}},"154":{"start":{"line":339,"column":4},"end":{"line":339,"column":27}},"155":{"start":{"line":342,"column":4},"end":{"line":342,"column":29}},"156":{"start":{"line":345,"column":4},"end":{"line":345,"column":23}}},"branchMap":{"1":{"line":17,"type":"if","locations":[{"start":{"line":17,"column":2},"end":{"line":17,"column":2}},{"start":{"line":17,"column":2},"end":{"line":17,"column":2}}]},"2":{"line":26,"type":"if","locations":[{"start":{"line":26,"column":4},"end":{"line":26,"column":4}},{"start":{"line":26,"column":4},"end":{"line":26,"column":4}}]},"3":{"line":27,"type":"if","locations":[{"start":{"line":27,"column":6},"end":{"line":27,"column":6}},{"start":{"line":27,"column":6},"end":{"line":27,"column":6}}]},"4":{"line":28,"type":"if","locations":[{"start":{"line":28,"column":8},"end":{"line":28,"column":8}},{"start":{"line":28,"column":8},"end":{"line":28,"column":8}}]},"5":{"line":33,"type":"if","locations":[{"start":{"line":33,"column":6},"end":{"line":33,"column":6}},{"start":{"line":33,"column":6},"end":{"line":33,"column":6}}]},"6":{"line":39,"type":"if","locations":[{"start":{"line":39,"column":6},"end":{"line":39,"column":6}},{"start":{"line":39,"column":6},"end":{"line":39,"column":6}}]},"7":{"line":42,"type":"if","locations":[{"start":{"line":42,"column":6},"end":{"line":42,"column":6}},{"start":{"line":42,"column":6},"end":{"line":42,"column":6}}]},"8":{"line":55,"type":"if","locations":[{"start":{"line":55,"column":4},"end":{"line":55,"column":4}},{"start":{"line":55,"column":4},"end":{"line":55,"column":4}}]},"9":{"line":58,"type":"if","locations":[{"start":{"line":58,"column":4},"end":{"line":58,"column":4}},{"start":{"line":58,"column":4},"end":{"line":58,"column":4}}]},"10":{"line":70,"type":"if","locations":[{"start":{"line":70,"column":4},"end":{"line":70,"column":4}},{"start":{"line":70,"column":4},"end":{"line":70,"column":4}}]},"11":{"line":78,"type":"binary-expr","locations":[{"start":{"line":78,"column":12},"end":{"line":78,"column":22}},{"start":{"line":78,"column":26},"end":{"line":78,"column":27}}]},"12":{"line":79,"type":"binary-expr","locations":[{"start":{"line":79,"column":12},"end":{"line":79,"column":22}},{"start":{"line":79,"column":26},"end":{"line":79,"column":27}}]},"13":{"line":80,"type":"binary-expr","locations":[{"start":{"line":80,"column":14},"end":{"line":80,"column":27}},{"start":{"line":80,"column":31},"end":{"line":80,"column":32}}]},"14":{"line":81,"type":"binary-expr","locations":[{"start":{"line":81,"column":14},"end":{"line":81,"column":27}},{"start":{"line":81,"column":31},"end":{"line":81,"column":32}}]},"15":{"line":102,"type":"if","locations":[{"start":{"line":102,"column":2},"end":{"line":102,"column":2}},{"start":{"line":102,"column":2},"end":{"line":102,"column":2}}]},"16":{"line":103,"type":"if","locations":[{"start":{"line":103,"column":4},"end":{"line":103,"column":4}},{"start":{"line":103,"column":4},"end":{"line":103,"column":4}}]},"17":{"line":106,"type":"if","locations":[{"start":{"line":106,"column":4},"end":{"line":106,"column":4}},{"start":{"line":106,"column":4},"end":{"line":106,"column":4}}]},"18":{"line":141,"type":"if","locations":[{"start":{"line":141,"column":4},"end":{"line":141,"column":4}},{"start":{"line":141,"column":4},"end":{"line":141,"column":4}}]},"19":{"line":153,"type":"if","locations":[{"start":{"line":153,"column":8},"end":{"line":153,"column":8}},{"start":{"line":153,"column":8},"end":{"line":153,"column":8}}]},"20":{"line":185,"type":"binary-expr","locations":[{"start":{"line":185,"column":17},"end":{"line":185,"column":26}},{"start":{"line":185,"column":30},"end":{"line":185,"column":43}}]},"21":{"line":214,"type":"if","locations":[{"start":{"line":214,"column":6},"end":{"line":214,"column":6}},{"start":{"line":214,"column":6},"end":{"line":214,"column":6}}]},"22":{"line":214,"type":"binary-expr","locations":[{"start":{"line":214,"column":10},"end":{"line":214,"column":19}},{"start":{"line":214,"column":23},"end":{"line":214,"column":59}}]},"23":{"line":291,"type":"if","locations":[{"start":{"line":291,"column":10},"end":{"line":291,"column":10}},{"start":{"line":291,"column":10},"end":{"line":291,"column":10}}]},"24":{"line":301,"type":"if","locations":[{"start":{"line":301,"column":10},"end":{"line":301,"column":10}},{"start":{"line":301,"column":10},"end":{"line":301,"column":10}}]},"25":{"line":304,"type":"if","locations":[{"start":{"line":304,"column":10},"end":{"line":304,"column":10}},{"start":{"line":304,"column":10},"end":{"line":304,"column":10}}]},"26":{"line":323,"type":"if","locations":[{"start":{"line":323,"column":6},"end":{"line":323,"column":6}},{"start":{"line":323,"column":6},"end":{"line":323,"column":6}}]},"27":{"line":323,"type":"binary-expr","locations":[{"start":{"line":323,"column":10},"end":{"line":323,"column":22}},{"start":{"line":323,"column":26},"end":{"line":323,"column":50}}]},"28":{"line":331,"type":"if","locations":[{"start":{"line":331,"column":4},"end":{"line":331,"column":4}},{"start":{"line":331,"column":4},"end":{"line":331,"column":4}}]}}},"/home/daisycutter/github/nlesc/spot/src/pages/analyze/facetbar-item.js":{"path":"/home/daisycutter/github/nlesc/spot/src/pages/analyze/facetbar-item.js","s":{"1":0,"2":0,"3":0,"4":0,"5":0,"6":0,"7":0,"8":0,"9":0,"10":0,"11":0,"12":0,"13":0,"14":0,"15":0},"b":{"1":[0,0],"2":[0,0]},"f":{"1":0,"2":0,"3":0,"4":0},"fnMap":{"1":{"name":"(anonymous_1)","line":22,"loc":{"start":{"line":22,"column":13},"end":{"line":22,"column":25}}},"2":{"name":"(anonymous_2)","line":27,"loc":{"start":{"line":27,"column":9},"end":{"line":27,"column":22}}},"3":{"name":"(anonymous_3)","line":35,"loc":{"start":{"line":35,"column":13},"end":{"line":35,"column":26}}},"4":{"name":"(anonymous_4)","line":39,"loc":{"start":{"line":39,"column":11},"end":{"line":39,"column":24}}}},"statementMap":{"1":{"start":{"line":1,"column":0},"end":{"line":1,"column":37}},"2":{"start":{"line":2,"column":0},"end":{"line":2,"column":43}},"3":{"start":{"line":3,"column":0},"end":{"line":3,"column":35}},"4":{"start":{"line":4,"column":0},"end":{"line":4,"column":26}},"5":{"start":{"line":6,"column":0},"end":{"line":43,"column":3}},"6":{"start":{"line":23,"column":4},"end":{"line":25,"column":5}},"7":{"start":{"line":24,"column":6},"end":{"line":24,"column":45}},"8":{"start":{"line":28,"column":4},"end":{"line":28,"column":59}},"9":{"start":{"line":29,"column":4},"end":{"line":33,"column":5}},"10":{"start":{"line":30,"column":6},"end":{"line":30,"column":45}},"11":{"start":{"line":32,"column":6},"end":{"line":32,"column":51}},"12":{"start":{"line":36,"column":4},"end":{"line":36,"column":59}},"13":{"start":{"line":37,"column":4},"end":{"line":37,"column":38}},"14":{"start":{"line":40,"column":4},"end":{"line":40,"column":59}},"15":{"start":{"line":41,"column":4},"end":{"line":41,"column":35}}},"branchMap":{"1":{"line":23,"type":"if","locations":[{"start":{"line":23,"column":4},"end":{"line":23,"column":4}},{"start":{"line":23,"column":4},"end":{"line":23,"column":4}}]},"2":{"line":29,"type":"if","locations":[{"start":{"line":29,"column":4},"end":{"line":29,"column":4}},{"start":{"line":29,"column":4},"end":{"line":29,"column":4}}]}}},"/home/daisycutter/github/nlesc/spot/src/pages/analyze/slot.js":{"path":"/home/daisycutter/github/nlesc/spot/src/pages/analyze/slot.js","s":{"1":0,"2":0,"3":0,"4":0,"5":0,"6":0,"7":0,"8":0,"9":0,"10":0,"11":0,"12":0,"13":0,"14":0,"15":0,"16":0,"17":0,"18":0,"19":0,"20":0,"21":0,"22":0,"23":0,"24":0,"25":0,"26":0,"27":0,"28":0,"29":0,"30":0,"31":0,"32":0,"33":0,"34":0,"35":0,"36":0,"37":0,"38":0,"39":0,"40":0,"41":0,"42":0,"43":0,"44":0,"45":0,"46":0,"47":0,"48":0,"49":0,"50":0,"51":0,"52":0,"53":0,"54":0,"55":0,"56":0,"57":0,"58":0,"59":0,"60":0,"61":0,"62":0,"63":0,"64":0,"65":0,"66":0,"67":0,"68":0,"69":0,"70":0,"71":0,"72":0,"73":0,"74":0,"75":0,"76":0,"77":0,"78":0,"79":0,"80":0,"81":0,"82":0,"83":0,"84":0,"85":0,"86":0,"87":0,"88":0,"89":0,"90":0,"91":0,"92":0,"93":0,"94":0,"95":0,"96":0,"97":0,"98":0,"99":0,"100":0,"101":0,"102":0,"103":0,"104":0,"105":0,"106":0,"107":0,"108":0,"109":0,"110":0,"111":0,"112":0,"113":0,"114":0,"115":0,"116":0,"117":0,"118":0,"119":0},"b":{"1":[0,0],"2":[0,0],"3":[0,0],"4":[0,0],"5":[0,0],"6":[0,0],"7":[0,0],"8":[0,0],"9":[0,0],"10":[0,0],"11":[0,0],"12":[0,0],"13":[0,0],"14":[0,0],"15":[0,0],"16":[0,0],"17":[0,0],"18":[0,0],"19":[0,0],"20":[0,0],"21":[0,0],"22":[0,0],"23":[0,0],"24":[0,0],"25":[0,0],"26":[0,0],"27":[0,0],"28":[0,0],"29":[0,0],"30":[0,0],"31":[0,0],"32":[0,0]},"f":{"1":0,"2":0,"3":0,"4":0,"5":0,"6":0,"7":0,"8":0,"9":0,"10":0,"11":0},"fnMap":{"1":{"name":"labelForPartition","line":6,"loc":{"start":{"line":6,"column":0},"end":{"line":6,"column":35}}},"2":{"name":"(anonymous_2)","line":15,"loc":{"start":{"line":15,"column":15},"end":{"line":15,"column":31}}},"3":{"name":"(anonymous_3)","line":33,"loc":{"start":{"line":33,"column":14},"end":{"line":33,"column":26}}},"4":{"name":"(anonymous_4)","line":54,"loc":{"start":{"line":54,"column":10},"end":{"line":54,"column":22}}},"5":{"name":"(anonymous_5)","line":69,"loc":{"start":{"line":69,"column":10},"end":{"line":69,"column":22}}},"6":{"name":"(anonymous_6)","line":91,"loc":{"start":{"line":91,"column":14},"end":{"line":91,"column":26}}},"7":{"name":"(anonymous_7)","line":114,"loc":{"start":{"line":114,"column":22},"end":{"line":114,"column":34}}},"8":{"name":"(anonymous_8)","line":145,"loc":{"start":{"line":145,"column":17},"end":{"line":145,"column":29}}},"9":{"name":"(anonymous_9)","line":183,"loc":{"start":{"line":183,"column":13},"end":{"line":183,"column":25}}},"10":{"name":"(anonymous_10)","line":202,"loc":{"start":{"line":202,"column":10},"end":{"line":202,"column":22}}},"11":{"name":"(anonymous_11)","line":216,"loc":{"start":{"line":216,"column":13},"end":{"line":216,"column":28}}}},"statementMap":{"1":{"start":{"line":1,"column":0},"end":{"line":1,"column":37}},"2":{"start":{"line":2,"column":0},"end":{"line":2,"column":43}},"3":{"start":{"line":3,"column":0},"end":{"line":3,"column":39}},"4":{"start":{"line":4,"column":0},"end":{"line":4,"column":35}},"5":{"start":{"line":6,"column":0},"end":{"line":13,"column":1}},"6":{"start":{"line":8,"column":2},"end":{"line":12,"column":3}},"7":{"start":{"line":9,"column":4},"end":{"line":9,"column":49}},"8":{"start":{"line":11,"column":4},"end":{"line":11,"column":22}},"9":{"start":{"line":15,"column":0},"end":{"line":31,"column":2}},"10":{"start":{"line":17,"column":2},"end":{"line":17,"column":47}},"11":{"start":{"line":20,"column":2},"end":{"line":30,"column":3}},"12":{"start":{"line":21,"column":4},"end":{"line":21,"column":22}},"13":{"start":{"line":23,"column":4},"end":{"line":29,"column":5}},"14":{"start":{"line":24,"column":6},"end":{"line":24,"column":54}},"15":{"start":{"line":25,"column":6},"end":{"line":25,"column":35}},"16":{"start":{"line":27,"column":6},"end":{"line":27,"column":35}},"17":{"start":{"line":28,"column":6},"end":{"line":28,"column":54}},"18":{"start":{"line":33,"column":0},"end":{"line":38,"column":2}},"19":{"start":{"line":34,"column":2},"end":{"line":34,"column":47}},"20":{"start":{"line":35,"column":2},"end":{"line":35,"column":53}},"21":{"start":{"line":36,"column":2},"end":{"line":36,"column":53}},"22":{"start":{"line":37,"column":2},"end":{"line":37,"column":20}},"23":{"start":{"line":40,"column":0},"end":{"line":269,"column":3}},"24":{"start":{"line":55,"column":8},"end":{"line":63,"column":9}},"25":{"start":{"line":56,"column":10},"end":{"line":56,"column":38}},"26":{"start":{"line":58,"column":10},"end":{"line":62,"column":11}},"27":{"start":{"line":59,"column":12},"end":{"line":59,"column":30}},"28":{"start":{"line":61,"column":12},"end":{"line":61,"column":30}},"29":{"start":{"line":70,"column":8},"end":{"line":70,"column":51}},"30":{"start":{"line":72,"column":8},"end":{"line":86,"column":9}},"31":{"start":{"line":73,"column":10},"end":{"line":85,"column":11}},"32":{"start":{"line":74,"column":12},"end":{"line":74,"column":75}},"33":{"start":{"line":75,"column":12},"end":{"line":77,"column":13}},"34":{"start":{"line":76,"column":14},"end":{"line":76,"column":41}},"35":{"start":{"line":78,"column":17},"end":{"line":85,"column":11}},"36":{"start":{"line":79,"column":12},"end":{"line":79,"column":75}},"37":{"start":{"line":80,"column":12},"end":{"line":82,"column":13}},"38":{"start":{"line":81,"column":14},"end":{"line":81,"column":65}},"39":{"start":{"line":84,"column":12},"end":{"line":84,"column":42}},"40":{"start":{"line":87,"column":8},"end":{"line":87,"column":18}},"41":{"start":{"line":92,"column":4},"end":{"line":92,"column":47}},"42":{"start":{"line":93,"column":4},"end":{"line":93,"column":26}},"43":{"start":{"line":95,"column":4},"end":{"line":109,"column":5}},"44":{"start":{"line":96,"column":6},"end":{"line":108,"column":7}},"45":{"start":{"line":97,"column":8},"end":{"line":97,"column":71}},"46":{"start":{"line":98,"column":8},"end":{"line":100,"column":9}},"47":{"start":{"line":99,"column":10},"end":{"line":99,"column":31}},"48":{"start":{"line":101,"column":13},"end":{"line":108,"column":7}},"49":{"start":{"line":102,"column":8},"end":{"line":102,"column":71}},"50":{"start":{"line":103,"column":8},"end":{"line":105,"column":9}},"51":{"start":{"line":104,"column":10},"end":{"line":104,"column":31}},"52":{"start":{"line":107,"column":8},"end":{"line":107,"column":38}},"53":{"start":{"line":112,"column":4},"end":{"line":112,"column":40}},"54":{"start":{"line":113,"column":4},"end":{"line":113,"column":37}},"55":{"start":{"line":114,"column":4},"end":{"line":117,"column":13}},"56":{"start":{"line":115,"column":6},"end":{"line":115,"column":37}},"57":{"start":{"line":116,"column":6},"end":{"line":116,"column":34}},"58":{"start":{"line":146,"column":4},"end":{"line":146,"column":47}},"59":{"start":{"line":147,"column":4},"end":{"line":147,"column":31}},"60":{"start":{"line":149,"column":4},"end":{"line":181,"column":5}},"61":{"start":{"line":150,"column":6},"end":{"line":150,"column":69}},"62":{"start":{"line":151,"column":6},"end":{"line":153,"column":7}},"63":{"start":{"line":152,"column":8},"end":{"line":152,"column":15}},"64":{"start":{"line":155,"column":6},"end":{"line":155,"column":53}},"65":{"start":{"line":156,"column":11},"end":{"line":181,"column":5}},"66":{"start":{"line":157,"column":6},"end":{"line":157,"column":67}},"67":{"start":{"line":158,"column":6},"end":{"line":158,"column":69}},"68":{"start":{"line":159,"column":6},"end":{"line":161,"column":7}},"69":{"start":{"line":160,"column":8},"end":{"line":160,"column":15}},"70":{"start":{"line":162,"column":6},"end":{"line":162,"column":33}},"71":{"start":{"line":164,"column":6},"end":{"line":164,"column":54}},"72":{"start":{"line":165,"column":6},"end":{"line":167,"column":7}},"73":{"start":{"line":166,"column":8},"end":{"line":166,"column":14}},"74":{"start":{"line":169,"column":6},"end":{"line":172,"column":7}},"75":{"start":{"line":171,"column":8},"end":{"line":171,"column":14}},"76":{"start":{"line":174,"column":6},"end":{"line":174,"column":38}},"77":{"start":{"line":176,"column":6},"end":{"line":176,"column":30}},"78":{"start":{"line":177,"column":6},"end":{"line":177,"column":29}},"79":{"start":{"line":180,"column":6},"end":{"line":180,"column":30}},"80":{"start":{"line":184,"column":4},"end":{"line":184,"column":47}},"81":{"start":{"line":185,"column":4},"end":{"line":187,"column":5}},"82":{"start":{"line":186,"column":6},"end":{"line":186,"column":13}},"83":{"start":{"line":189,"column":4},"end":{"line":189,"column":31}},"84":{"start":{"line":190,"column":4},"end":{"line":196,"column":5}},"85":{"start":{"line":191,"column":6},"end":{"line":191,"column":69}},"86":{"start":{"line":192,"column":6},"end":{"line":192,"column":42}},"87":{"start":{"line":193,"column":11},"end":{"line":196,"column":5}},"88":{"start":{"line":194,"column":6},"end":{"line":194,"column":69}},"89":{"start":{"line":195,"column":6},"end":{"line":195,"column":42}},"90":{"start":{"line":197,"column":4},"end":{"line":197,"column":26}},"91":{"start":{"line":198,"column":4},"end":{"line":198,"column":27}},"92":{"start":{"line":200,"column":4},"end":{"line":200,"column":45}},"93":{"start":{"line":203,"column":4},"end":{"line":203,"column":34}},"94":{"start":{"line":205,"column":4},"end":{"line":205,"column":18}},"95":{"start":{"line":206,"column":4},"end":{"line":206,"column":47}},"96":{"start":{"line":208,"column":4},"end":{"line":267,"column":7}},"97":{"start":{"line":218,"column":8},"end":{"line":220,"column":9}},"98":{"start":{"line":219,"column":10},"end":{"line":219,"column":17}},"99":{"start":{"line":225,"column":8},"end":{"line":225,"column":28}},"100":{"start":{"line":226,"column":8},"end":{"line":226,"column":51}},"101":{"start":{"line":227,"column":8},"end":{"line":227,"column":22}},"102":{"start":{"line":229,"column":8},"end":{"line":229,"column":56}},"103":{"start":{"line":230,"column":8},"end":{"line":233,"column":9}},"104":{"start":{"line":231,"column":10},"end":{"line":231,"column":45}},"105":{"start":{"line":232,"column":10},"end":{"line":232,"column":17}},"106":{"start":{"line":236,"column":8},"end":{"line":238,"column":9}},"107":{"start":{"line":237,"column":10},"end":{"line":237,"column":17}},"108":{"start":{"line":240,"column":8},"end":{"line":240,"column":35}},"109":{"start":{"line":241,"column":8},"end":{"line":258,"column":9}},"110":{"start":{"line":242,"column":10},"end":{"line":247,"column":13}},"111":{"start":{"line":248,"column":10},"end":{"line":248,"column":28}},"112":{"start":{"line":249,"column":15},"end":{"line":258,"column":9}},"113":{"start":{"line":250,"column":10},"end":{"line":254,"column":13}},"114":{"start":{"line":256,"column":10},"end":{"line":256,"column":40}},"115":{"start":{"line":257,"column":10},"end":{"line":257,"column":17}},"116":{"start":{"line":259,"column":8},"end":{"line":259,"column":27}},"117":{"start":{"line":260,"column":8},"end":{"line":260,"column":31}},"118":{"start":{"line":263,"column":8},"end":{"line":263,"column":30}},"119":{"start":{"line":265,"column":8},"end":{"line":265,"column":38}}},"branchMap":{"1":{"line":8,"type":"if","locations":[{"start":{"line":8,"column":2},"end":{"line":8,"column":2}},{"start":{"line":8,"column":2},"end":{"line":8,"column":2}}]},"2":{"line":20,"type":"if","locations":[{"start":{"line":20,"column":2},"end":{"line":20,"column":2}},{"start":{"line":20,"column":2},"end":{"line":20,"column":2}}]},"3":{"line":23,"type":"if","locations":[{"start":{"line":23,"column":4},"end":{"line":23,"column":4}},{"start":{"line":23,"column":4},"end":{"line":23,"column":4}}]},"4":{"line":55,"type":"if","locations":[{"start":{"line":55,"column":8},"end":{"line":55,"column":8}},{"start":{"line":55,"column":8},"end":{"line":55,"column":8}}]},"5":{"line":58,"type":"if","locations":[{"start":{"line":58,"column":10},"end":{"line":58,"column":10}},{"start":{"line":58,"column":10},"end":{"line":58,"column":10}}]},"6":{"line":72,"type":"if","locations":[{"start":{"line":72,"column":8},"end":{"line":72,"column":8}},{"start":{"line":72,"column":8},"end":{"line":72,"column":8}}]},"7":{"line":73,"type":"if","locations":[{"start":{"line":73,"column":10},"end":{"line":73,"column":10}},{"start":{"line":73,"column":10},"end":{"line":73,"column":10}}]},"8":{"line":75,"type":"if","locations":[{"start":{"line":75,"column":12},"end":{"line":75,"column":12}},{"start":{"line":75,"column":12},"end":{"line":75,"column":12}}]},"9":{"line":78,"type":"if","locations":[{"start":{"line":78,"column":17},"end":{"line":78,"column":17}},{"start":{"line":78,"column":17},"end":{"line":78,"column":17}}]},"10":{"line":80,"type":"if","locations":[{"start":{"line":80,"column":12},"end":{"line":80,"column":12}},{"start":{"line":80,"column":12},"end":{"line":80,"column":12}}]},"11":{"line":95,"type":"if","locations":[{"start":{"line":95,"column":4},"end":{"line":95,"column":4}},{"start":{"line":95,"column":4},"end":{"line":95,"column":4}}]},"12":{"line":96,"type":"if","locations":[{"start":{"line":96,"column":6},"end":{"line":96,"column":6}},{"start":{"line":96,"column":6},"end":{"line":96,"column":6}}]},"13":{"line":98,"type":"if","locations":[{"start":{"line":98,"column":8},"end":{"line":98,"column":8}},{"start":{"line":98,"column":8},"end":{"line":98,"column":8}}]},"14":{"line":101,"type":"if","locations":[{"start":{"line":101,"column":13},"end":{"line":101,"column":13}},{"start":{"line":101,"column":13},"end":{"line":101,"column":13}}]},"15":{"line":103,"type":"if","locations":[{"start":{"line":103,"column":8},"end":{"line":103,"column":8}},{"start":{"line":103,"column":8},"end":{"line":103,"column":8}}]},"16":{"line":149,"type":"if","locations":[{"start":{"line":149,"column":4},"end":{"line":149,"column":4}},{"start":{"line":149,"column":4},"end":{"line":149,"column":4}}]},"17":{"line":151,"type":"if","locations":[{"start":{"line":151,"column":6},"end":{"line":151,"column":6}},{"start":{"line":151,"column":6},"end":{"line":151,"column":6}}]},"18":{"line":156,"type":"if","locations":[{"start":{"line":156,"column":11},"end":{"line":156,"column":11}},{"start":{"line":156,"column":11},"end":{"line":156,"column":11}}]},"19":{"line":159,"type":"if","locations":[{"start":{"line":159,"column":6},"end":{"line":159,"column":6}},{"start":{"line":159,"column":6},"end":{"line":159,"column":6}}]},"20":{"line":165,"type":"if","locations":[{"start":{"line":165,"column":6},"end":{"line":165,"column":6}},{"start":{"line":165,"column":6},"end":{"line":165,"column":6}}]},"21":{"line":169,"type":"if","locations":[{"start":{"line":169,"column":6},"end":{"line":169,"column":6}},{"start":{"line":169,"column":6},"end":{"line":169,"column":6}}]},"22":{"line":169,"type":"binary-expr","locations":[{"start":{"line":169,"column":10},"end":{"line":169,"column":41}},{"start":{"line":169,"column":45},"end":{"line":169,"column":86}}]},"23":{"line":185,"type":"if","locations":[{"start":{"line":185,"column":4},"end":{"line":185,"column":4}},{"start":{"line":185,"column":4},"end":{"line":185,"column":4}}]},"24":{"line":185,"type":"binary-expr","locations":[{"start":{"line":185,"column":8},"end":{"line":185,"column":15}},{"start":{"line":185,"column":19},"end":{"line":185,"column":33}}]},"25":{"line":190,"type":"if","locations":[{"start":{"line":190,"column":4},"end":{"line":190,"column":4}},{"start":{"line":190,"column":4},"end":{"line":190,"column":4}}]},"26":{"line":193,"type":"if","locations":[{"start":{"line":193,"column":11},"end":{"line":193,"column":11}},{"start":{"line":193,"column":11},"end":{"line":193,"column":11}}]},"27":{"line":218,"type":"if","locations":[{"start":{"line":218,"column":8},"end":{"line":218,"column":8}},{"start":{"line":218,"column":8},"end":{"line":218,"column":8}}]},"28":{"line":230,"type":"if","locations":[{"start":{"line":230,"column":8},"end":{"line":230,"column":8}},{"start":{"line":230,"column":8},"end":{"line":230,"column":8}}]},"29":{"line":236,"type":"if","locations":[{"start":{"line":236,"column":8},"end":{"line":236,"column":8}},{"start":{"line":236,"column":8},"end":{"line":236,"column":8}}]},"30":{"line":241,"type":"if","locations":[{"start":{"line":241,"column":8},"end":{"line":241,"column":8}},{"start":{"line":241,"column":8},"end":{"line":241,"column":8}}]},"31":{"line":245,"type":"binary-expr","locations":[{"start":{"line":245,"column":24},"end":{"line":245,"column":43}},{"start":{"line":245,"column":48},"end":{"line":245,"column":67}}]},"32":{"line":249,"type":"if","locations":[{"start":{"line":249,"column":15},"end":{"line":249,"column":15}},{"start":{"line":249,"column":15},"end":{"line":249,"column":15}}]}}},"/home/daisycutter/github/nlesc/spot/src/pages/analyze/slots.js":{"path":"/home/daisycutter/github/nlesc/spot/src/pages/analyze/slots.js","s":{"1":0,"2":0,"3":0,"4":0,"5":0,"6":0},"b":{},"f":{"1":0},"fnMap":{"1":{"name":"(anonymous_1)","line":6,"loc":{"start":{"line":6,"column":10},"end":{"line":6,"column":22}}}},"statementMap":{"1":{"start":{"line":1,"column":0},"end":{"line":1,"column":37}},"2":{"start":{"line":2,"column":0},"end":{"line":2,"column":33}},"3":{"start":{"line":4,"column":0},"end":{"line":11,"column":3}},"4":{"start":{"line":7,"column":4},"end":{"line":7,"column":34}},"5":{"start":{"line":8,"column":4},"end":{"line":8,"column":80}},"6":{"start":{"line":9,"column":4},"end":{"line":9,"column":16}}},"branchMap":{}},"/home/daisycutter/github/nlesc/spot/src/pages/analyze/widget-frame.js":{"path":"/home/daisycutter/github/nlesc/spot/src/pages/analyze/widget-frame.js","s":{"1":0,"2":0,"3":0,"4":0,"5":0,"6":0,"7":0,"8":0,"9":0,"10":0,"11":0,"12":0,"13":0,"14":0,"15":0,"16":0,"17":0,"18":0,"19":0,"20":0,"21":0,"22":0,"23":0,"24":0,"25":0,"26":0,"27":0,"28":0,"29":0,"30":0,"31":0,"32":0,"33":0,"34":0,"35":0,"36":0,"37":0,"38":0,"39":0,"40":0,"41":0,"42":0,"43":0,"44":0,"45":0,"46":0,"47":0,"48":0,"49":0,"50":0,"51":0,"52":0,"53":0,"54":0,"55":0},"b":{"1":[0,0],"2":[0,0],"3":[0,0],"4":[0,0]},"f":{"1":0,"2":0,"3":0,"4":0,"5":0,"6":0,"7":0,"8":0,"9":0,"10":0,"11":0,"12":0,"13":0,"14":0,"15":0},"fnMap":{"1":{"name":"removeWidget","line":12,"loc":{"start":{"line":12,"column":0},"end":{"line":12,"column":37}}},"2":{"name":"(anonymous_2)","line":30,"loc":{"start":{"line":30,"column":14},"end":{"line":30,"column":30}}},"3":{"name":"(anonymous_3)","line":51,"loc":{"start":{"line":51,"column":10},"end":{"line":51,"column":22}}},"4":{"name":"(anonymous_4)","line":84,"loc":{"start":{"line":84,"column":33},"end":{"line":84,"column":45}}},"5":{"name":"(anonymous_5)","line":89,"loc":{"start":{"line":89,"column":10},"end":{"line":89,"column":24}}},"6":{"name":"(anonymous_6)","line":93,"loc":{"start":{"line":93,"column":11},"end":{"line":93,"column":23}}},"7":{"name":"(anonymous_7)","line":97,"loc":{"start":{"line":97,"column":12},"end":{"line":97,"column":24}}},"8":{"name":"(anonymous_8)","line":106,"loc":{"start":{"line":106,"column":20},"end":{"line":106,"column":36}}},"9":{"name":"(anonymous_9)","line":118,"loc":{"start":{"line":118,"column":28},"end":{"line":118,"column":44}}},"10":{"name":"(anonymous_10)","line":123,"loc":{"start":{"line":123,"column":14},"end":{"line":123,"column":26}}},"11":{"name":"(anonymous_11)","line":126,"loc":{"start":{"line":126,"column":14},"end":{"line":126,"column":26}}},"12":{"name":"(anonymous_12)","line":129,"loc":{"start":{"line":129,"column":15},"end":{"line":129,"column":27}}},"13":{"name":"(anonymous_13)","line":132,"loc":{"start":{"line":132,"column":10},"end":{"line":132,"column":22}}},"14":{"name":"(anonymous_14)","line":137,"loc":{"start":{"line":137,"column":17},"end":{"line":137,"column":29}}},"15":{"name":"(anonymous_15)","line":144,"loc":{"start":{"line":144,"column":19},"end":{"line":144,"column":38}}}},"statementMap":{"1":{"start":{"line":1,"column":0},"end":{"line":1,"column":37}},"2":{"start":{"line":2,"column":0},"end":{"line":2,"column":43}},"3":{"start":{"line":3,"column":0},"end":{"line":3,"column":35}},"4":{"start":{"line":4,"column":0},"end":{"line":4,"column":33}},"5":{"start":{"line":5,"column":0},"end":{"line":5,"column":26}},"6":{"start":{"line":6,"column":0},"end":{"line":6,"column":38}},"7":{"start":{"line":10,"column":0},"end":{"line":10,"column":20}},"8":{"start":{"line":12,"column":0},"end":{"line":26,"column":1}},"9":{"start":{"line":14,"column":2},"end":{"line":14,"column":34}},"10":{"start":{"line":15,"column":2},"end":{"line":15,"column":25}},"11":{"start":{"line":16,"column":2},"end":{"line":16,"column":24}},"12":{"start":{"line":19,"column":2},"end":{"line":19,"column":64}},"13":{"start":{"line":20,"column":2},"end":{"line":20,"column":44}},"14":{"start":{"line":23,"column":2},"end":{"line":23,"column":32}},"15":{"start":{"line":24,"column":2},"end":{"line":24,"column":31}},"16":{"start":{"line":25,"column":2},"end":{"line":25,"column":16}},"17":{"start":{"line":28,"column":0},"end":{"line":151,"column":3}},"18":{"start":{"line":31,"column":4},"end":{"line":31,"column":26}},"19":{"start":{"line":36,"column":4},"end":{"line":36,"column":28}},"20":{"start":{"line":38,"column":4},"end":{"line":41,"column":7}},"21":{"start":{"line":42,"column":4},"end":{"line":42,"column":41}},"22":{"start":{"line":53,"column":8},"end":{"line":53,"column":40}},"23":{"start":{"line":53,"column":27},"end":{"line":53,"column":40}},"24":{"start":{"line":56,"column":8},"end":{"line":56,"column":73}},"25":{"start":{"line":57,"column":8},"end":{"line":57,"column":39}},"26":{"start":{"line":84,"column":47},"end":{"line":84,"column":78}},"27":{"start":{"line":90,"column":4},"end":{"line":90,"column":31}},"28":{"start":{"line":91,"column":4},"end":{"line":91,"column":30}},"29":{"start":{"line":94,"column":4},"end":{"line":94,"column":32}},"30":{"start":{"line":95,"column":4},"end":{"line":95,"column":30}},"31":{"start":{"line":99,"column":4},"end":{"line":99,"column":28}},"32":{"start":{"line":100,"column":4},"end":{"line":100,"column":41}},"33":{"start":{"line":102,"column":4},"end":{"line":102,"column":59}},"34":{"start":{"line":103,"column":4},"end":{"line":103,"column":38}},"35":{"start":{"line":105,"column":4},"end":{"line":121,"column":5}},"36":{"start":{"line":106,"column":6},"end":{"line":108,"column":22}},"37":{"start":{"line":107,"column":8},"end":{"line":107,"column":42}},"38":{"start":{"line":110,"column":6},"end":{"line":110,"column":56}},"39":{"start":{"line":111,"column":6},"end":{"line":111,"column":48}},"40":{"start":{"line":112,"column":6},"end":{"line":112,"column":42}},"41":{"start":{"line":113,"column":6},"end":{"line":113,"column":44}},"42":{"start":{"line":114,"column":6},"end":{"line":114,"column":34}},"43":{"start":{"line":115,"column":6},"end":{"line":115,"column":66}},"44":{"start":{"line":116,"column":6},"end":{"line":116,"column":38}},"45":{"start":{"line":118,"column":6},"end":{"line":120,"column":22}},"46":{"start":{"line":119,"column":8},"end":{"line":119,"column":42}},"47":{"start":{"line":124,"column":4},"end":{"line":124,"column":26}},"48":{"start":{"line":127,"column":4},"end":{"line":127,"column":27}},"49":{"start":{"line":130,"column":4},"end":{"line":130,"column":42}},"50":{"start":{"line":133,"column":4},"end":{"line":133,"column":34}},"51":{"start":{"line":134,"column":4},"end":{"line":134,"column":81}},"52":{"start":{"line":135,"column":4},"end":{"line":135,"column":16}},"53":{"start":{"line":139,"column":4},"end":{"line":139,"column":32}},"54":{"start":{"line":146,"column":8},"end":{"line":146,"column":45}},"55":{"start":{"line":147,"column":8},"end":{"line":147,"column":48}}},"branchMap":{"1":{"line":53,"type":"if","locations":[{"start":{"line":53,"column":8},"end":{"line":53,"column":8}},{"start":{"line":53,"column":8},"end":{"line":53,"column":8}}]},"2":{"line":56,"type":"binary-expr","locations":[{"start":{"line":56,"column":20},"end":{"line":56,"column":44}},{"start":{"line":56,"column":48},"end":{"line":56,"column":72}}]},"3":{"line":57,"type":"binary-expr","locations":[{"start":{"line":57,"column":15},"end":{"line":57,"column":20}},{"start":{"line":57,"column":24},"end":{"line":57,"column":38}}]},"4":{"line":105,"type":"if","locations":[{"start":{"line":105,"column":4},"end":{"line":105,"column":4}},{"start":{"line":105,"column":4},"end":{"line":105,"column":4}}]}}},"/home/daisycutter/github/nlesc/spot/src/pages/base.js":{"path":"/home/daisycutter/github/nlesc/spot/src/pages/base.js","s":{"1":0,"2":0},"b":{},"f":{"1":0,"2":0},"fnMap":{"1":{"name":"(anonymous_1)","line":6,"loc":{"start":{"line":6,"column":29},"end":{"line":6,"column":41}}},"2":{"name":"(anonymous_2)","line":16,"loc":{"start":{"line":16,"column":31},"end":{"line":16,"column":43}}}},"statementMap":{"1":{"start":{"line":1,"column":0},"end":{"line":1,"column":37}},"2":{"start":{"line":4,"column":0},"end":{"line":22,"column":3}}},"branchMap":{}},"/home/daisycutter/github/nlesc/spot/src/pages/configure-dataset.js":{"path":"/home/daisycutter/github/nlesc/spot/src/pages/configure-dataset.js","s":{"1":0,"2":0,"3":0,"4":0,"5":0,"6":0,"7":0,"8":0,"9":0,"10":0,"11":0,"12":0,"13":0,"14":0,"15":0,"16":0,"17":0,"18":0,"19":0,"20":0,"21":0,"22":0,"23":0,"24":0,"25":0,"26":0,"27":0,"28":0,"29":0,"30":0,"31":0,"32":0,"33":0,"34":0,"35":0,"36":0,"37":0,"38":0,"39":0,"40":0,"41":0,"42":0,"43":0,"44":0,"45":0,"46":0,"47":0,"48":0,"49":0,"50":0,"51":0,"52":0,"53":0,"54":0,"55":0},"b":{"1":[0,0],"2":[0,0],"3":[0,0],"4":[0,0],"5":[0,0]},"f":{"1":0,"2":0,"3":0,"4":0,"5":0,"6":0,"7":0,"8":0,"9":0,"10":0,"11":0,"12":0,"13":0,"14":0,"15":0,"16":0},"fnMap":{"1":{"name":"(anonymous_1)","line":13,"loc":{"start":{"line":13,"column":10},"end":{"line":13,"column":22}}},"2":{"name":"(anonymous_2)","line":27,"loc":{"start":{"line":27,"column":14},"end":{"line":27,"column":26}}},"3":{"name":"(anonymous_3)","line":32,"loc":{"start":{"line":32,"column":22},"end":{"line":32,"column":34}}},"4":{"name":"(anonymous_4)","line":38,"loc":{"start":{"line":38,"column":32},"end":{"line":38,"column":44}}},"5":{"name":"(anonymous_5)","line":39,"loc":{"start":{"line":39,"column":17},"end":{"line":39,"column":29}}},"6":{"name":"(anonymous_6)","line":81,"loc":{"start":{"line":81,"column":19},"end":{"line":81,"column":31}}},"7":{"name":"(anonymous_7)","line":91,"loc":{"start":{"line":91,"column":20},"end":{"line":91,"column":32}}},"8":{"name":"(anonymous_8)","line":101,"loc":{"start":{"line":101,"column":9},"end":{"line":101,"column":21}}},"9":{"name":"(anonymous_9)","line":107,"loc":{"start":{"line":107,"column":11},"end":{"line":107,"column":23}}},"10":{"name":"(anonymous_10)","line":111,"loc":{"start":{"line":111,"column":18},"end":{"line":111,"column":30}}},"11":{"name":"(anonymous_11)","line":115,"loc":{"start":{"line":115,"column":7},"end":{"line":115,"column":19}}},"12":{"name":"(anonymous_12)","line":118,"loc":{"start":{"line":118,"column":10},"end":{"line":118,"column":22}}},"13":{"name":"(anonymous_13)","line":121,"loc":{"start":{"line":121,"column":10},"end":{"line":121,"column":22}}},"14":{"name":"(anonymous_14)","line":127,"loc":{"start":{"line":127,"column":9},"end":{"line":127,"column":21}}},"15":{"name":"(anonymous_15)","line":131,"loc":{"start":{"line":131,"column":10},"end":{"line":131,"column":22}}},"16":{"name":"(anonymous_16)","line":137,"loc":{"start":{"line":137,"column":30},"end":{"line":137,"column":43}}}},"statementMap":{"1":{"start":{"line":1,"column":0},"end":{"line":1,"column":33}},"2":{"start":{"line":2,"column":0},"end":{"line":2,"column":40}},"3":{"start":{"line":3,"column":0},"end":{"line":3,"column":74}},"4":{"start":{"line":4,"column":0},"end":{"line":4,"column":35}},"5":{"start":{"line":5,"column":0},"end":{"line":5,"column":26}},"6":{"start":{"line":11,"column":0},"end":{"line":144,"column":3}},"7":{"start":{"line":14,"column":4},"end":{"line":14,"column":30}},"8":{"start":{"line":16,"column":4},"end":{"line":19,"column":5}},"9":{"start":{"line":17,"column":6},"end":{"line":17,"column":29}},"10":{"start":{"line":18,"column":6},"end":{"line":18,"column":98}},"11":{"start":{"line":20,"column":4},"end":{"line":20,"column":62}},"12":{"start":{"line":23,"column":4},"end":{"line":25,"column":5}},"13":{"start":{"line":24,"column":6},"end":{"line":24,"column":24}},"14":{"start":{"line":28,
[...]
art":{"line":3,"column":0},"end":{"line":3,"column":37}},"4":{"start":{"line":4,"column":0},"end":{"line":4,"column":30}},"5":{"start":{"line":8,"column":0},"end":{"line":8,"column":31}},"6":{"start":{"line":9,"column":0},"end":{"line":9,"column":38}},"7":{"start":{"line":10,"column":0},"end":{"line":10,"column":43}},"8":{"start":{"line":12,"column":0},"end":{"line":20,"column":1}},"9":{"start":{"line":13,"column":2},"end":{"line":17,"column":3}},"10":{"start":{"line":14,"column":4},"end":{"line":14,"column":34}},"11":{"start":{"line":15,"column":4},"end":{"line":15,"column":23}},"12":{"start":{"line":16,"column":4},"end":{"line":16,"column":23}},"13":{"start":{"line":18,"column":2},"end":{"line":18,"column":22}},"14":{"start":{"line":19,"column":2},"end":{"line":19,"column":29}},"15":{"start":{"line":22,"column":0},"end":{"line":45,"column":1}},"16":{"start":{"line":24,"column":2},"end":{"line":24,"column":42}},"17":{"start":{"line":27,"column":2},"end":{"line":33,"column":5}},"18":{"start":{"line":36,"column":2},"end":{"line":36,"column":36}},"19":{"start":{"line":39,"column":2},"end":{"line":39,"column":19}},"20":{"start":{"line":42,"column":2},"end":{"line":42,"column":19}},"21":{"start":{"line":44,"column":2},"end":{"line":44,"column":28}},"22":{"start":{"line":48,"column":0},"end":{"line":75,"column":1}},"23":{"start":{"line":49,"column":2},"end":{"line":49,"column":12}},"24":{"start":{"line":50,"column":2},"end":{"line":50,"column":8}},"25":{"start":{"line":51,"column":2},"end":{"line":51,"column":8}},"26":{"start":{"line":53,"column":2},"end":{"line":74,"column":3}},"27":{"start":{"line":55,"column":4},"end":{"line":63,"column":5}},"28":{"start":{"line":56,"column":6},"end":{"line":56,"column":31}},"29":{"start":{"line":57,"column":6},"end":{"line":57,"column":31}},"30":{"start":{"line":60,"column":6},"end":{"line":60,"column":56}},"31":{"start":{"line":61,"column":6},"end":{"line":61,"column":33}},"32":{"start":{"line":62,"column":6},"end":{"line":62,"column":33}},"33":{"start":{"line":65,"column":4},"end":{"line":72,"column":7}},"34":{"start":{"line":73,"column":4},"end":{"line":73,"column":19}},"35":{"start":{"line":77,"column":0},"end":{"line":119,"column":1}},"36":{"start":{"line":78,"column":2},"end":{"line":78,"column":33}},"37":{"start":{"line":79,"column":2},"end":{"line":79,"column":23}},"38":{"start":{"line":80,"column":2},"end":{"line":80,"column":12}},"39":{"start":{"line":81,"column":2},"end":{"line":81,"column":11}},"40":{"start":{"line":83,"column":2},"end":{"line":83,"column":66}},"41":{"start":{"line":84,"column":2},"end":{"line":92,"column":3}},"42":{"start":{"line":85,"column":4},"end":{"line":85,"column":19}},"43":{"start":{"line":86,"column":4},"end":{"line":88,"column":7}},"44":{"start":{"line":87,"column":6},"end":{"line":87,"column":35}},"45":{"start":{"line":90,"column":4},"end":{"line":90,"column":14}},"46":{"start":{"line":91,"column":4},"end":{"line":91,"column":18}},"47":{"start":{"line":95,"column":2},"end":{"line":118,"column":5}},"48":{"start":{"line":96,"column":4},"end":{"line":117,"column":5}},"49":{"start":{"line":97,"column":6},"end":{"line":97,"column":30}},"50":{"start":{"line":98,"column":6},"end":{"line":98,"column":30}},"51":{"start":{"line":100,"column":6},"end":{"line":106,"column":7}},"52":{"start":{"line":101,"column":8},"end":{"line":105,"column":9}},"53":{"start":{"line":102,"column":10},"end":{"line":102,"column":39}},"54":{"start":{"line":104,"column":10},"end":{"line":104,"column":17}},"55":{"start":{"line":109,"column":6},"end":{"line":116,"column":9}},"56":{"start":{"line":121,"column":0},"end":{"line":147,"column":1}},"57":{"start":{"line":122,"column":2},"end":{"line":124,"column":3}},"58":{"start":{"line":123,"column":4},"end":{"line":123,"column":11}},"59":{"start":{"line":127,"column":2},"end":{"line":127,"column":32}},"60":{"start":{"line":128,"column":2},"end":{"line":128,"column":19}},"61":{"start":{"line":129,"column":2},"end":{"line":129,"column":19}},"62":{"start":{"line":130,"column":2},"end":{"line":132,"column":5}},"63":{"start":{"line":131,"column":4},"end":{"line":131,"column":32}},"64":{"start":{"line":133,"column":2},"end":{"line":133,"column":28}},"65":{"start":{"line":136,"column":2},"end":{"line":136,"column":18}},"66":{"start":{"line":137,"column":2},"end":{"line":137,"column":24}},"67":{"start":{"line":139,"column":2},"end":{"line":146,"column":5}},"68":{"start":{"line":149,"column":0},"end":{"line":163,"column":3}},"69":{"start":{"line":153,"column":4},"end":{"line":153,"column":17}},"70":{"start":{"line":157,"column":4},"end":{"line":157,"column":20}},"71":{"start":{"line":161,"column":4},"end":{"line":161,"column":22}}},"branchMap":{"1":{"line":13,"type":"if","locations":[{"start":{"line":13,"column":2},"end":{"line":13,"column":2}},{"start":{"line":13,"column":2},"end":{"line":13,"column":2}}]},"2":{"line":53,"type":"if","locations":[{"start":{"line":53,"column":2},"end":{"line":53,"column":2}},{"start":{"line":53,"column":2},"end":{"line":53,"column":2}}]},"3":{"line":55,"type":"if","locations":[{"start":{"line":55,"column":4},"end":{"line":55,"column":4}},{"start":{"line":55,"column":4},"end":{"line":55,"column":4}}]},"4":{"line":84,"type":"if","locations":[{"start":{"line":84,"column":2},"end":{"line":84,"column":2}},{"start":{"line":84,"column":2},"end":{"line":84,"column":2}}]},"5":{"line":96,"type":"if","locations":[{"start":{"line":96,"column":4},"end":{"line":96,"column":4}},{"start":{"line":96,"column":4},"end":{"line":96,"column":4}}]},"6":{"line":96,"type":"binary-expr","locations":[{"start":{"line":96,"column":8},"end":{"line":96,"column":25}},{"start":{"line":96,"column":29},"end":{"line":96,"column":47}},{"start":{"line":96,"column":51},"end":{"line":96,"column":69}}]},"7":{"line":100,"type":"if","locations":[{"start":{"line":100,"column":6},"end":{"line":100,"column":6}},{"start":{"line":100,"column":6},"end":{"line":100,"column":6}}]},"8":{"line":101,"type":"if","locations":[{"start":{"line":101,"column":8},"end":{"line":101,"column":8}},{"start":{"line":101,"column":8},"end":{"line":101,"column":8}}]},"9":{"line":122,"type":"if","locations":[{"start":{"line":122,"column":2},"end":{"line":122,"column":2}},{"start":{"line":122,"column":2},"end":{"line":122,"column":2}}]}}},"/home/daisycutter/github/nlesc/spot/src/widgets/views/util.js":{"path":"/home/daisycutter/github/nlesc/spot/src/widgets/views/util.js","s":{"1":0,"2":0,"3":0,"4":0,"5":0,"6":0,"7":0,"8":0,"9":0,"10":0,"11":0,"12":0,"13":0,"14":0,"15":0,"16":0,"17":0,"18":0,"19":0,"20":0,"21":0,"22":0,"23":0,"24":0,"25":0,"26":0,"27":0,"28":0,"29":0,"30":0,"31":0,"32":0,"33":0,"34":0,"35":0,"36":0,"37":0,"38":0,"39":0,"40":0,"41":0,"42":0,"43":0,"44":0,"45":0,"46":0,"47":0,"48":0,"49":0,"50":0,"51":0,"52":0,"53":0,"54":0,"55":0,"56":0,"57":0,"58":0,"59":0,"60":0,"61":0,"62":0,"63":0,"64":0,"65":0,"66":0,"67":0,"68":0},"b":{"1":[0,0],"2":[0,0],"3":[0,0],"4":[0,0],"5":[0,0],"6":[0,0],"7":[0,0],"8":[0,0],"9":[0,0],"10":[0,0,0],"11":[0,0],"12":[0,0],"13":[0,0],"14":[0,0],"15":[0,0],"16":[0,0],"17":[0,0],"18":[0,0],"19":[0,0],"20":[0,0],"21":[0,0]},"f":{"1":0,"2":0},"fnMap":{"1":{"name":"partitionValueToIndex","line":10,"loc":{"start":{"line":10,"column":0},"end":{"line":10,"column":50}}},"2":{"name":"resizeChartjsData","line":38,"loc":{"start":{"line":38,"column":0},"end":{"line":38,"column":72}}}},"statementMap":{"1":{"start":{"line":1,"column":0},"end":{"line":1,"column":37}},"2":{"start":{"line":10,"column":0},"end":{"line":28,"column":1}},"3":{"start":{"line":11,"column":2},"end":{"line":11,"column":12}},"4":{"start":{"line":13,"column":2},"end":{"line":16,"column":3}},"5":{"start":{"line":15,"column":4},"end":{"line":15,"column":13}},"6":{"start":{"line":19,"column":2},"end":{"line":19,"column":47}},"7":{"start":{"line":21,"column":2},"end":{"line":27,"column":3}},"8":{"start":{"line":23,"column":4},"end":{"line":23,"column":28}},"9":{"start":{"line":26,"column":4},"end":{"line":26,"column":16}},"10":{"start":{"line":38,"column":0},"end":{"line":143,"column":1}},"11":{"start":{"line":39,"column":2},"end":{"line":39,"column":52}},"12":{"start":{"line":40,"column":2},"end":{"line":40,"column":52}},"13":{"start":{"line":42,"column":2},"end":{"line":42,"column":26}},"14":{"start":{"line":43,"column":2},"end":{"line":43,"column":41}},"15":{"start":{"line":44,"column":2},"end":{"line":44,"column":59}},"16":{"start":{"line":45,"column":2},"end":{"line":45,"column":55}},"17":{"start":{"line":47,"column":2},"end":{"line":47,"column":8}},"18":{"start":{"line":48,"column":2},"end":{"line":48,"column":8}},"19":{"start":{"line":49,"column":2},"end":{"line":49,"column":10}},"20":{"start":{"line":52,"column":2},"end":{"line":56,"column":3}},"21":{"start":{"line":53,"column":4},"end":{"line":55,"column":5}},"22":{"start":{"line":54,"column":6},"end":{"line":54,"column":62}},"23":{"start":{"line":58,"column":2},"end":{"line":58,"column":49}},"24":{"start":{"line":61,"column":2},"end":{"line":61,"column":28}},"25":{"start":{"line":62,"column":2},"end":{"line":64,"column":3}},"26":{"start":{"line":63,"column":4},"end":{"line":63,"column":38}},"27":{"start":{"line":66,"column":2},"end":{"line":90,"column":3}},"28":{"start":{"line":68,"column":4},"end":{"line":68,"column":75}},"29":{"start":{"line":71,"column":4},"end":{"line":71,"column":48}},"30":{"start":{"line":72,"column":4},"end":{"line":74,"column":5}},"31":{"start":{"line":73,"column":6},"end":{"line":73,"column":48}},"32":{"start":{"line":75,"column":4},"end":{"line":75,"column":49}},"33":{"start":{"line":76,"column":4},"end":{"line":78,"column":5}},"34":{"start":{"line":77,"column":6},"end":{"line":77,"column":49}},"35":{"start":{"line":81,"column":4},"end":{"line":89,"column":5}},"36":{"start":{"line":82,"column":6},"end":{"line":88,"column":7}},"37":{"start":{"line":83,"column":8},"end":{"line":83,"column":43}},"38":{"start":{"line":84,"column":8},"end":{"line":84,"column":44}},"39":{"start":{"line":86,"column":8},"end":{"line":86,"column":42}},"40":{"start":{"line":87,"column":8},"end":{"line":87,"column":43}},"41":{"start":{"line":93,"column":2},"end":{"line":112,"column":3}},"42":{"start":{"line":95,"column":4},"end":{"line":106,"column":5}},"43":{"start":{"line":96,"column":6},"end":{"line":96,"column":49}},"44":{"start":{"line":97,"column":6},"end":{"line":97,"column":45}},"45":{"start":{"line":98,"column":6},"end":{"line":101,"column":7}},"46":{"start":{"line":99,"column":8},"end":{"line":99,"column":76}},"47":{"start":{"line":103,"column":6},"end":{"line":103,"column":71}},"48":{"start":{"line":104,"column":6},"end":{"line":104,"column":67}},"49":{"start":{"line":105,"column":6},"end":{"line":105,"column":41}},"50":{"start":{"line":109,"column":4},"end":{"line":111,"column":5}},"51":{"start":{"line":110,"column":6},"end":{"line":110,"column":70}},"52":{"start":{"line":114,"column":2},"end":{"line":116,"column":3}},"53":{"start":{"line":115,"column":4},"end":{"line":115,"column":11}},"54":{"start":{"line":119,"column":2},"end":{"line":142,"column":3}},"55":{"start":{"line":120,"column":4},"end":{"line":120,"column":47}},"56":{"start":{"line":121,"column":4},"end":{"line":121,"column":42}},"57":{"start":{"line":122,"column":4},"end":{"line":122,"column":42}},"58":{"start":{"line":123,"column":4},"end":{"line":123,"column":39}},"59":{"start":{"line":126,"column":4},"end":{"line":136,"column":5}},"60":{"start":{"line":127,"column":6},"end":{"line":127,"column":49}},"61":{"start":{"line":128,"column":6},"end":{"line":128,"column":45}},"62":{"start":{"line":129,"column":6},"end":{"line":132,"column":7}},"63":{"start":{"line":130,"column":8},"end":{"line":130,"column":76}},"64":{"start":{"line":134,"column":6},"end":{"line":134,"column":75}},"65":{"start":{"line":135,"column":6},"end":{"line":135,"column":71}},"66":{"start":{"line":139,"column":4},"end":{"line":141,"column":5}},"67":{"start":{"line":140,"column":6},"end":{"line":140,"column":74}},"68":{"start":{"line":145,"column":0},"end":{"line":148,"column":2}}},"branchMap":{"1":{"line":13,"type":"if","locations":[{"start":{"line":13,"column":2},"end":{"line":13,"column":2}},{"start":{"line":13,"column":2},"end":{"line":13,"column":2}}]},"2":{"line":21,"type":"if","locations":[{"start":{"line":21,"column":2},"end":{"line":21,"column":2}},{"start":{"line":21,"column":2},"end":{"line":21,"column":2}}]},"3":{"line":39,"type":"cond-expr","locations":[{"start":{"line":39,"column":23},"end":{"line":39,"column":47}},{"start":{"line":39,"column":50},"end":{"line":39,"column":51}}]},"4":{"line":40,"type":"cond-expr","locations":[{"start":{"line":40,"column":23},"end":{"line":40,"column":47}},{"start":{"line":40,"column":50},"end":{"line":40,"column":51}}]},"5":{"line":42,"type":"binary-expr","locations":[{"start":{"line":42,"column":12},"end":{"line":42,"column":19}},{"start":{"line":42,"column":23},"end":{"line":42,"column":25}}]},"6":{"line":43,"type":"binary-expr","locations":[{"start":{"line":43,"column":16},"end":{"line":43,"column":31}},{"start":{"line":43,"column":35},"end":{"line":43,"column":40}}]},"7":{"line":44,"type":"binary-expr","locations":[{"start":{"line":44,"column":25},"end":{"line":44,"column":49}},{"start":{"line":44,"column":53},"end":{"line":44,"column":58}}]},"8":{"line":45,"type":"binary-expr","locations":[{"start":{"line":45,"column":23},"end":{"line":45,"column":45}},{"start":{"line":45,"column":49},"end":{"line":45,"column":54}}]},"9":{"line":52,"type":"if","locations":[{"start":{"line":52,"column":2},"end":{"line":52,"column":2}},{"start":{"line":52,"column":2},"end":{"line":52,"column":2}}]},"10":{"line":52,"type":"binary-expr","locations":[{"start":{"line":52,"column":6},"end":{"line":52,"column":16}},{"start":{"line":52,"column":20},"end":{"line":52,"column":37}},{"start":{"line":52,"column":41},"end":{"line":52,"column":69}}]},"11":{"line":58,"type":"cond-expr","locations":[{"start":{"line":58,"column":39},"end":{"line":58,"column":44}},{"start":{"line":58,"column":47},"end":{"line":58,"column":48}}]},"12":{"line":62,"type":"if","locations":[{"start":{"line":62,"column":2},"end":{"line":62,"column":2}},{"start":{"line":62,"column":2},"end":{"line":62,"column":2}}]},"13":{"line":68,"type":"binary-expr","locations":[{"start":{"line":68,"column":28},"end":{"line":68,"column":49}},{"start":{"line":68,"column":53},"end":{"line":68,"column":74}}]},"14":{"line":72,"type":"if","locations":[{"start":{"line":72,"column":4},"end":{"line":72,"column":4}},{"start":{"line":72,"column":4},"end":{"line":72,"column":4}}]},"15":{"line":76,"type":"if","locations":[{"start":{"line":76,"column":4},"end":{"line":76,"column":4}},{"start":{"line":76,"column":4},"end":{"line":76,"column":4}}]},"16":{"line":82,"type":"if","locations":[{"start":{"line":82,"column":6},"end":{"line":82,"column":6}},{"start":{"line":82,"column":6},"end":{"line":82,"column":6}}]},"17":{"line":95,"type":"if","locations":[{"start":{"line":95,"column":4},"end":{"line":95,"column":4}},{"start":{"line":95,"column":4},"end":{"line":95,"column":4}}]},"18":{"line":109,"type":"if","locations":[{"start":{"line":109,"column":4},"end":{"line":109,"column":4}},{"start":{"line":109,"column":4},"end":{"line":109,"column":4}}]},"19":{"line":114,"type":"if","locations":[{"start":{"line":114,"column":2},"end":{"line":114,"column":2}},{"start":{"line":114,"column":2},"end":{"line":114,"column":2}}]},"20":{"line":126,"type":"if","locations":[{"start":{"line":126,"column":4},"end":{"line":126,"column":4}},{"start":{"line":126,"column":4},"end":{"line":126,"column":4}}]},"21":{"line":139,"type":"if","locations":[{"start":{"line":139,"column":4},"end":{"line":139,"column":4}},{"start":{"line":139,"column":4},"end":{"line":139,"column":4}}]}}},"/home/daisycutter/github/nlesc/spot/src/widgets2/AbstractChart/model.js":{"path":"/home/daisycutter/github/nlesc/spot/src/widgets2/AbstractChart/model.js","s":{"1":0},"b":{},"f":{},"fnMap":{},"statementMap":{"1":{"start":{"line":1,"column":0},"end":{"line":1,"column":20}}},"branchMap":{}},"/home/daisycutter/github/nlesc/spot/src/widgets2/AbstractChart/view.js":{"path":"/home/daisycutter/github/nlesc/spot/src/widgets2/AbstractChart/view.js","s":{"1":0},"b":{},"f":{},"fnMap":{},"statementMap":{"1":{"start":{"line":1,"column":0},"end":{"line":1,"column":20}}},"branchMap":{}},"/home/daisycutter/github/nlesc/spot/src/widgets2/BarChart/index.js":{"path":"/home/daisycutter/github/nlesc/spot/src/widgets2/BarChart/index.js","s":{"1":0,"2":0,"3":0,"4":0},"b":{},"f":{"1":0},"fnMap":{"1":{"name":"(anonymous_1)","line":4,"loc":{"start":{"line":4,"column":18},"end":{"line":4,"column":30}}}},"statementMap":{"1":{"start":{"line":1,"column":0},"end":{"line":1,"column":31}},"2":{"start":{"line":2,"column":0},"end":{"line":2,"column":29}},"3":{"start":{"line":4,"column":0},"end":{"line":9,"column":5}},"4":{"start":{"line":5,"column":2},"end":{"line":8,"column":4}}},"branchMap":{}},"/home/daisycutter/github/nlesc/spot/src/widgets2/BarChart/model.js":{"path":"/home/daisycutter/github/nlesc/spot/src/widgets2/BarChart/model.js","s":{"1":0,"2":0,"3":0,"4":0,"5":0},"b":{},"f":{"1":0,"2":0},"fnMap":{"1":{"name":"(anonymous_1)","line":1,"loc":{"start":{"line":1,"column":18},"end":{"line":1,"column":30}}},"2":{"name":"(anonymous_2)","line":3,"loc":{"start":{"line":3,"column":20},"end":{"line":3,"column":32}}}},"statementMap":{"1":{"start":{"line":1,"column":0},"end":{"line":10,"column":5}},"2":{"start":{"line":2,"column":2},"end":{"line":2,"column":15}},"3":{"start":{"line":3,"column":2},"end":{"line":5,"column":4}},"4":{"start":{"line":4,"column":4},"end":{"line":4,"column":14}},"5":{"start":{"line":6,"column":2},"end":{"line":9,"column":4}}},"branchMap":{}},"/home/daisycutter/github/nlesc/spot/src/widgets2/BarChart/view.js":{"path":"/home/daisycutter/github/nlesc/spot/src/widgets2/BarChart/view.js","s":{"1":0},"b":{},"f":{},"fnMap":{},"statementMap":{"1":{"start":{"line":1,"column":0},"end":{"line":1,"column":20}}},"branchMap":{}},"/home/daisycutter/github/nlesc/spot/src/widgets2/index.js":{"path":"/home/daisycutter/github/nlesc/spot/src/widgets2/index.js","s":{"1":0,"2":0,"3":0},"b":{},"f":{},"fnMap":{},"statementMap":{"1":{"start":{"line":1,"column":0},"end":{"line":1,"column":37}},"2":{"start":{"line":2,"column":0},"end":{"line":2,"column":39}},"3":{"start":{"line":4,"column":0},"end":{"line":7,"column":2}}},"branchMap":{}},"/home/daisycutter/github/nlesc/spot/src/widgets2/LineChart/index.js":{"path":"/home/daisycutter/github/nlesc/spot/src/widgets2/LineChart/index.js","s":{"1":0,"2":0,"3":0,"4":0},"b":{},"f":{"1":0},"fnMap":{"1":{"name":"(anonymous_1)","line":4,"loc":{"start":{"line":4,"column":18},"end":{"line":4,"column":30}}}},"statementMap":{"1":{"start":{"line":1,"column":0},"end":{"line":1,"column":31}},"2":{"start":{"line":2,"column":0},"end":{"line":2,"column":29}},"3":{"start":{"line":4,"column":0},"end":{"line":9,"column":5}},"4":{"start":{"line":5,"column":2},"end":{"line":8,"column":4}}},"branchMap":{}},"/home/daisycutter/github/nlesc/spot/src/widgets2/LineChart/model.js":{"path":"/home/daisycutter/github/nlesc/spot/src/widgets2/LineChart/model.js","s":{"1":0,"2":0,"3":0,"4":0},"b":{},"f":{"1":0,"2":0},"fnMap":{"1":{"name":"(anonymous_1)","line":1,"loc":{"start":{"line":1,"column":18},"end":{"line":1,"column":30}}},"2":{"name":"(anonymous_2)","line":2,"loc":{"start":{"line":2,"column":20},"end":{"line":2,"column":32}}}},"statementMap":{"1":{"start":{"line":1,"column":0},"end":{"line":9,"column":5}},"2":{"start":{"line":2,"column":2},"end":{"line":4,"column":4}},"3":{"start":{"line":3,"column":4},"end":{"line":3,"column":14}},"4":{"start":{"line":5,"column":2},"end":{"line":8,"column":4}}},"branchMap":{}},"/home/daisycutter/github/nlesc/spot/src/widgets2/LineChart/view.js":{"path":"/home/daisycutter/github/nlesc/spot/src/widgets2/LineChart/view.js","s":{"1":0},"b":{},"f":{},"fnMap":{},"statementMap":{"1":{"start":{"line":1,"column":0},"end":{"line":1,"column":20}}},"branchMap":{}}}