TN:
SF:/home/daisycutter/github/nlesc/spot/src/colors.js
FN:21,getColor
FN:35,(anonymous_2)
FNF:2
FNH:1
FNDA:2001,getColor
FNDA:0,(anonymous_2)
DA:8,1
DA:10,1
DA:13,1
DA:15,1
DA:22,2001
DA:23,2001
DA:25,1988
DA:27,13
DA:36,0
LF:9
LH:8
BRDA:23,1,0,1988
BRDA:23,1,1,13
BRDA:23,2,0,2001
BRDA:23,2,1,2001
BRF:4
BRH:4
end_of_record
TN:
SF:/home/daisycutter/github/nlesc/spot/src/widgets/widget-factory.js
FN:62,newModel
FNF:1
FNH:1
FNDA:1,newModel
DA:1,1
DA:2,1
DA:4,1
DA:11,1
DA:20,1
DA:62,1
DA:63,1
DA:64,1
DA:65,1
DA:66,1
DA:67,1
DA:69,1
LF:12
LH:12
BRF:0
BRH:0
end_of_record
TN:
SF:/home/daisycutter/github/nlesc/spot/src/widgets/models/piechart.js
FN:10,(anonymous_1)
FN:28,(anonymous_2)
FNF:2
FNH:0
FNDA:0,(anonymous_1)
FNDA:0,(anonymous_2)
DA:7,1
DA:9,1
DA:11,0
DA:29,0
LF:4
LH:2
BRF:0
BRH:0
end_of_record
TN:
SF:/home/daisycutter/github/nlesc/spot/src/widgets/models/base-chart.js
FN:8,titleForChart
FN:15,(anonymous_2)
FN:23,(anonymous_3)
FN:45,(anonymous_4)
FN:48,(anonymous_5)
FN:57,(anonymous_6)
FNF:6
FNH:0
FNDA:0,titleForChart
FNDA:0,(anonymous_2)
FNDA:0,(anonymous_3)
FNDA:0,(anonymous_4)
FNDA:0,(anonymous_5)
FNDA:0,(anonymous_6)
DA:5,1
DA:6,1
DA:8,1
DA:9,0
DA:11,0
DA:12,0
DA:13,0
DA:15,0
DA:16,0
DA:20,0
DA:22,0
DA:23,0
DA:24,0
DA:26,0
DA:29,1
DA:46,0
DA:50,0
DA:51,0
DA:54,0
DA:57,0
DA:58,0
DA:59,0
DA:60,0
DA:61,0
DA:63,0
DA:64,0
DA:65,0
DA:68,0
DA:69,0
DA:74,0
LF:30
LH:4
BRDA:12,1,0,0
BRDA:12,1,1,0
BRDA:50,2,0,0
BRDA:50,2,1,0
BRDA:58,3,0,0
BRDA:58,3,1,0
BRDA:59,4,0,0
BRDA:59,4,1,0
BRDA:60,5,0,0
BRDA:60,5,1,0
BRDA:63,6,0,0
BRDA:63,6,1,0
BRDA:64,7,0,0
BRDA:64,7,1,0
BRF:14
BRH:0
end_of_record
TN:
SF:/home/daisycutter/github/nlesc/spot/src/widgets/models/slots.js
FNF:0
FNH:0
DA:1,1
DA:2,1
DA:4,1
LF:3
LH:3
BRF:0
BRH:0
end_of_record
TN:
SF:/home/daisycutter/github/nlesc/spot/src/widgets/models/slot.js
FN:34,(anonymous_1)
FNF:1
FNH:0
FNDA:0,(anonymous_1)
DA:6,1
DA:8,1
DA:35,0
LF:3
LH:2
BRF:0
BRH:0
end_of_record
TN:
SF:/home/daisycutter/github/nlesc/spot/src/widgets/models/horizontalbarchart.js
FN:11,(anonymous_1)
FN:43,(anonymous_2)
FN:66,(anonymous_3)
FN:83,(anonymous_4)
FNF:4
FNH:0
FNDA:0,(anonymous_1)
FNDA:0,(anonymous_2)
FNDA:0,(anonymous_3)
FNDA:0,(anonymous_4)
DA:7,1
DA:8,1
DA:10,1
DA:12,0
DA:44,0
DA:67,0
DA:84,0
LF:7
LH:3
BRF:0
BRH:0
end_of_record
TN:
SF:/home/daisycutter/github/nlesc/spot/src/widgets/models/barchart.js
FN:11,(anonymous_1)
FN:43,(anonymous_2)
FN:64,(anonymous_3)
FN:77,(anonymous_4)
FNF:4
FNH:1
FNDA:1,(anonymous_1)
FNDA:0,(anonymous_2)
FNDA:0,(anonymous_3)
FNDA:0,(anonymous_4)
DA:7,1
DA:8,1
DA:10,1
DA:12,1
DA:44,0
DA:65,0
DA:78,0
LF:7
LH:4
BRF:0
BRH:0
end_of_record
TN:
SF:/home/daisycutter/github/nlesc/spot/src/widgets/models/linechart.js
FN:10,(anonymous_1)
FN:56,(anonymous_2)
FN:76,(anonymous_3)
FNF:3
FNH:0
FNDA:0,(anonymous_1)
FNDA:0,(anonymous_2)
FNDA:0,(anonymous_3)
DA:6,1
DA:7,1
DA:9,1
DA:11,0
DA:57,0
DA:77,0
LF:6
LH:3
BRF:0
BRH:0
end_of_record
TN:
SF:/home/daisycutter/github/nlesc/spot/src/widgets/models/radarchart.js
FN:10,(anonymous_1)
FN:21,(anonymous_2)
FNF:2
FNH:0
FNDA:0,(anonymous_1)
FNDA:0,(anonymous_2)
DA:7,1
DA:9,1
DA:11,0
DA:22,0
LF:4
LH:2
BRF:0
BRH:0
end_of_record
TN:
SF:/home/daisycutter/github/nlesc/spot/src/widgets/models/bubbleplot.js
FN:10,ttLabel
FN:29,(anonymous_2)
FN:75,(anonymous_3)
FN:101,(anonymous_4)
FN:116,(anonymous_5)
FNF:5
FNH:0
FNDA:0,ttLabel
FNDA:0,(anonymous_2)
FNDA:0,(anonymous_3)
FNDA:0,(anonymous_4)
FNDA:0,(anonymous_5)
DA:7,1
DA:8,1
DA:10,1
DA:11,0
DA:12,0
DA:14,0
DA:18,0
DA:19,0
DA:21,0
DA:22,0
DA:24,0
DA:25,0
DA:28,1
DA:30,0
DA:76,0
DA:102,0
DA:117,0
LF:17
LH:4
BRDA:18,1,0,0
BRDA:18,1,1,0
BRDA:21,2,0,0
BRDA:21,2,1,0
BRF:4
BRH:0
end_of_record
TN:
SF:/home/daisycutter/github/nlesc/spot/src/widgets/models/scatter.js
FN:10,(anonymous_1)
FN:42,(anonymous_2)
FNF:2
FNH:0
FNDA:0,(anonymous_1)
FNDA:0,(anonymous_2)
DA:7,1
DA:9,1
DA:11,0
DA:43,0
LF:4
LH:2
BRF:0
BRH:0
end_of_record
TN:
SF:/home/daisycutter/github/nlesc/spot/src/widgets/models/sigma.js
FN:10,(anonymous_1)
FN:35,(anonymous_2)
FNF:2
FNH:0
FNDA:0,(anonymous_1)
FNDA:0,(anonymous_2)
DA:7,1
DA:9,1
DA:11,0
DA:36,0
LF:4
LH:2
BRF:0
BRH:0
end_of_record
TN:
SF:/home/daisycutter/github/nlesc/spot/src/app.js
FN:82,(anonymous_1)
FN:104,(anonymous_2)
FN:114,(anonymous_3)
FN:124,(anonymous_4)
FN:149,(anonymous_5)
FN:161,updateProgress
FN:172,transferComplete
FN:181,transferFailed
FN:189,transferCanceled
FN:199,(anonymous_10)
FN:207,(anonymous_11)
FN:213,(anonymous_12)
FN:225,(anonymous_13)
FN:251,(anonymous_14)
FN:274,(anonymous_15)
FN:280,(anonymous_16)
FN:290,(anonymous_17)
FN:306,(anonymous_18)
FN:329,(anonymous_19)
FNF:19
FNH:0
FNDA:0,(anonymous_1)
FNDA:0,(anonymous_2)
FNDA:0,(anonymous_3)
FNDA:0,(anonymous_4)
FNDA:0,(anonymous_5)
FNDA:0,updateProgress
FNDA:0,transferComplete
FNDA:0,transferFailed
FNDA:0,transferCanceled
FNDA:0,(anonymous_10)
FNDA:0,(anonymous_11)
FNDA:0,(anonymous_12)
FNDA:0,(anonymous_13)
FNDA:0,(anonymous_14)
FNDA:0,(anonymous_15)
FNDA:0,(anonymous_16)
FNDA:0,(anonymous_17)
FNDA:0,(anonymous_18)
FNDA:0,(anonymous_19)
DA:1,0
DA:2,0
DA:3,0
DA:4,0
DA:5,0
DA:6,0
DA:7,0
DA:9,0
DA:10,0
DA:11,0
DA:15,0
DA:19,0
DA:22,0
DA:84,0
DA:92,0
DA:105,0
DA:106,0
DA:115,0
DA:116,0
DA:118,0
DA:125,0
DA:126,0
DA:129,0
DA:130,0
DA:133,0
DA:134,0
DA:136,0
DA:137,0
DA:138,0
DA:140,0
DA:141,0
DA:143,0
DA:150,0
DA:151,0
DA:153,0
DA:154,0
DA:155,0
DA:156,0
DA:158,0
DA:159,0
DA:161,0
DA:162,0
DA:163,0
DA:164,0
DA:165,0
DA:172,0
DA:173,0
DA:174,0
DA:178,0
DA:181,0
DA:182,0
DA:183,0
DA:189,0
DA:190,0
DA:193,0
DA:200,0
DA:201,0
DA:203,0
DA:204,0
DA:205,0
DA:207,0
DA:208,0
DA:209,0
DA:213,0
DA:214,0
DA:215,0
DA:220,0
DA:226,0
DA:227,0
DA:236,0
DA:237,0
DA:246,0
DA:252,0
DA:253,0
DA:254,0
DA:274,0
DA:275,0
DA:276,0
DA:280,0
DA:281,0
DA:282,0
DA:286,0
DA:290,0
DA:291,0
DA:294,0
DA:295,0
DA:298,0
DA:299,0
DA:307,0
DA:308,0
DA:316,0
DA:318,0
DA:320,0
DA:321,0
DA:329,0
DA:330,0
LF:96
LH:0
BRDA:105,1,0,0
BRDA:105,1,1,0
BRDA:129,2,0,0
BRDA:129,2,1,0
BRDA:136,3,0,0
BRDA:136,3,1,0
BRDA:162,4,0,0
BRDA:162,4,1,0
BRDA:203,5,0,0
BRDA:203,5,1,0
BRDA:205,6,0,0
BRDA:205,6,1,0
BRDA:214,7,0,0
BRDA:214,7,1,0
BRDA:236,8,0,0
BRDA:236,8,1,0
BRDA:236,9,0,0
BRDA:236,9,1,0
BRDA:275,10,0,0
BRDA:275,10,1,0
BRDA:295,11,0,0
BRDA:295,11,1,0
BRDA:308,12,0,0
BRDA:308,12,1,0
BRDA:308,13,0,0
BRDA:308,13,1,0
BRDA:308,13,2,0
BRDA:308,13,3,0
BRDA:308,13,4,0
BRDA:308,13,5,0
BRDA:308,13,6,0
BRF:31
BRH:0
end_of_record
TN:
SF:/home/daisycutter/github/nlesc/spot/src/pages/analyze.js
FN:13,initializeCharts
FN:49,deinitializeCharts
FN:64,updateCharts
FN:76,addWidgetForFilter
FN:112,(anonymous_5)
FN:122,(anonymous_6)
FN:126,(anonymous_7)
FN:131,(anonymous_8)
FN:136,(anonymous_9)
FN:151,(anonymous_10)
FN:183,(anonymous_11)
FN:191,(anonymous_12)
FN:195,(anonymous_13)
FN:197,(anonymous_14)
FN:212,(anonymous_15)
FN:213,(anonymous_16)
FN:219,(anonymous_17)
FN:223,(anonymous_18)
FN:230,(anonymous_19)
FN:243,(anonymous_20)
FN:249,(anonymous_21)
FN:252,(anonymous_22)
FN:266,(anonymous_23)
FN:284,(anonymous_24)
FN:288,(anonymous_25)
FN:311,(anonymous_26)
FN:320,(anonymous_27)
FN:338,(anonymous_28)
FN:341,(anonymous_29)
FN:344,(anonymous_30)
FNF:30
FNH:0
FNDA:0,initializeCharts
FNDA:0,deinitializeCharts
FNDA:0,updateCharts
FNDA:0,addWidgetForFilter
FNDA:0,(anonymous_5)
FNDA:0,(anonymous_6)
FNDA:0,(anonymous_7)
FNDA:0,(anonymous_8)
FNDA:0,(anonymous_9)
FNDA:0,(anonymous_10)
FNDA:0,(anonymous_11)
FNDA:0,(anonymous_12)
FNDA:0,(anonymous_13)
FNDA:0,(anonymous_14)
FNDA:0,(anonymous_15)
FNDA:0,(anonymous_16)
FNDA:0,(anonymous_17)
FNDA:0,(anonymous_18)
FNDA:0,(anonymous_19)
FNDA:0,(anonymous_20)
FNDA:0,(anonymous_21)
FNDA:0,(anonymous_22)
FNDA:0,(anonymous_23)
FNDA:0,(anonymous_24)
FNDA:0,(anonymous_25)
FNDA:0,(anonymous_26)
FNDA:0,(anonymous_27)
FNDA:0,(anonymous_28)
FNDA:0,(anonymous_29)
FNDA:0,(anonymous_30)
DA:1,0
DA:2,0
DA:3,0
DA:4,0
DA:5,0
DA:6,0
DA:7,0
DA:11,0
DA:13,0
DA:14,0
DA:17,0
DA:18,0
DA:21,0
DA:22,0
DA:23,0
DA:24,0
DA:26,0
DA:27,0
DA:28,0
DA:29,0
DA:31,0
DA:33,0
DA:36,0
DA:39,0
DA:40,0
DA:42,0
DA:43,0
DA:49,0
DA:50,0
DA:52,0
DA:53,0
DA:54,0
DA:55,0
DA:56,0
DA:58,0
DA:59,0
DA:64,0
DA:65,0
DA:67,0
DA:68,0
DA:69,0
DA:70,0
DA:71,0
DA:76,0
DA:77,0
DA:78,0
DA:79,0
DA:80,0
DA:81,0
DA:83,0
DA:84,0
DA:89,0
DA:90,0
DA:91,0
DA:96,0
DA:97,0
DA:100,0
DA:101,0
DA:102,0
DA:103,0
DA:104,0
DA:106,0
DA:107,0
DA:109,0
DA:112,0
DA:113,0
DA:117,0
DA:123,0
DA:124,0
DA:126,0
DA:127,0
DA:128,0
DA:131,0
DA:133,0
DA:136,0
DA:137,0
DA:141,0
DA:142,0
DA:152,0
DA:153,0
DA:154,0
DA:156,0
DA:158,0
DA:185,0
DA:186,0
DA:188,0
DA:189,0
DA:192,0
DA:193,0
DA:196,0
DA:197,0
DA:199,0
DA:200,0
DA:203,0
DA:205,0
DA:206,0
DA:207,0
DA:213,0
DA:214,0
DA:215,0
DA:220,0
DA:222,0
DA:224,0
DA:228,0
DA:231,0
DA:233,0
DA:234,0
DA:244,0
DA:245,0
DA:246,0
DA:247,0
DA:250,0
DA:253,0
DA:254,0
DA:257,0
DA:267,0
DA:268,0
DA:269,0
DA:270,0
DA:271,0
DA:272,0
DA:273,0
DA:275,0
DA:276,0
DA:277,0
DA:278,0
DA:285,0
DA:286,0
DA:289,0
DA:290,0
DA:291,0
DA:292,0
DA:296,0
DA:297,0
DA:298,0
DA:299,0
DA:300,0
DA:301,0
DA:302,0
DA:304,0
DA:305,0
DA:311,0
DA:312,0
DA:313,0
DA:317,0
DA:320,0
DA:321,0
DA:323,0
DA:324,0
DA:329,0
DA:331,0
DA:332,0
DA:336,0
DA:339,0
DA:342,0
DA:345,0
LF:156
LH:0
BRDA:17,1,0,0
BRDA:17,1,1,0
BRDA:26,2,0,0
BRDA:26,2,1,0
BRDA:27,3,0,0
BRDA:27,3,1,0
BRDA:28,4,0,0
BRDA:28,4,1,0
BRDA:33,5,0,0
BRDA:33,5,1,0
BRDA:39,6,0,0
BRDA:39,6,1,0
BRDA:42,7,0,0
BRDA:42,7,1,0
BRDA:55,8,0,0
BRDA:55,8,1,0
BRDA:58,9,0,0
BRDA:58,9,1,0
BRDA:70,10,0,0
BRDA:70,10,1,0
BRDA:78,11,0,0
BRDA:78,11,1,0
BRDA:79,12,0,0
BRDA:79,12,1,0
BRDA:80,13,0,0
BRDA:80,13,1,0
BRDA:81,14,0,0
BRDA:81,14,1,0
BRDA:102,15,0,0
BRDA:102,15,1,0
BRDA:103,16,0,0
BRDA:103,16,1,0
BRDA:106,17,0,0
BRDA:106,17,1,0
BRDA:141,18,0,0
BRDA:141,18,1,0
BRDA:153,19,0,0
BRDA:153,19,1,0
BRDA:185,20,0,0
BRDA:185,20,1,0
BRDA:214,21,0,0
BRDA:214,21,1,0
BRDA:214,22,0,0
BRDA:214,22,1,0
BRDA:291,23,0,0
BRDA:291,23,1,0
BRDA:301,24,0,0
BRDA:301,24,1,0
BRDA:304,25,0,0
BRDA:304,25,1,0
BRDA:323,26,0,0
BRDA:323,26,1,0
BRDA:323,27,0,0
BRDA:323,27,1,0
BRDA:331,28,0,0
BRDA:331,28,1,0
BRF:56
BRH:0
end_of_record
TN:
SF:/home/daisycutter/github/nlesc/spot/src/pages/analyze/facetbar-item.js
FN:22,(anonymous_1)
FN:27,(anonymous_2)
FN:35,(anonymous_3)
FN:39,(anonymous_4)
FNF:4
FNH:0
FNDA:0,(anonymous_1)
FNDA:0,(anonymous_2)
FNDA:0,(anonymous_3)
FNDA:0,(anonymous_4)
DA:1,0
DA:2,0
DA:3,0
DA:4,0
DA:6,0
DA:23,0
DA:24,0
DA:28,0
DA:29,0
DA:30,0
DA:32,0
DA:36,0
DA:37,0
DA:40,0
DA:41,0
LF:15
LH:0
BRDA:23,1,0,0
BRDA:23,1,1,0
BRDA:29,2,0,0
BRDA:29,2,1,0
BRF:4
BRH:0
end_of_record
TN:
SF:/home/daisycutter/github/nlesc/spot/src/pages/analyze/slot.js
FN:6,labelForPartition
FN:15,(anonymous_2)
FN:33,(anonymous_3)
FN:54,(anonymous_4)
FN:69,(anonymous_5)
FN:91,(anonymous_6)
FN:114,(anonymous_7)
FN:145,(anonymous_8)
FN:183,(anonymous_9)
FN:202,(anonymous_10)
FN:216,(anonymous_11)
FNF:11
FNH:0
FNDA:0,labelForPartition
FNDA:0,(anonymous_2)
FNDA:0,(anonymous_3)
FNDA:0,(anonymous_4)
FNDA:0,(anonymous_5)
FNDA:0,(anonymous_6)
FNDA:0,(anonymous_7)
FNDA:0,(anonymous_8)
FNDA:0,(anonymous_9)
FNDA:0,(anonymous_10)
FNDA:0,(anonymous_11)
DA:1,0
DA:2,0
DA:3,0
DA:4,0
DA:6,0
DA:8,0
DA:9,0
DA:11,0
DA:15,0
DA:17,0
DA:20,0
DA:21,0
DA:23,0
DA:24,0
DA:25,0
DA:27,0
DA:28,0
DA:33,0
DA:34,0
DA:35,0
DA:36,0
DA:37,0
DA:40,0
DA:55,0
DA:56,0
DA:58,0
DA:59,0
DA:61,0
DA:70,0
DA:72,0
DA:73,0
DA:74,0
DA:75,0
DA:76,0
DA:78,0
DA:79,0
DA:80,0
DA:81,0
DA:84,0
DA:87,0
DA:92,0
DA:93,0
DA:95,0
DA:96,0
DA:97,0
DA:98,0
DA:99,0
DA:101,0
DA:102,0
DA:103,0
DA:104,0
DA:107,0
DA:112,0
DA:113,0
DA:114,0
DA:115,0
DA:116,0
DA:146,0
DA:147,0
DA:149,0
DA:150,0
DA:151,0
DA:152,0
DA:155,0
DA:156,0
DA:157,0
DA:158,0
DA:159,0
DA:160,0
DA:162,0
DA:164,0
DA:165,0
DA:166,0
DA:169,0
DA:171,0
DA:174,0
DA:176,0
DA:177,0
DA:180,0
DA:184,0
DA:185,0
DA:186,0
DA:189,0
DA:190,0
DA:191,0
DA:192,0
DA:193,0
DA:194,0
DA:195,0
DA:197,0
DA:198,0
DA:200,0
DA:203,0
DA:205,0
DA:206,0
DA:208,0
DA:218,0
DA:219,0
DA:225,0
DA:226,0
DA:227,0
DA:229,0
DA:230,0
DA:231,0
DA:232,0
DA:236,0
DA:237,0
DA:240,0
DA:241,0
DA:242,0
DA:248,0
DA:249,0
DA:250,0
DA:256,0
DA:257,0
DA:259,0
DA:260,0
DA:263,0
DA:265,0
LF:119
LH:0
BRDA:8,1,0,0
BRDA:8,1,1,0
BRDA:20,2,0,0
BRDA:20,2,1,0
BRDA:23,3,0,0
BRDA:23,3,1,0
BRDA:55,4,0,0
BRDA:55,4,1,0
BRDA:58,5,0,0
BRDA:58,5,1,0
BRDA:72,6,0,0
BRDA:72,6,1,0
BRDA:73,7,0,0
BRDA:73,7,1,0
BRDA:75,8,0,0
BRDA:75,8,1,0
BRDA:78,9,0,0
BRDA:78,9,1,0
BRDA:80,10,0,0
BRDA:80,10,1,0
BRDA:95,11,0,0
BRDA:95,11,1,0
BRDA:96,12,0,0
BRDA:96,12,1,0
BRDA:98,13,0,0
BRDA:98,13,1,0
BRDA:101,14,0,0
BRDA:101,14,1,0
BRDA:103,15,0,0
BRDA:103,15,1,0
BRDA:149,16,0,0
BRDA:149,16,1,0
BRDA:151,17,0,0
BRDA:151,17,1,0
BRDA:156,18,0,0
BRDA:156,18,1,0
BRDA:159,19,0,0
BRDA:159,19,1,0
BRDA:165,20,0,0
BRDA:165,20,1,0
BRDA:169,21,0,0
BRDA:169,21,1,0
BRDA:169,22,0,0
BRDA:169,22,1,0
BRDA:185,23,0,0
BRDA:185,23,1,0
BRDA:185,24,0,0
BRDA:185,24,1,0
BRDA:190,25,0,0
BRDA:190,25,1,0
BRDA:193,26,0,0
BRDA:193,26,1,0
BRDA:218,27,0,0
BRDA:218,27,1,0
BRDA:230,28,0,0
BRDA:230,28,1,0
BRDA:236,29,0,0
BRDA:236,29,1,0
BRDA:241,30,0,0
BRDA:241,30,1,0
BRDA:245,31,0,0
BRDA:245,31,1,0
BRDA:249,32,0,0
BRDA:249,32,1,0
BRF:64
BRH:0
end_of_record
TN:
SF:/home/daisycutter/github/nlesc/spot/src/pages/analyze/slots.js
FN:6,(anonymous_1)
FNF:1
FNH:0
FNDA:0,(anonymous_1)
DA:1,0
DA:2,0
DA:4,0
DA:7,0
DA:8,0
DA:9,0
LF:6
LH:0
BRF:0
BRH:0
end_of_record
TN:
SF:/home/daisycutter/github/nlesc/spot/src/pages/analyze/widget-frame.js
FN:12,removeWidget
FN:30,(anonymous_2)
FN:51,(anonymous_3)
FN:84,(anonymous_4)
FN:89,(anonymous_5)
FN:93,(anonymous_6)
FN:97,(anonymous_7)
FN:106,(anonymous_8)
FN:118,(anonymous_9)
FN:123,(anonymous_10)
FN:126,(anonymous_11)
FN:129,(anonymous_12)
FN:132,(anonymous_13)
FN:137,(anonymous_14)
FN:144,(anonymous_15)
FNF:15
FNH:0
FNDA:0,removeWidget
FNDA:0,(anonymous_2)
FNDA:0,(anonymous_3)
FNDA:0,(anonymous_4)
FNDA:0,(anonymous_5)
FNDA:0,(anonymous_6)
FNDA:0,(anonymous_7)
FNDA:0,(anonymous_8)
FNDA:0,(anonymous_9)
FNDA:0,(anonymous_10)
FNDA:0,(anonymous_11)
FNDA:0,(anonymous_12)
FNDA:0,(anonymous_13)
FNDA:0,(anonymous_14)
FNDA:0,(anonymous_15)
DA:1,0
DA:2,0
DA:3,0
DA:4,0
DA:5,0
DA:6,0
DA:10,0
DA:12,0
DA:14,0
DA:15,0
DA:16,0
DA:19,0
DA:20,0
DA:23,0
DA:24,0
DA:25,0
DA:28,0
DA:31,0
DA:36,0
DA:38,0
DA:42,0
DA:53,0
DA:56,0
DA:57,0
DA:84,0
DA:90,0
DA:91,0
DA:94,0
DA:95,0
DA:99,0
DA:100,0
DA:102,0
DA:103,0
DA:105,0
DA:106,0
DA:107,0
DA:110,0
DA:111,0
DA:112,0
DA:113,0
DA:114,0
DA:115,0
DA:116,0
DA:118,0
DA:119,0
DA:124,0
DA:127,0
DA:130,0
DA:133,0
DA:134,0
DA:135,0
DA:139,0
DA:146,0
DA:147,0
LF:54
LH:0
BRDA:53,1,0,0
BRDA:53,1,1,0
BRDA:56,2,0,0
BRDA:56,2,1,0
BRDA:57,3,0,0
BRDA:57,3,1,0
BRDA:105,4,0,0
BRDA:105,4,1,0
BRF:8
BRH:0
end_of_record
TN:
SF:/home/daisycutter/github/nlesc/spot/src/pages/base.js
FN:6,(anonymous_1)
FN:16,(anonymous_2)
FNF:2
FNH:0
FNDA:0,(anonymous_1)
FNDA:0,(anonymous_2)
DA:1,0
DA:4,0
LF:2
LH:0
BRF:0
BRH:0
end_of_record
TN:
SF:/home/daisycutter/github/nlesc/spot/src/pages/configure-dataset.js
FN:13,(anonymous_1)
FN:27,(anonymous_2)
FN:32,(anonymous_3)
FN:38,(anonymous_4)
FN:39,(anonymous_5)
FN:81,(anonymous_6)
FN:91,(anonymous_7)
FN:101,(anonymous_8)
FN:107,(anonymous_9)
FN:111,(anonymous_10)
FN:115,(anonymous_11)
FN:118,(anonymous_12)
FN:121,(anonymous_13)
FN:127,(anonymous_14)
FN:131,(anonymous_15)
FN:137,(anonymous_16)
FNF:16
FNH:0
FNDA:0,(anonymous_1)
FNDA:0,(anonymous_2)
FNDA:0,(anonymous_3)
FNDA:0,(anonymous_4)
FNDA:0,(anonymous_5)
FNDA:0,(anonymous_6)
FNDA:0,(anonymous_7)
FNDA:0,(anonymous_8)
FNDA:0,(anonymous_9)
FNDA:0,(anonymous_10)
FNDA:0,(anonymous_11)
FNDA:0,(anonymous_12)
FNDA:0,(anonymous_13)
FNDA:0,(anonymous_14)
FNDA:0,(anonymous_15)
FNDA:0,(anonymous_16)
DA:1,0
DA:2,0
DA:3,0
DA:4,0
DA:5,0
DA:11,0
DA:14,0
DA:16,0
DA:17,0
DA:18,0
DA:20,0
DA:23,0
DA:24,0
DA:28,0
DA:29,0
DA:30,0
DA:32,0
DA:33,0
DA:34,0
DA:35,0
DA:38,0
DA:39,0
DA:40,0
DA:44,0
DA:82,0
DA:83,0
DA:84,0
DA:85,0
DA:86,0
DA:87,0
DA:92,0
DA:93,0
DA:94,0
DA:95,0
DA:96,0
DA:97,0
DA:102,0
DA:103,0
DA:105,0
DA:108,0
DA:109,0
DA:112,0
DA:113,0
DA:116,0
DA:119,0
DA:122,0
DA:123,0
DA:124,0
DA:128,0
DA:129,0
DA:133,0
DA:134,0
DA:137,0
DA:138,0
DA:139,0
LF:55
LH:0
BRDA:16,1,0,0
BRDA:16,1,1,0
BRDA:23,2,0,0
BRDA:23,2,1,0
BRDA:86,3,0,0
BRDA:86,3,1,0
BRDA:96,4,0,0
BRDA:96,4,1,0
BRDA:123,5,0,0
BRDA:123,5,1,0
BRF:10
BRH:0
end_of_record
TN:
SF:/home/daisycutter/github/nlesc/spot/src/pages/configure-dataset/facet-collection.js
FN:7,(anonymous_1)
FN:10,(anonymous_2)
FN:72,(anonymous_3)
FN:81,(anonymous_4)
FN:84,(anonymous_5)
FN:87,(anonymous_6)
FNF:6
FNH:0
FNDA:0,(anonymous_1)
FNDA:0,(anonymous_2)
FNDA:0,(anonymous_3)
FNDA:0,(anonymous_4)
FNDA:0,(anonymous_5)
FNDA:0,(anonymous_6)
DA:1,0
DA:2,0
DA:3,0
DA:5,0
DA:8,0
DA:11,0
DA:12,0
DA:13,0
DA:73,0
DA:75,0
DA:76,0
DA:77,0
DA:78,0
DA:82,0
DA:85,0
DA:89,0
DA:90,0
DA:91,0
DA:93,0
LF:19
LH:0
BRDA:75,1,0,0
BRDA:75,1,1,0
BRDA:77,2,0,0
BRDA:77,2,1,0
BRDA:77,3,0,0
BRDA:77,3,1,0
BRDA:77,3,2,0
BRF:7
BRH:0
end_of_record
TN:
SF:/home/daisycutter/github/nlesc/spot/src/pages/configure-facet.js
FN:12,(anonymous_1)
FN:37,(anonymous_2)
FN:46,(anonymous_3)
FN:55,(anonymous_4)
FN:64,(anonymous_5)
FN:73,(anonymous_6)
FNF:6
FNH:0
FNDA:0,(anonymous_1)
FNDA:0,(anonymous_2)
FNDA:0,(anonymous_3)
FNDA:0,(anonymous_4)
FNDA:0,(anonymous_5)
FNDA:0,(anonymous_6)
DA:1,0
DA:2,0
DA:4,0
DA:6,0
DA:7,0
DA:8,0
DA:9,0
DA:11,0
DA:13,0
DA:38,0
DA:47,0
DA:56,0
DA:65,0
DA:74,0
LF:14
LH:0
BRF:0
BRH:0
end_of_record
TN:
SF:/home/daisycutter/github/nlesc/spot/src/pages/configure-facet/categorial-rule.js
FN:21,(anonymous_1)
FN:24,(anonymous_2)
FN:27,(anonymous_3)
FNF:3
FNH:0
FNDA:0,(anonymous_1)
FNDA:0,(anonymous_2)
FNDA:0,(anonymous_3)
DA:1,0
DA:2,0
DA:4,0
DA:22,0
DA:25,0
DA:28,0
LF:6
LH:0
BRF:0
BRH:0
end_of_record
TN:
SF:/home/daisycutter/github/nlesc/spot/src/pages/configure-facet/duration-units-select.js
FN:9,(anonymous_1)
FN:29,(anonymous_2)
FN:32,(anonymous_3)
FN:42,(anonymous_4)
FNF:4
FNH:0
FNDA:0,(anonymous_1)
FNDA:0,(anonymous_2)
FNDA:0,(anonymous_3)
FNDA:0,(anonymous_4)
DA:1,0
DA:2,0
DA:3,0
DA:7,0
DA:10,0
DA:27,0
DA:30,0
DA:33,0
DA:34,0
DA:36,0
DA:37,0
DA:43,0
DA:44,0
LF:13
LH:0
BRF:0
BRH:0
end_of_record
TN:
SF:/home/daisycutter/github/nlesc/spot/src/pages/configure-facet/facet-define.js
FN:6,addRawValue
FN:28,(anonymous_2)
FN:101,(anonymous_3)
FN:104,(anonymous_4)
FN:107,(anonymous_5)
FN:111,(anonymous_6)
FN:114,(anonymous_7)
FN:117,(anonymous_8)
FN:120,(anonymous_9)
FN:123,(anonymous_10)
FN:126,(anonymous_11)
FN:141,(anonymous_12)
FN:156,(anonymous_13)
FN:168,(anonymous_14)
FN:171,(anonymous_15)
FN:174,(anonymous_16)
FN:177,(anonymous_17)
FNF:17
FNH:0
FNDA:0,addRawValue
FNDA:0,(anonymous_2)
FNDA:0,(anonymous_3)
FNDA:0,(anonymous_4)
FNDA:0,(anonymous_5)
FNDA:0,(anonymous_6)
FNDA:0,(anonymous_7)
FNDA:0,(anonymous_8)
FNDA:0,(anonymous_9)
FNDA:0,(anonymous_10)
FNDA:0,(anonymous_11)
FNDA:0,(anonymous_12)
FNDA:0,(anonymous_13)
FNDA:0,(anonymous_14)
FNDA:0,(anonymous_15)
FNDA:0,(anonymous_16)
FNDA:0,(anonymous_17)
DA:1,0
DA:2,0
DA:3,0
DA:4,0
DA:6,0
DA:7,0
DA:8,0
DA:10,0
DA:13,0
DA:14,0
DA:15,0
DA:16,0
DA:18,0
DA:20,0
DA:23,0
DA:29,0
DA:102,0
DA:105,0
DA:108,0
DA:112,0
DA:115,0
DA:118,0
DA:121,0
DA:124,0
DA:127,0
DA:128,0
DA:130,0
DA:131,0
DA:133,0
DA:135,0
DA:136,0
DA:137,0
DA:138,0
DA:139,0
DA:142,0
DA:143,0
DA:145,0
DA:146,0
DA:148,0
DA:150,0
DA:151,0
DA:152,0
DA:153,0
DA:154,0
DA:157,0
DA:158,0
DA:159,0
DA:160,0
DA:161,0
DA:162,0
DA:163,0
DA:164,0
DA:169,0
DA:172,0
DA:175,0
DA:178,0
LF:56
LH:0
BRDA:7,1,0,0
BRDA:7,1,1,0
BRDA:7,2,0,0
BRDA:7,2,1,0
BRDA:13,3,0,0
BRDA:13,3,1,0
BRDA:15,4,0,0
BRDA:15,4,1,0
BRDA:29,5,0,0
BRDA:29,5,1,0
BRDA:29,5,2,0
BRDA:127,6,0,0
BRDA:127,6,1,0
BRDA:130,7,0,0
BRDA:130,7,1,0
BRDA:142,8,0,0
BRDA:142,8,1,0
BRDA:145,9,0,0
BRDA:145,9,1,0
BRDA:157,10,0,0
BRDA:157,10,1,0
BRDA:157,11,0,0
BRDA:157,11,1,0
BRDA:157,11,2,0
BRDA:163,12,0,0
BRDA:163,12,1,0
BRF:26
BRH:0
end_of_record
TN:
SF:/home/daisycutter/github/nlesc/spot/src/pages/configure-facet/facet-transform-categorial.js
FN:8,(anonymous_1)
FN:15,(anonymous_2)
FN:18,(anonymous_3)
FNF:3
FNH:0
FNDA:0,(anonymous_1)
FNDA:0,(anonymous_2)
FNDA:0,(anonymous_3)
DA:1,0
DA:2,0
DA:4,0
DA:6,0
DA:9,0
DA:10,0
DA:12,0
DA:16,0
DA:19,0
LF:9
LH:0
BRF:0
BRH:0
end_of_record
TN:
SF:/home/daisycutter/github/nlesc/spot/src/pages/configure-facet/facet-transform-continuous.js
FN:19,(anonymous_1)
FN:23,(anonymous_2)
FNF:2
FNH:0
FNDA:0,(anonymous_1)
FNDA:0,(anonymous_2)
DA:1,0
DA:2,0
DA:4,0
DA:20,0
DA:21,0
DA:24,0
LF:6
LH:0
BRF:0
BRH:0
end_of_record
TN:
SF:/home/daisycutter/github/nlesc/spot/src/pages/configure-facet/facet-transform-datetime.js
FN:20,(anonymous_1)
FN:23,(anonymous_2)
FN:26,(anonymous_3)
FN:29,(anonymous_4)
FN:32,(anonymous_5)
FN:35,(anonymous_6)
FN:42,(anonymous_7)
FN:51,(anonymous_8)
FN:61,(anonymous_9)
FNF:9
FNH:0
FNDA:0,(anonymous_1)
FNDA:0,(anonymous_2)
FNDA:0,(anonymous_3)
FNDA:0,(anonymous_4)
FNDA:0,(anonymous_5)
FNDA:0,(anonymous_6)
FNDA:0,(anonymous_7)
FNDA:0,(anonymous_8)
FNDA:0,(anonymous_9)
DA:1,0
DA:2,0
DA:3,0
DA:4,0
DA:5,0
DA:7,0
DA:21,0
DA:24,0
DA:27,0
DA:30,0
DA:33,0
DA:36,0
DA:43,0
DA:52,0
DA:62,0
LF:15
LH:0
BRF:0
BRH:0
end_of_record
TN:
SF:/home/daisycutter/github/nlesc/spot/src/pages/configure-facet/facet-transform-duration.js
FN:15,(anonymous_1)
FN:22,(anonymous_2)
FN:32,(anonymous_3)
FN:42,(anonymous_4)
FNF:4
FNH:0
FNDA:0,(anonymous_1)
FNDA:0,(anonymous_2)
FNDA:0,(anonymous_3)
FNDA:0,(anonymous_4)
DA:1,0
DA:2,0
DA:3,0
DA:4,0
DA:6,0
DA:16,0
DA:23,0
DA:33,0
DA:43,0
LF:9
LH:0
BRF:0
BRH:0
end_of_record
TN:
SF:/home/daisycutter/github/nlesc/spot/src/pages/configure-facet/time-parts-select.js
FN:9,(anonymous_1)
FN:29,(anonymous_2)
FN:39,(anonymous_3)
FNF:3
FNH:0
FNDA:0,(anonymous_1)
FNDA:0,(anonymous_2)
FNDA:0,(anonymous_3)
DA:1,0
DA:2,0
DA:3,0
DA:7,0
DA:10,0
DA:27,0
DA:30,0
DA:31,0
DA:33,0
DA:34,0
DA:40,0
DA:41,0
DA:42,0
DA:43,0
LF:14
LH:0
BRDA:42,1,0,0
BRDA:42,1,1,0
BRF:2
BRH:0
end_of_record
TN:
SF:/home/daisycutter/github/nlesc/spot/src/pages/configure-facet/time-zones-select.js
FN:9,(anonymous_1)
FN:27,(anonymous_2)
FN:30,(anonymous_3)
FN:40,(anonymous_4)
FNF:4
FNH:0
FNDA:0,(anonymous_1)
FNDA:0,(anonymous_2)
FNDA:0,(anonymous_3)
FNDA:0,(anonymous_4)
DA:1,0
DA:2,0
DA:3,0
DA:7,0
DA:10,0
DA:25,0
DA:28,0
DA:31,0
DA:32,0
DA:34,0
DA:35,0
DA:41,0
DA:42,0
LF:13
LH:0
BRF:0
BRH:0
end_of_record
TN:
SF:/home/daisycutter/github/nlesc/spot/src/pages/configure-partition.js
FN:12,(anonymous_1)
FN:15,(anonymous_2)
FN:49,(anonymous_3)
FN:52,(anonymous_4)
FN:55,(anonymous_5)
FN:62,(anonymous_6)
FN:71,(anonymous_7)
FN:80,(anonymous_8)
FN:89,(anonymous_9)
FN:98,(anonymous_10)
FNF:10
FNH:0
FNDA:0,(anonymous_1)
FNDA:0,(anonymous_2)
FNDA:0,(anonymous_3)
FNDA:0,(anonymous_4)
FNDA:0,(anonymous_5)
FNDA:0,(anonymous_6)
FNDA:0,(anonymous_7)
FNDA:0,(anonymous_8)
FNDA:0,(anonymous_9)
FNDA:0,(anonymous_10)
DA:1,0
DA:2,0
DA:3,0
DA:5,0
DA:6,0
DA:7,0
DA:8,0
DA:9,0
DA:11,0
DA:13,0
DA:15,0
DA:16,0
DA:17,0
DA:18,0
DA:20,0
DA:21,0
DA:24,0
DA:50,0
DA:53,0
DA:56,0
DA:63,0
DA:72,0
DA:81,0
DA:90,0
DA:99,0
LF:25
LH:0
BRDA:16,1,0,0
BRDA:16,1,1,0
BRF:2
BRH:0
end_of_record
TN:
SF:/home/daisycutter/github/nlesc/spot/src/pages/configure-partition/group.js
FN:17,(anonymous_1)
FNF:1
FNH:0
FNDA:0,(anonymous_1)
DA:1,0
DA:2,0
DA:4,0
DA:18,0
DA:20,0
DA:21,0
DA:22,0
LF:7
LH:0
BRF:0
BRH:0
end_of_record
TN:
SF:/home/daisycutter/github/nlesc/spot/src/pages/configure-partition/partition-categorial.js
FN:13,(anonymous_1)
FN:20,(anonymous_2)
FN:24,(anonymous_3)
FN:27,(anonymous_4)
FNF:4
FNH:0
FNDA:0,(anonymous_1)
FNDA:0,(anonymous_2)
FNDA:0,(anonymous_3)
FNDA:0,(anonymous_4)
DA:1,0
DA:2,0
DA:3,0
DA:5,0
DA:14,0
DA:15,0
DA:17,0
DA:21,0
DA:22,0
DA:25,0
DA:28,0
LF:11
LH:0
BRF:0
BRH:0
end_of_record
TN:
SF:/home/daisycutter/github/nlesc/spot/src/pages/configure-partition/partition-continuous.js
FN:46,(anonymous_1)
FN:50,(anonymous_2)
FN:54,(anonymous_3)
FN:63,(anonymous_4)
FN:67,(anonymous_5)
FN:71,(anonymous_6)
FN:75,(anonymous_7)
FN:79,(anonymous_8)
FNF:8
FNH:0
FNDA:0,(anonymous_1)
FNDA:0,(anonymous_2)
FNDA:0,(anonymous_3)
FNDA:0,(anonymous_4)
FNDA:0,(anonymous_5)
FNDA:0,(anonymous_6)
FNDA:0,(anonymous_7)
FNDA:0,(anonymous_8)
DA:1,0
DA:2,0
DA:4,0
DA:47,0
DA:48,0
DA:51,0
DA:52,0
DA:55,0
DA:56,0
DA:58,0
DA:59,0
DA:60,0
DA:64,0
DA:65,0
DA:68,0
DA:69,0
DA:72,0
DA:73,0
DA:76,0
DA:77,0
DA:80,0
DA:81,0
LF:22
LH:0
BRF:0
BRH:0
end_of_record
TN:
SF:/home/daisycutter/github/nlesc/spot/src/pages/configure-partition/partition-datetime.js
FN:11,(anonymous_1)
FN:21,(anonymous_2)
FN:47,(anonymous_3)
FN:51,(anonymous_4)
FN:59,(anonymous_5)
FN:66,(anonymous_6)
FN:77,(anonymous_7)
FN:86,(anonymous_8)
FNF:8
FNH:0
FNDA:0,(anonymous_1)
FNDA:0,(anonymous_2)
FNDA:0,(anonymous_3)
FNDA:0,(anonymous_4)
FNDA:0,(anonymous_5)
FNDA:0,(anonymous_6)
FNDA:0,(anonymous_7)
FNDA:0,(anonymous_8)
DA:1,0
DA:2,0
DA:3,0
DA:4,0
DA:6,0
DA:12,0
DA:13,0
DA:15,0
DA:22,0
DA:23,0
DA:25,0
DA:48,0
DA:49,0
DA:52,0
DA:53,0
DA:55,0
DA:56,0
DA:57,0
DA:60,0
DA:61,0
DA:62,0
DA:64,0
DA:67,0
DA:68,0
DA:69,0
DA:71,0
DA:78,0
DA:87,0
DA:89,0
LF:29
LH:0
BRDA:12,1,0,0
BRDA:12,1,1,0
BRDA:22,2,0,0
BRDA:22,2,1,0
BRDA:61,3,0,0
BRDA:61,3,1,0
BRDA:68,4,0,0
BRDA:68,4,1,0
BRF:8
BRH:0
end_of_record
TN:
SF:/home/daisycutter/github/nlesc/spot/src/pages/configure-partition/partition-duration.js
FN:10,(anonymous_1)
FN:20,(anonymous_2)
FN:46,(anonymous_3)
FN:54,(anonymous_4)
FN:61,(anonymous_5)
FNF:5
FNH:0
FNDA:0,(anonymous_1)
FNDA:0,(anonymous_2)
FNDA:0,(anonymous_3)
FNDA:0,(anonymous_4)
FNDA:0,(anonymous_5)
DA:1,0
DA:2,0
DA:3,0
DA:5,0
DA:11,0
DA:12,0
DA:14,0
DA:21,0
DA:22,0
DA:24,0
DA:47,0
DA:48,0
DA:50,0
DA:51,0
DA:52,0
DA:55,0
DA:56,0
DA:57,0
DA:59,0
DA:62,0
DA:63,0
DA:64,0
DA:66,0
LF:23
LH:0
BRDA:11,1,0,0
BRDA:11,1,1,0
BRDA:21,2,0,0
BRDA:21,2,1,0
BRDA:56,3,0,0
BRDA:56,3,1,0
BRDA:63,4,0,0
BRDA:63,4,1,0
BRF:8
BRH:0
end_of_record
TN:
SF:/home/daisycutter/github/nlesc/spot/src/pages/configure-partition/partition-text.js
FN:13,(anonymous_1)
FN:17,(anonymous_2)
FNF:2
FNH:0
FNDA:0,(anonymous_1)
FNDA:0,(anonymous_2)
DA:1,0
DA:2,0
DA:4,0
DA:14,0
DA:15,0
DA:18,0
DA:19,0
LF:7
LH:0
BRF:0
BRH:0
end_of_record
TN:
SF:/home/daisycutter/github/nlesc/spot/src/pages/datasets.js
FN:12,(anonymous_1)
FN:28,(anonymous_2)
FN:29,(anonymous_3)
FN:30,(anonymous_4)
FN:31,(anonymous_5)
FN:32,(anonymous_6)
FN:33,(anonymous_7)
FN:34,(anonymous_8)
FN:35,(anonymous_9)
FN:36,(anonymous_10)
FN:37,(anonymous_11)
FN:38,(anonymous_12)
FN:39,(anonymous_13)
FN:40,(anonymous_14)
FN:41,(anonymous_15)
FN:43,(anonymous_16)
FN:82,(anonymous_17)
FN:85,(anonymous_18)
FN:114,(anonymous_19)
FN:120,(anonymous_20)
FN:126,(anonymous_21)
FN:130,(anonymous_22)
FN:136,(anonymous_23)
FN:143,(anonymous_24)
FN:157,(anonymous_25)
FN:167,(anonymous_26)
FN:198,(anonymous_27)
FN:208,(anonymous_28)
FN:217,(anonymous_29)
FN:231,(anonymous_30)
FN:245,(anonymous_31)
FN:258,(anonymous_32)
FN:283,(anonymous_33)
FN:292,(anonymous_34)
FN:301,(anonymous_35)
FN:313,(anonymous_36)
FN:317,(anonymous_37)
FN:321,(anonymous_38)
FNF:38
FNH:0
FNDA:0,(anonymous_1)
FNDA:0,(anonymous_2)
FNDA:0,(anonymous_3)
FNDA:0,(anonymous_4)
FNDA:0,(anonymous_5)
FNDA:0,(anonymous_6)
FNDA:0,(anonymous_7)
FNDA:0,(anonymous_8)
FNDA:0,(anonymous_9)
FNDA:0,(anonymous_10)
FNDA:0,(anonymous_11)
FNDA:0,(anonymous_12)
FNDA:0,(anonymous_13)
FNDA:0,(anonymous_14)
FNDA:0,(anonymous_15)
FNDA:0,(anonymous_16)
FNDA:0,(anonymous_17)
FNDA:0,(anonymous_18)
FNDA:0,(anonymous_19)
FNDA:0,(anonymous_20)
FNDA:0,(anonymous_21)
FNDA:0,(anonymous_22)
FNDA:0,(anonymous_23)
FNDA:0,(anonymous_24)
FNDA:0,(anonymous_25)
FNDA:0,(anonymous_26)
FNDA:0,(anonymous_27)
FNDA:0,(anonymous_28)
FNDA:0,(anonymous_29)
FNDA:0,(anonymous_30)
FNDA:0,(anonymous_31)
FNDA:0,(anonymous_32)
FNDA:0,(anonymous_33)
FNDA:0,(anonymous_34)
FNDA:0,(anonymous_35)
FNDA:0,(anonymous_36)
FNDA:0,(anonymous_37)
FNDA:0,(anonymous_38)
DA:1,0
DA:2,0
DA:3,0
DA:4,0
DA:5,0
DA:6,0
DA:8,0
DA:10,0
DA:13,0
DA:14,0
DA:28,0
DA:29,0
DA:30,0
DA:31,0
DA:32,0
DA:33,0
DA:34,0
DA:35,0
DA:36,0
DA:37,0
DA:38,0
DA:39,0
DA:40,0
DA:41,0
DA:46,0
DA:47,0
DA:49,0
DA:50,0
DA:51,0
DA:52,0
DA:53,0
DA:54,0
DA:55,0
DA:56,0
DA:57,0
DA:58,0
DA:61,0
DA:62,0
DA:63,0
DA:64,0
DA:65,0
DA:66,0
DA:69,0
DA:70,0
DA:71,0
DA:72,0
DA:73,0
DA:74,0
DA:75,0
DA:76,0
DA:77,0
DA:78,0
DA:82,0
DA:83,0
DA:85,0
DA:86,0
DA:115,0
DA:116,0
DA:118,0
DA:121,0
DA:122,0
DA:123,0
DA:127,0
DA:128,0
DA:132,0
DA:133,0
DA:136,0
DA:137,0
DA:138,0
DA:144,0
DA:145,0
DA:146,0
DA:147,0
DA:151,0
DA:157,0
DA:158,0
DA:162,0
DA:163,0
DA:166,0
DA:167,0
DA:168,0
DA:169,0
DA:171,0
DA:172,0
DA:173,0
DA:174,0
DA:178,0
DA:182,0
DA:185,0
DA:186,0
DA:189,0
DA:190,0
DA:198,0
DA:199,0
DA:201,0
DA:208,0
DA:209,0
DA:211,0
DA:215,0
DA:218,0
DA:219,0
DA:220,0
DA:221,0
DA:225,0
DA:231,0
DA:232,0
DA:236,0
DA:245,0
DA:246,0
DA:247,0
DA:248,0
DA:254,0
DA:257,0
DA:258,0
DA:259,0
DA:260,0
DA:262,0
DA:263,0
DA:264,0
DA:265,0
DA:269,0
DA:273,0
DA:276,0
DA:277,0
DA:283,0
DA:284,0
DA:285,0
DA:292,0
DA:293,0
DA:295,0
DA:299,0
DA:302,0
DA:305,0
DA:309,0
DA:310,0
DA:312,0
DA:313,0
DA:314,0
DA:318,0
DA:319,0
DA:322,0
DA:323,0
LF:142
LH:0
BRDA:49,1,0,0
BRDA:49,1,1,0
BRDA:51,2,0,0
BRDA:51,2,1,0
BRDA:53,3,0,0
BRDA:53,3,1,0
BRDA:55,4,0,0
BRDA:55,4,1,0
BRDA:57,5,0,0
BRDA:57,5,1,0
BRDA:61,6,0,0
BRDA:61,6,1,0
BRDA:63,7,0,0
BRDA:63,7,1,0
BRDA:65,8,0,0
BRDA:65,8,1,0
BRDA:69,9,0,0
BRDA:69,9,1,0
BRDA:71,10,0,0
BRDA:71,10,1,0
BRDA:73,11,0,0
BRDA:73,11,1,0
BRDA:75,12,0,0
BRDA:75,12,1,0
BRDA:77,13,0,0
BRDA:77,13,1,0
BRDA:122,14,0,0
BRDA:122,14,1,0
BRDA:168,15,0,0
BRDA:168,15,1,0
BRDA:171,16,0,0
BRDA:171,16,1,0
BRDA:173,17,0,0
BRDA:173,17,1,0
BRDA:173,18,0,0
BRDA:173,18,1,0
BRDA:173,18,2,0
BRDA:185,19,0,0
BRDA:185,19,1,0
BRDA:209,20,0,0
BRDA:209,20,1,0
BRDA:246,21,0,0
BRDA:246,21,1,0
BRDA:259,22,0,0
BRDA:259,22,1,0
BRDA:262,23,0,0
BRDA:262,23,1,0
BRDA:264,24,0,0
BRDA:264,24,1,0
BRDA:264,25,0,0
BRDA:264,25,1,0
BRDA:264,25,2,0
BRDA:276,26,0,0
BRDA:276,26,1,0
BRDA:293,27,0,0
BRDA:293,27,1,0
BRF:56
BRH:0
end_of_record
TN:
SF:/home/daisycutter/github/nlesc/spot/src/pages/datasets/dataset-collection.js
FN:9,(anonymous_1)
FNF:1
FNH:0
FNDA:0,(anonymous_1)
DA:1,0
DA:2,0
DA:3,0
DA:5,0
DA:7,0
DA:10,0
DA:11,0
DA:12,0
LF:8
LH:0
BRF:0
BRH:0
end_of_record
TN:
SF:/home/daisycutter/github/nlesc/spot/src/pages/datasets/dataset.js
FN:10,(anonymous_1)
FN:64,(anonymous_2)
FN:67,(anonymous_3)
FN:74,(anonymous_4)
FN:83,(anonymous_5)
FN:89,(anonymous_6)
FN:97,(anonymous_7)
FNF:7
FNH:0
FNDA:0,(anonymous_1)
FNDA:0,(anonymous_2)
FNDA:0,(anonymous_3)
FNDA:0,(anonymous_4)
FNDA:0,(anonymous_5)
FNDA:0,(anonymous_6)
FNDA:0,(anonymous_7)
DA:1,0
DA:2,0
DA:3,0
DA:5,0
DA:11,0
DA:64,0
DA:68,0
DA:70,0
DA:71,0
DA:73,0
DA:74,0
DA:75,0
DA:76,0
DA:83,0
DA:84,0
DA:85,0
DA:90,0
DA:91,0
DA:92,0
DA:93,0
DA:95,0
DA:98,0
LF:22
LH:0
BRDA:71,1,0,0
BRDA:71,1,1,0
BRDA:90,2,0,0
BRDA:90,2,1,0
BRF:4
BRH:0
end_of_record
TN:
SF:/home/daisycutter/github/nlesc/spot/src/pages/home.js
FN:7,(anonymous_1)
FN:40,(anonymous_2)
FN:50,(anonymous_3)
FN:61,(anonymous_4)
FN:63,(anonymous_5)
FN:67,(anonymous_6)
FNF:6
FNH:0
FNDA:0,(anonymous_1)
FNDA:0,(anonymous_2)
FNDA:0,(anonymous_3)
FNDA:0,(anonymous_4)
FNDA:0,(anonymous_5)
FNDA:0,(anonymous_6)
DA:1,0
DA:2,0
DA:3,0
DA:4,0
DA:6,0
DA:8,0
DA:9,0
DA:10,0
DA:11,0
DA:41,0
DA:42,0
DA:43,0
DA:44,0
DA:46,0
DA:48,0
DA:51,0
DA:62,0
DA:63,0
DA:64,0
DA:68,0
LF:20
LH:0
BRDA:43,1,0,0
BRDA:43,1,1,0
BRF:2
BRH:0
end_of_record
TN:
SF:/home/daisycutter/github/nlesc/spot/src/pages/main.js
FN:11,checkConnection
FN:20,(anonymous_2)
FN:36,(anonymous_3)
FN:44,(anonymous_4)
FN:58,(anonymous_5)
FN:61,(anonymous_6)
FN:65,(anonymous_7)
FN:75,(anonymous_8)
FN:79,(anonymous_9)
FN:83,(anonymous_10)
FN:93,(anonymous_11)
FN:107,(anonymous_12)
FN:123,(anonymous_13)
FNF:13
FNH:0
FNDA:0,checkConnection
FNDA:0,(anonymous_2)
FNDA:0,(anonymous_3)
FNDA:0,(anonymous_4)
FNDA:0,(anonymous_5)
FNDA:0,(anonymous_6)
FNDA:0,(anonymous_7)
FNDA:0,(anonymous_8)
FNDA:0,(anonymous_9)
FNDA:0,(anonymous_10)
FNDA:0,(anonymous_11)
FNDA:0,(anonymous_12)
FNDA:0,(anonymous_13)
DA:3,0
DA:5,0
DA:6,0
DA:7,0
DA:8,0
DA:9,0
DA:11,0
DA:12,0
DA:13,0
DA:20,0
DA:21,0
DA:29,0
DA:37,0
DA:39,0
DA:42,0
DA:44,0
DA:45,0
DA:46,0
DA:59,0
DA:62,0
DA:63,0
DA:66,0
DA:67,0
DA:68,0
DA:69,0
DA:70,0
DA:71,0
DA:72,0
DA:73,0
DA:76,0
DA:77,0
DA:80,0
DA:81,0
DA:85,0
DA:86,0
DA:89,0
DA:92,0
DA:94,0
DA:97,0
DA:104,0
DA:105,0
DA:109,0
DA:112,0
DA:116,0
DA:117,0
DA:129,0
DA:132,0
DA:133,0
DA:136,0
DA:137,0
DA:138,0
LF:51
LH:0
BRDA:12,1,0,0
BRDA:12,1,1,0
BRDA:12,2,0,0
BRDA:12,2,1,0
BRDA:45,3,0,0
BRDA:45,3,1,0
BRDA:116,4,0,0
BRDA:116,4,1,0
BRDA:132,5,0,0
BRDA:132,5,1,0
BRDA:136,6,0,0
BRDA:136,6,1,0
BRF:12
BRH:0
end_of_record
TN:
SF:/home/daisycutter/github/nlesc/spot/src/pages/share.js
FN:8,(anonymous_1)
FN:27,(anonymous_2)
FN:31,(anonymous_3)
FN:35,(anonymous_4)
FN:39,(anonymous_5)
FN:53,(anonymous_6)
FN:68,(anonymous_7)
FN:72,(anonymous_8)
FN:76,(anonymous_9)
FN:92,(anonymous_10)
FN:97,(anonymous_11)
FN:111,(anonymous_12)
FN:117,(anonymous_13)
FN:120,(anonymous_14)
FN:124,(anonymous_15)
FN:130,(anonymous_16)
FN:132,(anonymous_17)
FN:156,(anonymous_18)
FN:161,(anonymous_19)
FN:170,(anonymous_20)
FNF:20
FNH:0
FNDA:0,(anonymous_1)
FNDA:0,(anonymous_2)
FNDA:0,(anonymous_3)
FNDA:0,(anonymous_4)
FNDA:0,(anonymous_5)
FNDA:0,(anonymous_6)
FNDA:0,(anonymous_7)
FNDA:0,(anonymous_8)
FNDA:0,(anonymous_9)
FNDA:0,(anonymous_10)
FNDA:0,(anonymous_11)
FNDA:0,(anonymous_12)
FNDA:0,(anonymous_13)
FNDA:0,(anonymous_14)
FNDA:0,(anonymous_15)
FNDA:0,(anonymous_16)
FNDA:0,(anonymous_17)
FNDA:0,(anonymous_18)
FNDA:0,(anonymous_19)
FNDA:0,(anonymous_20)
DA:1,0
DA:2,0
DA:3,0
DA:5,0
DA:7,0
DA:9,0
DA:10,0
DA:28,0
DA:29,0
DA:32,0
DA:33,0
DA:37,0
DA:38,0
DA:39,0
DA:40,0
DA:44,0
DA:46,0
DA:47,0
DA:48,0
DA:49,0
DA:50,0
DA:52,0
DA:53,0
DA:54,0
DA:55,0
DA:56,0
DA:57,0
DA:58,0
DA:60,0
DA:64,0
DA:65,0
DA:66,0
DA:69,0
DA:70,0
DA:73,0
DA:74,0
DA:77,0
DA:80,0
DA:81,0
DA:82,0
DA:84,0
DA:89,0
DA:93,0
DA:95,0
DA:97,0
DA:98,0
DA:101,0
DA:102,0
DA:104,0
DA:105,0
DA:106,0
DA:107,0
DA:109,0
DA:112,0
DA:114,0
DA:115,0
DA:117,0
DA:118,0
DA:119,0
DA:120,0
DA:121,0
DA:122,0
DA:124,0
DA:125,0
DA:127,0
DA:129,0
DA:130,0
DA:131,0
DA:132,0
DA:133,0
DA:134,0
DA:137,0
DA:139,0
DA:146,0
DA:147,0
DA:149,0
DA:150,0
DA:151,0
DA:152,0
DA:154,0
DA:157,0
DA:158,0
DA:159,0
DA:161,0
DA:162,0
DA:163,0
DA:164,0
DA:170,0
DA:171,0
DA:178,0
LF:90
LH:0
BRDA:38,1,0,0
BRDA:38,1,1,0
BRDA:55,2,0,0
BRDA:55,2,1,0
BRDA:80,3,0,0
BRDA:80,3,1,0
BRDA:95,4,0,0
BRDA:95,4,1,0
BRDA:133,5,0,0
BRDA:133,5,1,0
BRF:10
BRH:0
end_of_record
TN:
SF:/home/daisycutter/github/nlesc/spot/src/router.js
FN:31,(anonymous_1)
FN:37,(anonymous_2)
FN:43,(anonymous_3)
FN:50,(anonymous_4)
FN:56,(anonymous_5)
FN:68,(anonymous_6)
FN:73,(anonymous_7)
FN:98,(anonymous_8)
FN:103,(anonymous_9)
FN:104,(anonymous_10)
FN:118,(anonymous_11)
FN:122,(anonymous_12)
FNF:12
FNH:0
FNDA:0,(anonymous_1)
FNDA:0,(anonymous_2)
FNDA:0,(anonymous_3)
FNDA:0,(anonymous_4)
FNDA:0,(anonymous_5)
FNDA:0,(anonymous_6)
FNDA:0,(anonymous_7)
FNDA:0,(anonymous_8)
FNDA:0,(anonymous_9)
FNDA:0,(anonymous_10)
FNDA:0,(anonymous_11)
FNDA:0,(anonymous_12)
DA:1,0
DA:2,0
DA:3,0
DA:4,0
DA:5,0
DA:6,0
DA:7,0
DA:8,0
DA:9,0
DA:15,0
DA:32,0
DA:38,0
DA:44,0
DA:51,0
DA:57,0
DA:58,0
DA:59,0
DA:64,0
DA:69,0
DA:70,0
DA:73,0
DA:74,0
DA:75,0
DA:76,0
DA:81,0
DA:82,0
DA:83,0
DA:86,0
DA:87,0
DA:88,0
DA:93,0
DA:94,0
DA:101,0
DA:102,0
DA:103,0
DA:104,0
DA:105,0
DA:106,0
DA:107,0
DA:112,0
DA:113,0
DA:115,0
DA:119,0
DA:120,0
DA:123,0
LF:45
LH:0
BRDA:58,1,0,0
BRDA:58,1,1,0
BRDA:75,2,0,0
BRDA:75,2,1,0
BRDA:82,3,0,0
BRDA:82,3,1,0
BRDA:86,4,0,0
BRDA:86,4,1,0
BRDA:105,5,0,0
BRDA:105,5,1,0
BRDA:112,6,0,0
BRDA:112,6,1,0
BRF:12
BRH:0
end_of_record
TN:
SF:/home/daisycutter/github/nlesc/spot/src/templates.js
FN:1,(anonymous_1)
FN:12,(anonymous_2)
FN:13,pug_classes_object
FN:13,pug_classes_array
FN:13,pug_merge
FN:14,pug_classes
FN:15,pug_style
FN:16,pug_attr
FN:17,pug_attrs
FN:18,pug_escape
FN:19,pug_rethrow
FN:19,(anonymous_12)
FN:21,pug_merge
FN:22,pug_classes
FN:23,pug_style
FN:24,pug_attr
FN:25,pug_attrs
FN:26,pug_escape
FN:27,pug_rethrow
FN:27,(anonymous_20)
FN:32,template
FN:34,template
FN:36,template
FN:38,template
FN:41,template
FN:43,template
FN:46,template
FN:48,template
FN:50,template
FN:52,template
FN:54,template
FN:56,template
FN:58,template
FN:60,template
FN:62,template
FN:65,template
FN:67,template
FN:69,template
FN:71,template
FN:73,template
FN:75,template
FN:77,template
FN:80,template
FN:82,template
FN:84,template
FN:86,template
FN:89,template
FN:91,template
FN:93,template
FN:95,template
FN:97,template
FNF:51
FNH:0
FNDA:0,(anonymous_1)
FNDA:0,(anonymous_2)
FNDA:0,pug_classes_object
FNDA:0,pug_classes_array
FNDA:0,pug_merge
FNDA:0,pug_classes
FNDA:0,pug_style
FNDA:0,pug_attr
FNDA:0,pug_attrs
FNDA:0,pug_escape
FNDA:0,pug_rethrow
FNDA:0,(anonymous_12)
FNDA:0,pug_merge
FNDA:0,pug_classes
FNDA:0,pug_style
FNDA:0,pug_attr
FNDA:0,pug_attrs
FNDA:0,pug_escape
FNDA:0,pug_rethrow
FNDA:0,(anonymous_20)
FNDA:0,template
FNDA:0,template
FNDA:0,template
FNDA:0,template
FNDA:0,template
FNDA:0,template
FNDA:0,template
FNDA:0,template
FNDA:0,template
FNDA:0,template
FNDA:0,template
FNDA:0,template
FNDA:0,template
FNDA:0,template
FNDA:0,template
FNDA:0,template
FNDA:0,template
FNDA:0,template
FNDA:0,template
FNDA:0,template
FNDA:0,template
FNDA:0,template
FNDA:0,template
FNDA:0,template
FNDA:0,template
FNDA:0,template
FNDA:0,template
FNDA:0,template
FNDA:0,template
FNDA:0,template
FNDA:0,template
DA:1,0
DA:2,0
DA:3,0
DA:4,0
DA:5,0
DA:7,0
DA:8,0
DA:10,0
DA:13,0
DA:14,0
DA:15,0
DA:16,0
DA:17,0
DA:18,0
DA:19,0
DA:20,0
DA:21,0
DA:22,0
DA:23,0
DA:24,0
DA:25,0
DA:26,0
DA:27,0
DA:30,0
DA:31,0
DA:32,0
DA:34,0
DA:36,0
DA:38,0
DA:40,0
DA:41,0
DA:43,0
DA:45,0
DA:46,0
DA:48,0
DA:50,0
DA:52,0
DA:54,0
DA:56,0
DA:58,0
DA:60,0
DA:62,0
DA:64,0
DA:65,0
DA:67,0
DA:69,0
DA:71,0
DA:73,0
DA:75,0
DA:77,0
DA:79,0
DA:80,0
DA:82,0
DA:84,0
DA:86,0
DA:88,0
DA:89,0
DA:91,0
DA:93,0
DA:95,0
DA:97,0
DA:100,0
LF:62
LH:0
BRDA:2,1,0,0
BRDA:2,1,1,0
BRDA:2,2,0,0
BRDA:2,2,1,0
BRDA:4,3,0,0
BRDA:4,3,1,0
BRDA:7,4,0,0
BRDA:7,4,1,0
BRDA:7,5,0,0
BRDA:7,5,1,0
BRDA:13,6,0,0
BRDA:13,6,1,0
BRDA:13,7,0,0
BRDA:13,7,1,0
BRDA:13,7,2,0
BRDA:13,8,0,0
BRDA:13,8,1,0
BRDA:13,9,0,0
BRDA:13,9,1,0
BRDA:13,9,2,0
BRDA:13,10,0,0
BRDA:13,10,1,0
BRDA:13,11,0,0
BRDA:13,11,1,0
BRDA:13,12,0,0
BRDA:13,12,1,0
BRDA:13,13,0,0
BRDA:13,13,1,0
BRDA:13,14,0,0
BRDA:13,14,1,0
BRDA:13,15,0,0
BRDA:13,15,1,0
BRDA:14,16,0,0
BRDA:14,16,1,0
BRDA:14,17,0,0
BRDA:14,17,1,0
BRDA:14,18,0,0
BRDA:14,18,1,0
BRDA:14,19,0,0
BRDA:14,19,1,0
BRDA:15,20,0,0
BRDA:15,20,1,0
BRDA:15,21,0,0
BRDA:15,21,1,0
BRDA:15,22,0,0
BRDA:15,22,1,0
BRDA:15,23,0,0
BRDA:15,23,1,0
BRDA:16,24,0,0
BRDA:16,24,1,0
BRDA:16,25,0,0
BRDA:16,25,1,0
BRDA:16,25,2,0
BRDA:16,25,3,0
BRDA:16,25,4,0
BRDA:16,26,0,0
BRDA:16,26,1,0
BRDA:16,27,0,0
BRDA:16,27,1,0
BRDA:16,28,0,0
BRDA:16,28,1,0
BRDA:16,29,0,0
BRDA:16,29,1,0
BRDA:16,30,0,0
BRDA:16,30,1,0
BRDA:16,31,0,0
BRDA:16,31,1,0
BRDA:16,32,0,0
BRDA:16,32,1,0
BRDA:17,33,0,0
BRDA:17,33,1,0
BRDA:17,34,0,0
BRDA:17,34,1,0
BRDA:17,35,0,0
BRDA:17,35,1,0
BRDA:18,36,0,0
BRDA:18,36,1,0
BRDA:18,37,0,0
BRDA:18,37,1,0
BRDA:18,37,2,0
BRDA:18,37,3,0
BRDA:18,37,4,0
BRDA:18,38,0,0
BRDA:18,38,1,0
BRDA:18,39,0,0
BRDA:18,39,1,0
BRDA:19,40,0,0
BRDA:19,40,1,0
BRDA:19,41,0,0
BRDA:19,41,1,0
BRDA:19,42,0,0
BRDA:19,42,1,0
BRDA:19,42,2,0
BRDA:19,43,0,0
BRDA:19,43,1,0
BRDA:19,44,0,0
BRDA:19,44,1,0
BRDA:19,45,0,0
BRDA:19,45,1,0
BRDA:21,46,0,0
BRDA:21,46,1,0
BRDA:21,47,0,0
BRDA:21,47,1,0
BRDA:21,48,0,0
BRDA:21,48,1,0
BRDA:21,49,0,0
BRDA:21,49,1,0
BRDA:21,50,0,0
BRDA:21,50,1,0
BRDA:21,51,0,0
BRDA:21,51,1,0
BRDA:22,52,0,0
BRDA:22,52,1,0
BRDA:22,53,0,0
BRDA:22,53,1,0
BRDA:22,54,0,0
BRDA:22,54,1,0
BRDA:22,55,0,0
BRDA:22,55,1,0
BRDA:23,56,0,0
BRDA:23,56,1,0
BRDA:23,57,0,0
BRDA:23,57,1,0
BRDA:23,58,0,0
BRDA:23,58,1,0
BRDA:23,59,0,0
BRDA:23,59,1,0
BRDA:24,60,0,0
BRDA:24,60,1,0
BRDA:24,61,0,0
BRDA:24,61,1,0
BRDA:24,61,2,0
BRDA:24,61,3,0
BRDA:24,61,4,0
BRDA:24,62,0,0
BRDA:24,62,1,0
BRDA:24,63,0,0
BRDA:24,63,1,0
BRDA:24,64,0,0
BRDA:24,64,1,0
BRDA:24,65,0,0
BRDA:24,65,1,0
BRDA:24,66,0,0
BRDA:24,66,1,0
BRDA:24,67,0,0
BRDA:24,67,1,0
BRDA:24,68,0,0
BRDA:24,68,1,0
BRDA:25,69,0,0
BRDA:25,69,1,0
BRDA:25,70,0,0
BRDA:25,70,1,0
BRDA:25,71,0,0
BRDA:25,71,1,0
BRDA:26,72,0,0
BRDA:26,72,1,0
BRDA:26,73,0,0
BRDA:26,73,1,0
BRDA:26,73,2,0
BRDA:26,73,3,0
BRDA:26,73,4,0
BRDA:26,74,0,0
BRDA:26,74,1,0
BRDA:26,75,0,0
BRDA:26,75,1,0
BRDA:27,76,0,0
BRDA:27,76,1,0
BRDA:27,77,0,0
BRDA:27,77,1,0
BRDA:27,78,0,0
BRDA:27,78,1,0
BRDA:27,78,2,0
BRDA:27,79,0,0
BRDA:27,79,1,0
BRDA:27,80,0,0
BRDA:27,80,1,0
BRDA:27,81,0,0
BRDA:27,81,1,0
BRF:178
BRH:0
end_of_record
TN:
SF:/home/daisycutter/github/nlesc/spot/src/widgets/chartjs-duration-scale.js
FN:4,prettyPrintDuration
FN:91,(anonymous_2)
FN:96,(anonymous_3)
FN:107,(anonymous_4)
FN:123,(anonymous_5)
FN:127,(anonymous_6)
FN:135,(anonymous_7)
FN:150,(anonymous_8)
FN:155,(anonymous_9)
FN:199,(anonymous_10)
FN:205,(anonymous_11)
FN:217,(anonymous_12)
FN:221,(anonymous_13)
FN:243,(anonymous_14)
FN:359,(anonymous_15)
FN:377,(anonymous_16)
FN:393,(anonymous_17)
FN:398,(anonymous_18)
FN:430,(anonymous_19)
FN:433,(anonymous_20)
FN:440,(anonymous_21)
FNF:21
FNH:0
FNDA:0,prettyPrintDuration
FNDA:0,(anonymous_2)
FNDA:0,(anonymous_3)
FNDA:0,(anonymous_4)
FNDA:0,(anonymous_5)
FNDA:0,(anonymous_6)
FNDA:0,(anonymous_7)
FNDA:0,(anonymous_8)
FNDA:0,(anonymous_9)
FNDA:0,(anonymous_10)
FNDA:0,(anonymous_11)
FNDA:0,(anonymous_12)
FNDA:0,(anonymous_13)
FNDA:0,(anonymous_14)
FNDA:0,(anonymous_15)
FNDA:0,(anonymous_16)
FNDA:0,(anonymous_17)
FNDA:0,(anonymous_18)
FNDA:0,(anonymous_19)
FNDA:0,(anonymous_20)
FNDA:0,(anonymous_21)
DA:4,0
DA:5,0
DA:6,0
DA:7,0
DA:8,0
DA:10,0
DA:11,0
DA:13,0
DA:14,0
DA:16,0
DA:17,0
DA:19,0
DA:20,0
DA:22,0
DA:23,0
DA:25,0
DA:26,0
DA:28,0
DA:29,0
DA:30,0
DA:33,0
DA:64,0
DA:91,0
DA:92,0
DA:93,0
DA:95,0
DA:97,0
DA:98,0
DA:101,0
DA:102,0
DA:105,0
DA:108,0
DA:109,0
DA:110,0
DA:113,0
DA:114,0
DA:117,0
DA:118,0
DA:121,0
DA:124,0
DA:125,0
DA:128,0
DA:129,0
DA:133,0
DA:134,0
DA:135,0
DA:136,0
DA:138,0
DA:139,0
DA:141,0
DA:143,0
DA:144,0
DA:146,0
DA:147,0
DA:150,0
DA:151,0
DA:152,0
DA:154,0
DA:155,0
DA:156,0
DA:157,0
DA:158,0
DA:160,0
DA:163,0
DA:164,0
DA:166,0
DA:168,0
DA:170,0
DA:171,0
DA:173,0
DA:174,0
DA:180,0
DA:183,0
DA:187,0
DA:188,0
DA:191,0
DA:192,0
DA:196,0
DA:197,0
DA:200,0
DA:201,0
DA:202,0
DA:204,0
DA:205,0
DA:206,0
DA:208,0
DA:209,0
DA:210,0
DA:212,0
DA:217,0
DA:218,0
DA:220,0
DA:221,0
DA:222,0
DA:223,0
DA:224,0
DA:226,0
DA:229,0
DA:230,0
DA:231,0
DA:233,0
DA:238,0
DA:240,0
DA:244,0
DA:246,0
DA:247,0
DA:248,0
DA:249,0
DA:250,0
DA:251,0
DA:253,0
DA:254,0
DA:255,0
DA:258,0
DA:259,0
DA:260,0
DA:261,0
DA:264,0
DA:267,0
DA:268,0
DA:269,0
DA:270,0
DA:271,0
DA:272,0
DA:275,0
DA:276,0
DA:278,0
DA:279,0
DA:282,0
DA:284,0
DA:286,0
DA:288,0
DA:289,0
DA:290,0
DA:291,0
DA:295,0
DA:296,0
DA:298,0
DA:299,0
DA:302,0
DA:303,0
DA:305,0
DA:306,0
DA:307,0
DA:308,0
DA:313,0
DA:316,0
DA:317,0
DA:318,0
DA:320,0
DA:324,0
DA:325,0
DA:326,0
DA:327,0
DA:329,0
DA:330,0
DA:331,0
DA:334,0
DA:337,0
DA:340,0
DA:341,0
DA:344,0
DA:345,0
DA:348,0
DA:349,0
DA:353,0
DA:356,0
DA:360,0
DA:361,0
DA:363,0
DA:364,0
DA:365,0
DA:367,0
DA:374,0
DA:378,0
DA:379,0
DA:380,0
DA:382,0
DA:385,0
DA:386,0
DA:388,0
DA:389,0
DA:391,0
DA:394,0
DA:395,0
DA:396,0
DA:399,0
DA:400,0
DA:401,0
DA:402,0
DA:405,0
DA:406,0
DA:408,0
DA:410,0
DA:411,0
DA:415,0
DA:416,0
DA:418,0
DA:419,0
DA:420,0
DA:422,0
DA:424,0
DA:425,0
DA:427,0
DA:431,0
DA:434,0
DA:435,0
DA:436,0
DA:437,0
DA:438,0
DA:441,0
DA:442,0
DA:444,0
DA:445,0
DA:446,0
DA:448,0
DA:449,0
DA:452,0
DA:455,0
DA:458,0
LF:220
LH:0
BRDA:8,1,0,0
BRDA:8,1,1,0
BRDA:8,2,0,0
BRDA:8,2,1,0
BRDA:11,3,0,0
BRDA:11,3,1,0
BRDA:11,4,0,0
BRDA:11,4,1,0
BRDA:14,5,0,0
BRDA:14,5,1,0
BRDA:14,6,0,0
BRDA:14,6,1,0
BRDA:17,7,0,0
BRDA:17,7,1,0
BRDA:17,8,0,0
BRDA:17,8,1,0
BRDA:20,9,0,0
BRDA:20,9,1,0
BRDA:20,10,0,0
BRDA:20,10,1,0
BRDA:23,11,0,0
BRDA:23,11,1,0
BRDA:23,12,0,0
BRDA:23,12,1,0
BRDA:26,13,0,0
BRDA:26,13,1,0
BRDA:26,14,0,0
BRDA:26,14,1,0
BRDA:29,15,0,0
BRDA:29,15,1,0
BRDA:29,16,0,0
BRDA:29,16,1,0
BRDA:93,17,0,0
BRDA:93,17,1,0
BRDA:97,18,0,0
BRDA:97,18,1,0
BRDA:97,19,0,0
BRDA:97,19,1,0
BRDA:101,20,0,0
BRDA:101,20,1,0
BRDA:109,21,0,0
BRDA:109,21,1,0
BRDA:109,22,0,0
BRDA:109,22,1,0
BRDA:113,23,0,0
BRDA:113,23,1,0
BRDA:117,24,0,0
BRDA:117,24,1,0
BRDA:134,25,0,0
BRDA:134,25,1,0
BRDA:134,26,0,0
BRDA:134,26,1,0
BRDA:138,27,0,0
BRDA:138,27,1,0
BRDA:138,28,0,0
BRDA:138,28,1,0
BRDA:154,29,0,0
BRDA:154,29,1,0
BRDA:154,30,0,0
BRDA:154,30,1,0
BRDA:157,31,0,0
BRDA:157,31,1,0
BRDA:163,32,0,0
BRDA:163,32,1,0
BRDA:163,33,0,0
BRDA:163,33,1,0
BRDA:168,34,0,0
BRDA:168,34,1,0
BRDA:170,35,0,0
BRDA:170,35,1,0
BRDA:170,36,0,0
BRDA:170,36,1,0
BRDA:173,37,0,0
BRDA:173,37,1,0
BRDA:173,38,0,0
BRDA:173,38,1,0
BRDA:187,39,0,0
BRDA:187,39,1,0
BRDA:191,40,0,0
BRDA:191,40,1,0
BRDA:204,41,0,0
BRDA:204,41,1,0
BRDA:204,42,0,0
BRDA:204,42,1,0
BRDA:208,43,0,0
BRDA:208,43,1,0
BRDA:209,44,0,0
BRDA:209,44,1,0
BRDA:220,45,0,0
BRDA:220,45,1,0
BRDA:220,46,0,0
BRDA:220,46,1,0
BRDA:223,47,0,0
BRDA:223,47,1,0
BRDA:229,48,0,0
BRDA:229,48,1,0
BRDA:230,49,0,0
BRDA:230,49,1,0
BRDA:258,50,0,0
BRDA:258,50,1,0
BRDA:259,51,0,0
BRDA:259,51,1,0
BRDA:264,52,0,0
BRDA:264,52,1,0
BRDA:286,53,0,0
BRDA:286,53,1,0
BRDA:286,54,0,0
BRDA:286,54,1,0
BRDA:289,55,0,0
BRDA:289,55,1,0
BRDA:296,56,0,0
BRDA:296,56,1,0
BRDA:296,57,0,0
BRDA:296,57,1,0
BRDA:316,58,0,0
BRDA:316,58,1,0
BRDA:324,59,0,0
BRDA:324,59,1,0
BRDA:327,60,0,0
BRDA:327,60,1,0
BRDA:330,61,0,0
BRDA:330,61,1,0
BRDA:344,62,0,0
BRDA:344,62,1,0
BRDA:344,63,0,0
BRDA:344,63,1,0
BRDA:348,64,0,0
BRDA:348,64,1,0
BRDA:361,65,0,0
BRDA:361,65,1,0
BRDA:361,66,0,0
BRDA:361,66,1,0
BRDA:363,67,0,0
BRDA:363,67,1,0
BRDA:364,68,0,0
BRDA:364,68,1,0
BRDA:379,69,0,0
BRDA:379,69,1,0
BRDA:388,70,0,0
BRDA:388,70,1,0
BRDA:401,71,0,0
BRDA:401,71,1,0
BRDA:401,72,0,0
BRDA:401,72,1,0
BRDA:405,73,0,0
BRDA:405,73,1,0
BRDA:406,74,0,0
BRDA:406,74,1,0
BRDA:406,75,0,0
BRDA:406,75,1,0
BRDA:410,76,0,0
BRDA:410,76,1,0
BRDA:410,77,0,0
BRDA:410,77,1,0
BRDA:415,78,0,0
BRDA:415,78,1,0
BRDA:416,79,0,0
BRDA:416,79,1,0
BRDA:418,80,0,0
BRDA:418,80,1,0
BRDA:435,81,0,0
BRDA:435,81,1,0
BRDA:436,82,0,0
BRDA:436,82,1,0
BRDA:444,83,0,0
BRDA:444,83,1,0
BRDA:445,84,0,0
BRDA:445,84,1,0
BRDA:448,85,0,0
BRDA:448,85,1,0
BRF:170
BRH:0
end_of_record
TN:
SF:/home/daisycutter/github/nlesc/spot/src/widgets/chartjs-errorbars.js
FN:6,(anonymous_1)
FN:11,(anonymous_2)
FN:86,(anonymous_3)
FN:98,(anonymous_4)
FN:117,(anonymous_5)
FN:135,update
FN:149,(anonymous_7)
FN:154,updateErrorBar
FN:205,(anonymous_9)
FN:211,(anonymous_10)
FNF:10
FNH:0
FNDA:0,(anonymous_1)
FNDA:0,(anonymous_2)
FNDA:0,(anonymous_3)
FNDA:0,(anonymous_4)
FNDA:0,(anonymous_5)
FNDA:0,update
FNDA:0,(anonymous_7)
FNDA:0,updateErrorBar
FNDA:0,(anonymous_9)
FNDA:0,(anonymous_10)
DA:6,0
DA:7,0
DA:10,0
DA:12,0
DA:13,0
DA:15,0
DA:16,0
DA:19,0
DA:20,0
DA:22,0
DA:23,0
DA:24,0
DA:25,0
DA:27,0
DA:28,0
DA:31,0
DA:32,0
DA:33,0
DA:34,0
DA:35,0
DA:37,0
DA:38,0
DA:39,0
DA:40,0
DA:42,0
DA:43,0
DA:44,0
DA:45,0
DA:49,0
DA:50,0
DA:51,0
DA:52,0
DA:53,0
DA:55,0
DA:56,0
DA:57,0
DA:58,0
DA:60,0
DA:61,0
DA:62,0
DA:63,0
DA:76,0
DA:85,0
DA:88,0
DA:90,0
DA:91,0
DA:92,0
DA:93,0
DA:94,0
DA:95,0
DA:100,0
DA:102,0
DA:103,0
DA:104,0
DA:105,0
DA:107,0
DA:108,0
DA:114,0
DA:119,0
DA:121,0
DA:122,0
DA:123,0
DA:125,0
DA:132,0
DA:137,0
DA:139,0
DA:140,0
DA:141,0
DA:144,0
DA:145,0
DA:146,0
DA:149,0
DA:150,0
DA:155,0
DA:156,0
DA:157,0
DA:158,0
DA:160,0
DA:162,0
DA:163,0
DA:165,0
DA:166,0
DA:168,0
DA:169,0
DA:170,0
DA:171,0
DA:172,0
DA:174,0
DA:175,0
DA:179,0
DA:180,0
DA:181,0
DA:182,0
DA:183,0
DA:185,0
DA:202,0
DA:206,0
DA:209,0
DA:211,0
DA:215,0
DA:217,0
DA:218,0
DA:219,0
DA:221,0
DA:222,0
LF:105
LH:0
BRDA:10,1,0,0
BRDA:10,1,1,0
BRDA:15,2,0,0
BRDA:15,2,1,0
BRDA:31,3,0,0
BRDA:31,3,1,0
BRDA:31,4,0,0
BRDA:31,4,1,0
BRDA:49,5,0,0
BRDA:49,5,1,0
BRDA:49,6,0,0
BRDA:49,6,1,0
BRDA:91,7,0,0
BRDA:91,7,1,0
BRDA:92,8,0,0
BRDA:92,8,1,0
BRDA:93,9,0,0
BRDA:93,9,1,0
BRDA:94,10,0,0
BRDA:94,10,1,0
BRDA:95,11,0,0
BRDA:95,11,1,0
BRDA:103,12,0,0
BRDA:103,12,1,0
BRDA:104,13,0,0
BRDA:104,13,1,0
BRDA:108,14,0,0
BRDA:108,14,1,0
BRDA:125,15,0,0
BRDA:125,15,1,0
BRDA:145,16,0,0
BRDA:145,16,1,0
BRDA:170,17,0,0
BRDA:170,17,1,0
BRDA:170,18,0,0
BRDA:170,18,1,0
BRDA:195,19,0,0
BRDA:195,19,1,0
BRDA:196,20,0,0
BRDA:196,20,1,0
BRDA:206,21,0,0
BRDA:206,21,1,0
BRDA:217,22,0,0
BRDA:217,22,1,0
BRDA:217,23,0,0
BRDA:217,23,1,0
BRDA:218,24,0,0
BRDA:218,24,1,0
BRDA:218,25,0,0
BRDA:218,25,1,0
BRDA:218,25,2,0
BRDA:218,25,3,0
BRDA:218,25,4,0
BRDA:218,25,5,0
BRDA:221,26,0,0
BRDA:221,26,1,0
BRDA:221,27,0,0
BRDA:221,27,1,0
BRDA:221,27,2,0
BRDA:221,27,3,0
BRF:60
BRH:0
end_of_record
TN:
SF:/home/daisycutter/github/nlesc/spot/src/widgets/view-factory.js
FN:75,newView
FNF:1
FNH:0
FNDA:0,newView
DA:1,0
DA:2,0
DA:4,0
DA:7,0
DA:8,0
DA:9,0
DA:10,0
DA:11,0
DA:14,0
DA:15,0
DA:17,0
DA:24,0
DA:33,0
DA:75,0
DA:76,0
DA:77,0
DA:78,0
LF:17
LH:0
BRF:0
BRH:0
end_of_record
TN:
SF:/home/daisycutter/github/nlesc/spot/src/widgets/views/base-widget.js
FN:25,(anonymous_1)
FN:33,(anonymous_2)
FN:41,(anonymous_3)
FN:45,(anonymous_4)
FNF:4
FNH:0
FNDA:0,(anonymous_1)
FNDA:0,(anonymous_2)
FNDA:0,(anonymous_3)
FNDA:0,(anonymous_4)
DA:7,0
DA:9,0
DA:26,0
DA:34,0
DA:42,0
LF:5
LH:0
BRF:0
BRH:0
end_of_record
TN:
SF:/home/daisycutter/github/nlesc/spot/src/widgets/views/chartjs.js
FN:13,(anonymous_1)
FN:23,defaultErrorDir
FN:35,acceptTimeAxis
FN:40,hasPerItemColor
FN:51,colorByIndex
FN:57,onClick
FN:69,deinitChart
FN:83,initChart
FN:134,update
FN:171,(anonymous_10)
FN:178,(anonymous_11)
FN:189,(anonymous_12)
FN:198,(anonymous_13)
FN:205,(anonymous_14)
FN:237,(anonymous_15)
FN:241,(anonymous_16)
FN:245,(anonymous_17)
FNF:17
FNH:0
FNDA:0,(anonymous_1)
FNDA:0,defaultErrorDir
FNDA:0,acceptTimeAxis
FNDA:0,hasPerItemColor
FNDA:0,colorByIndex
FNDA:0,onClick
FNDA:0,deinitChart
FNDA:0,initChart
FNDA:0,update
FNDA:0,(anonymous_10)
FNDA:0,(anonymous_11)
FNDA:0,(anonymous_12)
FNDA:0,(anonymous_13)
FNDA:0,(anonymous_14)
FNDA:0,(anonymous_15)
FNDA:0,(anonymous_16)
FNDA:0,(anonymous_17)
DA:1,0
DA:2,0
DA:3,0
DA:4,0
DA:5,0
DA:6,0
DA:7,0
DA:12,0
DA:14,0
DA:16,0
DA:17,0
DA:18,0
DA:23,0
DA:24,0
DA:25,0
DA:26,0
DA:27,0
DA:28,0
DA:31,0
DA:35,0
DA:36,0
DA:37,0
DA:40,0
DA:45,0
DA:46,0
DA:51,0
DA:52,0
DA:53,0
DA:57,0
DA:58,0
DA:59,0
DA:61,0
DA:62,0
DA:64,0
DA:65,0
DA:69,0
DA:70,0
DA:71,0
DA:72,0
DA:74,0
DA:76,0
DA:77,0
DA:78,0
DA:80,0
DA:83,0
DA:85,0
DA:86,0
DA:88,0
DA:91,0
DA:92,0
DA:93,0
DA:94,0
DA:95,0
DA:96,0
DA:97,0
DA:102,0
DA:103,0
DA:104,0
DA:106,0
DA:109,0
DA:110,0
DA:114,0
DA:115,0
DA:117,0
DA:118,0
DA:119,0
DA:121,0
DA:122,0
DA:123,0
DA:126,0
DA:129,0
DA:131,0
DA:134,0
DA:135,0
DA:136,0
DA:137,0
DA:140,0
DA:141,0
DA:142,0
DA:143,0
DA:145,0
DA:147,0
DA:150,0
DA:151,0
DA:152,0
DA:154,0
DA:155,0
DA:157,0
DA:159,0
DA:160,0
DA:162,0
DA:166,0
DA:168,0
DA:169,0
DA:170,0
DA:171,0
DA:172,0
DA:173,0
DA:175,0
DA:178,0
DA:179,0
DA:180,0
DA:182,0
DA:186,0
DA:187,0
DA:188,0
DA:189,0
DA:190,0
DA:191,0
DA:193,0
DA:196,0
DA:198,0
DA:199,0
DA:202,0
DA:205,0
DA:206,0
DA:207,0
DA:210,0
DA:212,0
DA:213,0
DA:216,0
DA:217,0
DA:218,0
DA:219,0
DA:221,0
DA:224,0
DA:231,0
DA:234,0
DA:238,0
DA:242,0
DA:246,0
LF:131
LH:0
BRDA:16,1,0,0
BRDA:16,1,1,0
BRDA:25,2,0,0
BRDA:25,2,1,0
BRDA:27,3,0,0
BRDA:27,3,1,0
BRDA:46,4,0,0
BRDA:46,4,1,0
BRDA:46,4,2,0
BRDA:58,5,0,0
BRDA:58,5,1,0
BRDA:70,6,0,0
BRDA:70,6,1,0
BRDA:77,7,0,0
BRDA:77,7,1,0
BRDA:91,8,0,0
BRDA:91,8,1,0
BRDA:92,9,0,0
BRDA:92,9,1,0
BRDA:94,10,0,0
BRDA:94,10,1,0
BRDA:96,11,0,0
BRDA:96,11,1,0
BRDA:102,12,0,0
BRDA:102,12,1,0
BRDA:102,13,0,0
BRDA:102,13,1,0
BRDA:109,14,0,0
BRDA:109,14,1,0
BRDA:135,15,0,0
BRDA:135,15,1,0
BRDA:150,16,0,0
BRDA:150,16,1,0
BRDA:154,17,0,0
BRDA:154,17,1,0
BRDA:154,18,0,0
BRDA:154,18,1,0
BRDA:159,19,0,0
BRDA:159,19,1,0
BRDA:159,20,0,0
BRDA:159,20,1,0
BRDA:159,20,2,0
BRDA:170,21,0,0
BRDA:170,21,1,0
BRDA:172,22,0,0
BRDA:172,22,1,0
BRDA:173,23,0,0
BRDA:173,23,1,0
BRDA:179,24,0,0
BRDA:179,24,1,0
BRDA:188,25,0,0
BRDA:188,25,1,0
BRDA:190,26,0,0
BRDA:190,26,1,0
BRDA:191,27,0,0
BRDA:191,27,1,0
BRDA:210,28,0,0
BRDA:210,28,1,0
BRDA:210,29,0,0
BRDA:210,29,1,0
BRDA:216,30,0,0
BRDA:216,30,1,0
BRDA:217,31,0,0
BRDA:217,31,1,0
BRDA:218,32,0,0
BRDA:218,32,1,0
BRF:66
BRH:0
end_of_record
TN:
SF:/home/daisycutter/github/nlesc/spot/src/widgets/views/chartjs1d.js
FN:10,onClick
FN:21,deinitChart
FN:35,initChart
FN:84,update
FN:114,(anonymous_5)
FN:121,(anonymous_6)
FN:133,(anonymous_7)
FN:140,(anonymous_8)
FN:147,(anonymous_9)
FN:154,(anonymous_10)
FN:169,(anonymous_11)
FN:185,(anonymous_12)
FN:233,(anonymous_13)
FN:237,(anonymous_14)
FN:241,(anonymous_15)
FNF:15
FNH:0
FNDA:0,onClick
FNDA:0,deinitChart
FNDA:0,initChart
FNDA:0,update
FNDA:0,(anonymous_5)
FNDA:0,(anonymous_6)
FNDA:0,(anonymous_7)
FNDA:0,(anonymous_8)
FNDA:0,(anonymous_9)
FNDA:0,(anonymous_10)
FNDA:0,(anonymous_11)
FNDA:0,(anonymous_12)
FNDA:0,(anonymous_13)
FNDA:0,(anonymous_14)
FNDA:0,(anonymous_15)
DA:1,0
DA:2,0
DA:3,0
DA:4,0
DA:5,0
DA:6,0
DA:7,0
DA:10,0
DA:11,0
DA:12,0
DA:14,0
DA:15,0
DA:16,0
DA:17,0
DA:21,0
DA:22,0
DA:23,0
DA:24,0
DA:26,0
DA:28,0
DA:29,0
DA:30,0
DA:32,0
DA:35,0
DA:37,0
DA:38,0
DA:41,0
DA:42,0
DA:43,0
DA:44,0
DA:45,0
DA:47,0
DA:53,0
DA:56,0
DA:59,0
DA:60,0
DA:62,0
DA:63,0
DA:64,0
DA:66,0
DA:67,0
DA:68,0
DA:70,0
DA:71,0
DA:73,0
DA:77,0
DA:80,0
DA:81,0
DA:84,0
DA:85,0
DA:86,0
DA:89,0
DA:90,0
DA:91,0
DA:93,0
DA:94,0
DA:95,0
DA:98,0
DA:100,0
DA:101,0
DA:102,0
DA:104,0
DA:105,0
DA:106,0
DA:109,0
DA:111,0
DA:112,0
DA:113,0
DA:114,0
DA:115,0
DA:116,0
DA:118,0
DA:121,0
DA:122,0
DA:123,0
DA:125,0
DA:129,0
DA:130,0
DA:131,0
DA:132,0
DA:133,0
DA:134,0
DA:135,0
DA:137,0
DA:140,0
DA:141,0
DA:144,0
DA:145,0
DA:146,0
DA:147,0
DA:148,0
DA:149,0
DA:151,0
DA:154,0
DA:155,0
DA:156,0
DA:158,0
DA:159,0
DA:163,0
DA:164,0
DA:165,0
DA:167,0
DA:168,0
DA:169,0
DA:170,0
DA:171,0
DA:173,0
DA:176,0
DA:179,0
DA:185,0
DA:186,0
DA:187,0
DA:189,0
DA:190,0
DA:191,0
DA:192,0
DA:193,0
DA:194,0
DA:195,0
DA:196,0
DA:197,0
DA:198,0
DA:199,0
DA:205,0
DA:206,0
DA:218,0
DA:219,0
DA:220,0
DA:222,0
DA:223,0
DA:227,0
DA:230,0
DA:234,0
DA:238,0
DA:242,0
LF:135
LH:0
BRDA:14,1,0,0
BRDA:14,1,1,0
BRDA:22,2,0,0
BRDA:22,2,1,0
BRDA:29,3,0,0
BRDA:29,3,1,0
BRDA:42,4,0,0
BRDA:42,4,1,0
BRDA:44,5,0,0
BRDA:44,5,1,0
BRDA:71,6,0,0
BRDA:71,6,1,0
BRDA:85,7,0,0
BRDA:85,7,1,0
BRDA:98,8,0,0
BRDA:98,8,1,0
BRDA:98,9,0,0
BRDA:98,9,1,0
BRDA:98,9,2,0
BRDA:113,10,0,0
BRDA:113,10,1,0
BRDA:115,11,0,0
BRDA:115,11,1,0
BRDA:115,12,0,0
BRDA:115,12,1,0
BRDA:116,13,0,0
BRDA:116,13,1,0
BRDA:122,14,0,0
BRDA:122,14,1,0
BRDA:122,15,0,0
BRDA:122,15,1,0
BRDA:132,16,0,0
BRDA:132,16,1,0
BRDA:134,17,0,0
BRDA:134,17,1,0
BRDA:135,18,0,0
BRDA:135,18,1,0
BRDA:146,19,0,0
BRDA:146,19,1,0
BRDA:148,20,0,0
BRDA:148,20,1,0
BRDA:149,21,0,0
BRDA:149,21,1,0
BRDA:155,22,0,0
BRDA:155,22,1,0
BRDA:158,23,0,0
BRDA:158,23,1,0
BRDA:165,24,0,0
BRDA:165,24,1,0
BRDA:170,25,0,0
BRDA:170,25,1,0
BRDA:171,26,0,0
BRDA:171,26,1,0
BRDA:189,27,0,0
BRDA:189,27,1,0
BRDA:189,28,0,0
BRDA:189,28,1,0
BRDA:194,29,0,0
BRDA:194,29,1,0
BRDA:206,30,0,0
BRDA:206,30,1,0
BRDA:218,31,0,0
BRDA:218,31,1,0
BRDA:218,32,0,0
BRDA:218,32,1,0
BRF:65
BRH:0
end_of_record
TN:
SF:/home/daisycutter/github/nlesc/spot/src/widgets/views/chartjs2d.js
FN:13,normalizeGroup
FN:17,(anonymous_2)
FN:29,(anonymous_3)
FN:35,(anonymous_4)
FN:40,(anonymous_5)
FN:45,(anonymous_6)
FN:50,deinitChart
FN:64,initChart
FN:121,(anonymous_9)
FN:165,update
FN:177,updateBubbles
FN:214,(anonymous_12)
FN:216,(anonymous_13)
FN:222,(anonymous_14)
FN:224,(anonymous_15)
FN:236,(anonymous_16)
FN:325,(anonymous_17)
FN:329,(anonymous_18)
FN:333,(anonymous_19)
FNF:19
FNH:0
FNDA:0,normalizeGroup
FNDA:0,(anonymous_2)
FNDA:0,(anonymous_3)
FNDA:0,(anonymous_4)
FNDA:0,(anonymous_5)
FNDA:0,(anonymous_6)
FNDA:0,deinitChart
FNDA:0,initChart
FNDA:0,(anonymous_9)
FNDA:0,update
FNDA:0,updateBubbles
FNDA:0,(anonymous_12)
FNDA:0,(anonymous_13)
FNDA:0,(anonymous_14)
FNDA:0,(anonymous_15)
FNDA:0,(anonymous_16)
FNDA:0,(anonymous_17)
FNDA:0,(anonymous_18)
FNDA:0,(anonymous_19)
DA:1,0
DA:2,0
DA:3,0
DA:4,0
DA:5,0
DA:6,0
DA:7,0
DA:9,0
DA:10,0
DA:11,0
DA:13,0
DA:14,0
DA:15,0
DA:16,0
DA:17,0
DA:18,0
DA:19,0
DA:20,0
DA:21,0
DA:22,0
DA:27,0
DA:29,0
DA:30,0
DA:33,0
DA:34,0
DA:35,0
DA:36,0
DA:38,0
DA:40,0
DA:41,0
DA:45,0
DA:47,0
DA:50,0
DA:51,0
DA:52,0
DA:53,0
DA:55,0
DA:57,0
DA:58,0
DA:59,0
DA:61,0
DA:64,0
DA:66,0
DA:67,0
DA:69,0
DA:70,0
DA:72,0
DA:75,0
DA:77,0
DA:78,0
DA:79,0
DA:80,0
DA:81,0
DA:82,0
DA:83,0
DA:85,0
DA:88,0
DA:90,0
DA:96,0
DA:98,0
DA:99,0
DA:100,0
DA:101,0
DA:102,0
DA:103,0
DA:104,0
DA:106,0
DA:109,0
DA:111,0
DA:117,0
DA:120,0
DA:121,0
DA:122,0
DA:123,0
DA:125,0
DA:127,0
DA:128,0
DA:131,0
DA:132,0
DA:135,0
DA:136,0
DA:138,0
DA:139,0
DA:145,0
DA:146,0
DA:148,0
DA:149,0
DA:150,0
DA:152,0
DA:153,0
DA:154,0
DA:157,0
DA:160,0
DA:162,0
DA:165,0
DA:166,0
DA:167,0
DA:171,0
DA:174,0
DA:177,0
DA:178,0
DA:179,0
DA:181,0
DA:182,0
DA:184,0
DA:185,0
DA:188,0
DA:193,0
DA:194,0
DA:195,0
DA:196,0
DA:197,0
DA:199,0
DA:200,0
DA:201,0
DA:202,0
DA:205,0
DA:206,0
DA:207,0
DA:208,0
DA:211,0
DA:212,0
DA:213,0
DA:214,0
DA:216,0
DA:217,0
DA:220,0
DA:221,0
DA:222,0
DA:224,0
DA:225,0
DA:226,0
DA:228,0
DA:229,0
DA:234,0
DA:235,0
DA:236,0
DA:237,0
DA:238,0
DA:240,0
DA:242,0
DA:243,0
DA:246,0
DA:247,0
DA:249,0
DA:252,0
DA:253,0
DA:255,0
DA:259,0
DA:260,0
DA:263,0
DA:264,0
DA:265,0
DA:267,0
DA:271,0
DA:272,0
DA:273,0
DA:275,0
DA:279,0
DA:280,0
DA:281,0
DA:282,0
DA:283,0
DA:284,0
DA:285,0
DA:286,0
DA:291,0
DA:292,0
DA:293,0
DA:294,0
DA:295,0
DA:299,0
DA:302,0
DA:303,0
DA:307,0
DA:314,0
DA:315,0
DA:317,0
DA:322,0
DA:326,0
DA:330,0
DA:334,0
LF:182
LH:0
BRDA:18,1,0,0
BRDA:18,1,1,0
BRDA:19,2,0,0
BRDA:19,2,1,0
BRDA:20,3,0,0
BRDA:20,3,1,0
BRDA:21,4,0,0
BRDA:21,4,1,0
BRDA:22,5,0,0
BRDA:22,5,1,0
BRDA:27,6,0,0
BRDA:27,6,1,0
BRDA:30,7,0,0
BRDA:30,7,1,0
BRDA:30,8,0,0
BRDA:30,8,1,0
BRDA:34,9,0,0
BRDA:34,9,1,0
BRDA:38,10,0,0
BRDA:38,10,1,0
BRDA:38,11,0,0
BRDA:38,11,1,0
BRDA:38,11,2,0
BRDA:38,11,3,0
BRDA:51,12,0,0
BRDA:51,12,1,0
BRDA:58,13,0,0
BRDA:58,13,1,0
BRDA:77,14,0,0
BRDA:77,14,1,0
BRDA:79,15,0,0
BRDA:79,15,1,0
BRDA:81,16,0,0
BRDA:81,16,1,0
BRDA:82,17,0,0
BRDA:82,17,1,0
BRDA:98,18,0,0
BRDA:98,18,1,0
BRDA:100,19,0,0
BRDA:100,19,1,0
BRDA:102,20,0,0
BRDA:102,20,1,0
BRDA:103,21,0,0
BRDA:103,21,1,0
BRDA:120,22,0,0
BRDA:120,22,1,0
BRDA:125,23,0,0
BRDA:125,23,1,0
BRDA:125,24,0,0
BRDA:125,24,1,0
BRDA:166,25,0,0
BRDA:166,25,1,0
BRDA:184,26,0,0
BRDA:184,26,1,0
BRDA:185,27,0,0
BRDA:185,27,1,0
BRDA:200,28,0,0
BRDA:200,28,1,0
BRDA:206,29,0,0
BRDA:206,29,1,0
BRDA:213,30,0,0
BRDA:213,30,1,0
BRDA:221,31,0,0
BRDA:221,31,1,0
BRDA:225,32,0,0
BRDA:225,32,1,0
BRDA:228,33,0,0
BRDA:228,33,1,0
BRDA:240,34,0,0
BRDA:240,34,1,0
BRDA:240,35,0,0
BRDA:240,35,1,0
BRDA:240,35,2,0
BRDA:240,35,3,0
BRDA:240,35,4,0
BRDA:242,36,0,0
BRDA:242,36,1,0
BRDA:243,37,0,0
BRDA:243,37,1,0
BRDA:246,38,0,0
BRDA:246,38,1,0
BRDA:246,39,0,0
BRDA:246,39,1,0
BRDA:246,39,2,0
BRDA:252,40,0,0
BRDA:252,40,1,0
BRDA:252,41,0,0
BRDA:252,41,1,0
BRDA:252,41,2,0
BRDA:263,42,0,0
BRDA:263,42,1,0
BRDA:264,43,0,0
BRDA:264,43,1,0
BRDA:271,44,0,0
BRDA:271,44,1,0
BRDA:272,45,0,0
BRDA:272,45,1,0
BRDA:292,46,0,0
BRDA:292,46,1,0
BRDA:299,47,0,0
BRDA:299,47,1,0
BRDA:300,48,0,0
BRDA:300,48,1,0
BRDA:300,48,2,0
BRDA:300,48,3,0
BRDA:300,48,4,0
BRDA:300,48,5,0
BRDA:302,49,0,0
BRDA:302,49,1,0
BRDA:302,50,0,0
BRDA:302,50,1,0
BRDA:303,51,0,0
BRDA:303,51,1,0
BRF:113
BRH:0
end_of_record
TN:
SF:/home/daisycutter/github/nlesc/spot/src/widgets/views/scatter.js
FN:9,deinitChart
FN:16,initChart
FN:58,(anonymous_3)
FN:81,(anonymous_4)
FN:89,update
FN:100,(anonymous_6)
FN:112,(anonymous_7)
FN:119,(anonymous_8)
FN:126,(anonymous_9)
FN:143,(anonymous_10)
FN:158,(anonymous_11)
FN:166,(anonymous_12)
FN:194,(anonymous_13)
FN:198,(anonymous_14)
FN:202,(anonymous_15)
FNF:15
FNH:0
FNDA:0,deinitChart
FNDA:0,initChart
FNDA:0,(anonymous_3)
FNDA:0,(anonymous_4)
FNDA:0,update
FNDA:0,(anonymous_6)
FNDA:0,(anonymous_7)
FNDA:0,(anonymous_8)
FNDA:0,(anonymous_9)
FNDA:0,(anonymous_10)
FNDA:0,(anonymous_11)
FNDA:0,(anonymous_12)
FNDA:0,(anonymous_13)
FNDA:0,(anonymous_14)
FNDA:0,(anonymous_15)
DA:1,0
DA:2,0
DA:3,0
DA:4,0
DA:5,0
DA:6,0
DA:7,0
DA:9,0
DA:10,0
DA:11,0
DA:13,0
DA:16,0
DA:18,0
DA:20,0
DA:21,0
DA:22,0
DA:23,0
DA:26,0
DA:27,0
DA:29,0
DA:31,0
DA:32,0
DA:34,0
DA:36,0
DA:37,0
DA:39,0
DA:43,0
DA:44,0
DA:45,0
DA:46,0
DA:47,0
DA:48,0
DA:51,0
DA:52,0
DA:54,0
DA:55,0
DA:58,0
DA:59,0
DA:60,0
DA:62,0
DA:63,0
DA:65,0
DA:66,0
DA:68,0
DA:69,0
DA:73,0
DA:74,0
DA:77,0
DA:81,0
DA:83,0
DA:86,0
DA:89,0
DA:90,0
DA:91,0
DA:94,0
DA:96,0
DA:97,0
DA:98,0
DA:100,0
DA:101,0
DA:102,0
DA:104,0
DA:107,0
DA:108,0
DA:109,0
DA:110,0
DA:111,0
DA:112,0
DA:113,0
DA:114,0
DA:116,0
DA:119,0
DA:120,0
DA:121,0
DA:123,0
DA:126,0
DA:127,0
DA:128,0
DA:129,0
DA:130,0
DA:132,0
DA:137,0
DA:138,0
DA:143,0
DA:144,0
DA:148,0
DA:152,0
DA:154,0
DA:155,0
DA:156,0
DA:158,0
DA:159,0
DA:160,0
DA:162,0
DA:166,0
DA:167,0
DA:168,0
DA:169,0
DA:170,0
DA:172,0
DA:173,0
DA:185,0
DA:186,0
DA:187,0
DA:188,0
DA:191,0
DA:195,0
DA:199,0
DA:203,0
LF:109
LH:0
BRDA:10,1,0,0
BRDA:10,1,1,0
BRDA:26,2,0,0
BRDA:26,2,1,0
BRDA:31,3,0,0
BRDA:31,3,1,0
BRDA:36,4,0,0
BRDA:36,4,1,0
BRDA:90,5,0,0
BRDA:90,5,1,0
BRDA:101,6,0,0
BRDA:101,6,1,0
BRDA:102,7,0,0
BRDA:102,7,1,0
BRDA:111,8,0,0
BRDA:111,8,1,0
BRDA:113,9,0,0
BRDA:113,9,1,0
BRDA:113,10,0,0
BRDA:113,10,1,0
BRDA:116,11,0,0
BRDA:116,11,1,0
BRDA:120,12,0,0
BRDA:120,12,1,0
BRDA:120,13,0,0
BRDA:120,13,1,0
BRDA:123,14,0,0
BRDA:123,14,1,0
BRDA:127,15,0,0
BRDA:127,15,1,0
BRDA:128,16,0,0
BRDA:128,16,1,0
BRDA:159,17,0,0
BRDA:159,17,1,0
BRDA:159,18,0,0
BRDA:159,18,1,0
BRDA:159,18,2,0
BRDA:167,19,0,0
BRDA:167,19,1,0
BRDA:172,20,0,0
BRDA:172,20,1,0
BRDA:172,21,0,0
BRDA:172,21,1,0
BRDA:172,21,2,0
BRF:44
BRH:0
end_of_record
TN:
SF:/home/daisycutter/github/nlesc/spot/src/widgets/views/sigma.js
FN:12,deinitChart
FN:22,initChart
FN:48,testNode
FN:77,drawGraph
FN:86,(anonymous_5)
FN:95,(anonymous_6)
FN:121,update
FN:130,(anonymous_8)
FN:152,(anonymous_9)
FN:156,(anonymous_10)
FN:160,(anonymous_11)
FNF:11
FNH:0
FNDA:0,deinitChart
FNDA:0,initChart
FNDA:0,testNode
FNDA:0,drawGraph
FNDA:0,(anonymous_5)
FNDA:0,(anonymous_6)
FNDA:0,update
FNDA:0,(anonymous_8)
FNDA:0,(anonymous_9)
FNDA:0,(anonymous_10)
FNDA:0,(anonymous_11)
DA:1,0
DA:2,0
DA:3,0
DA:4,0
DA:8,0
DA:9,0
DA:10,0
DA:12,0
DA:13,0
DA:14,0
DA:15,0
DA:16,0
DA:18,0
DA:19,0
DA:22,0
DA:24,0
DA:27,0
DA:36,0
DA:39,0
DA:42,0
DA:44,0
DA:48,0
DA:49,0
DA:50,0
DA:51,0
DA:53,0
DA:55,0
DA:56,0
DA:57,0
DA:60,0
DA:61,0
DA:62,0
DA:65,0
DA:73,0
DA:77,0
DA:78,0
DA:79,0
DA:80,0
DA:81,0
DA:83,0
DA:84,0
DA:85,0
DA:86,0
DA:87,0
DA:90,0
DA:91,0
DA:95,0
DA:96,0
DA:97,0
DA:98,0
DA:100,0
DA:101,0
DA:102,0
DA:104,0
DA:109,0
DA:121,0
DA:122,0
DA:123,0
DA:127,0
DA:128,0
DA:129,0
DA:130,0
DA:131,0
DA:133,0
DA:136,0
DA:137,0
DA:139,0
DA:149,0
DA:153,0
DA:157,0
DA:161,0
LF:71
LH:0
BRDA:13,1,0,0
BRDA:13,1,1,0
BRDA:53,2,0,0
BRDA:53,2,1,0
BRDA:55,3,0,0
BRDA:55,3,1,0
BRDA:84,4,0,0
BRDA:84,4,1,0
BRDA:96,5,0,0
BRDA:96,5,1,0
BRDA:96,6,0,0
BRDA:96,6,1,0
BRDA:96,6,2,0
BRDA:100,7,0,0
BRDA:100,7,1,0
BRDA:101,8,0,0
BRDA:101,8,1,0
BRDA:122,9,0,0
BRDA:122,9,1,0
BRF:19
BRH:0
end_of_record
TN:
SF:/home/daisycutter/github/nlesc/spot/src/widgets/views/util.js
FN:10,partitionValueToIndex
FN:38,resizeChartjsData
FNF:2
FNH:0
FNDA:0,partitionValueToIndex
FNDA:0,resizeChartjsData
DA:1,0
DA:10,0
DA:11,0
DA:13,0
DA:15,0
DA:19,0
DA:21,0
DA:23,0
DA:26,0
DA:38,0
DA:39,0
DA:40,0
DA:42,0
DA:43,0
DA:44,0
DA:45,0
DA:47,0
DA:48,0
DA:49,0
DA:52,0
DA:53,0
DA:54,0
DA:58,0
DA:61,0
DA:62,0
DA:63,0
DA:66,0
DA:68,0
DA:71,0
DA:72,0
DA:73,0
DA:75,0
DA:76,0
DA:77,0
DA:81,0
DA:82,0
DA:83,0
DA:84,0
DA:86,0
DA:87,0
DA:93,0
DA:95,0
DA:96,0
DA:97,0
DA:98,0
DA:99,0
DA:103,0
DA:104,0
DA:105,0
DA:109,0
DA:110,0
DA:114,0
DA:115,0
DA:119,0
DA:120,0
DA:121,0
DA:122,0
DA:123,0
DA:126,0
DA:127,0
DA:128,0
DA:129,0
DA:130,0
DA:134,0
DA:135,0
DA:139,0
DA:140,0
DA:145,0
LF:68
LH:0
BRDA:13,1,0,0
BRDA:13,1,1,0
BRDA:21,2,0,0
BRDA:21,2,1,0
BRDA:39,3,0,0
BRDA:39,3,1,0
BRDA:40,4,0,0
BRDA:40,4,1,0
BRDA:42,5,0,0
BRDA:42,5,1,0
BRDA:43,6,0,0
BRDA:43,6,1,0
BRDA:44,7,0,0
BRDA:44,7,1,0
BRDA:45,8,0,0
BRDA:45,8,1,0
BRDA:52,9,0,0
BRDA:52,9,1,0
BRDA:52,10,0,0
BRDA:52,10,1,0
BRDA:52,10,2,0
BRDA:58,11,0,0
BRDA:58,11,1,0
BRDA:62,12,0,0
BRDA:62,12,1,0
BRDA:68,13,0,0
BRDA:68,13,1,0
BRDA:72,14,0,0
BRDA:72,14,1,0
BRDA:76,15,0,0
BRDA:76,15,1,0
BRDA:82,16,0,0
BRDA:82,16,1,0
BRDA:95,17,0,0
BRDA:95,17,1,0
BRDA:109,18,0,0
BRDA:109,18,1,0
BRDA:114,19,0,0
BRDA:114,19,1,0
BRDA:126,20,0,0
BRDA:126,20,1,0
BRDA:139,21,0,0
BRDA:139,21,1,0
BRF:43
BRH:0
end_of_record
TN:
SF:/home/daisycutter/github/nlesc/spot/src/widgets2/AbstractChart/model.js
FNF:0
FNH:0
DA:1,0
LF:1
LH:0
BRF:0
BRH:0
end_of_record
TN:
SF:/home/daisycutter/github/nlesc/spot/src/widgets2/AbstractChart/view.js
FNF:0
FNH:0
DA:1,0
LF:1
LH:0
BRF:0
BRH:0
end_of_record
TN:
SF:/home/daisycutter/github/nlesc/spot/src/widgets2/BarChart/index.js
FN:4,(anonymous_1)
FNF:1
FNH:0
FNDA:0,(anonymous_1)
DA:1,0
DA:2,0
DA:4,0
DA:5,0
LF:4
LH:0
BRF:0
BRH:0
end_of_record
TN:
SF:/home/daisycutter/github/nlesc/spot/src/widgets2/BarChart/model.js
FN:1,(anonymous_1)
FN:3,(anonymous_2)
FNF:2
FNH:0
FNDA:0,(anonymous_1)
FNDA:0,(anonymous_2)
DA:1,0
DA:2,0
DA:3,0
DA:4,0
DA:6,0
LF:5
LH:0
BRF:0
BRH:0
end_of_record
TN:
SF:/home/daisycutter/github/nlesc/spot/src/widgets2/BarChart/view.js
FNF:0
FNH:0
DA:1,0
LF:1
LH:0
BRF:0
BRH:0
end_of_record
TN:
SF:/home/daisycutter/github/nlesc/spot/src/widgets2/index.js
FNF:0
FNH:0
DA:1,0
DA:2,0
DA:4,0
LF:3
LH:0
BRF:0
BRH:0
end_of_record
TN:
SF:/home/daisycutter/github/nlesc/spot/src/widgets2/LineChart/index.js
FN:4,(anonymous_1)
FNF:1
FNH:0
FNDA:0,(anonymous_1)
DA:1,0
DA:2,0
DA:4,0
DA:5,0
LF:4
LH:0
BRF:0
BRH:0
end_of_record
TN:
SF:/home/daisycutter/github/nlesc/spot/src/widgets2/LineChart/model.js
FN:1,(anonymous_1)
FN:2,(anonymous_2)
FNF:2
FNH:0
FNDA:0,(anonymous_1)
FNDA:0,(anonymous_2)
DA:1,0
DA:2,0
DA:3,0
DA:5,0
LF:4
LH:0
BRF:0
BRH:0
end_of_record
TN:
SF:/home/daisycutter/github/nlesc/spot/src/widgets2/LineChart/view.js
FNF:0
FNH:0
DA:1,0
LF:1
LH:0
BRF:0
BRH:0
end_of_record
